--------------- Build Started: 08/21/2015 12:58:40 Project: PulseGenerator, Configuration: ARM GCC 4.8.4 Debug ---------------
cydsfit.exe -.appdatapath "C:\Users\Dana\AppData\Local\Cypress Semiconductor\PSoC Creator\3.2" -.fdsnotice -.fdswarpdepfile=warp_dependencies.txt -.fdselabdepfile=elab_dependencies.txt -.fdsbldfile=generated_files.txt -p "C:\Users\Dana\Documents\PSoC Creator\Design93\PulseGenerator.cydsn\PulseGenerator.cyprj" -d CY8C5868AXI-LP035 -s "C:\Users\Dana\Documents\PSoC Creator\Design93\PulseGenerator.cydsn\Generated_Source\PSoC5" -- -yv2 -q10 -ygs -o2 -v3 -.fftcfgtype=LE
Elaborating Design...
HDL Generation ...
Synthesis ...
Place and Route ...
Tech mapping ...
Analog Placement ...
Analog Routing ...
Analog Code Generation ...
Digital Placement ...
Digital Routing ...
Bitstream Generation ...
Static timing analysis ...
API Generation ...
Dependency Generation ...
Clean Temporary Files ...
arm-none-eabi-gcc.exe -mcpu=cortex-m3 -mthumb -Wno-main -I. -IGenerated_Source\PSoC5 -Wa,-alh=.\CortexM3\ARM_GCC_484\Debug/cyfitter_cfg.lst -g -D DEBUG -Wall -ffunction-sections -Og -c .\Generated_Source\PSoC5\cyfitter_cfg.c -o .\CortexM3\ARM_GCC_484\Debug\cyfitter_cfg.o
arm-none-eabi-gcc.exe -mcpu=cortex-m3 -mthumb -Wno-main -I. -IGenerated_Source\PSoC5 -Wa,-alh=.\CortexM3\ARM_GCC_484\Debug/cymetadata.lst -g -D DEBUG -Wall -ffunction-sections -Og -c .\Generated_Source\PSoC5\cymetadata.c -o .\CortexM3\ARM_GCC_484\Debug\cymetadata.o
arm-none-eabi-ar.exe -rs .\CortexM3\ARM_GCC_484\Debug\PulseGenerator.a .\CortexM3\ARM_GCC_484\Debug\cyfitter_cfg.o .\CortexM3\ARM_GCC_484\Debug\Clock_1.o .\CortexM3\ARM_GCC_484\Debug\TrigPulseTrain.o .\CortexM3\ARM_GCC_484\Debug\TrigPulseTrain_PM.o .\CortexM3\ARM_GCC_484\Debug\CyBootAsmGnu.o .\CortexM3\ARM_GCC_484\Debug\CyDmac.o .\CortexM3\ARM_GCC_484\Debug\CyFlash.o .\CortexM3\ARM_GCC_484\Debug\CyLib.o .\CortexM3\ARM_GCC_484\Debug\cyPm.o .\CortexM3\ARM_GCC_484\Debug\CySpc.o .\CortexM3\ARM_GCC_484\Debug\cyutils.o .\CortexM3\ARM_GCC_484\Debug\TRIGout.o .\CortexM3\ARM_GCC_484\Debug\PulseTrainOut.o .\CortexM3\ARM_GCC_484\Debug\Tc.o .\CortexM3\ARM_GCC_484\Debug\Timer1.o .\CortexM3\ARM_GCC_484\Debug\Timer1_PM.o .\CortexM3\ARM_GCC_484\Debug\Dout.o
arm-none-eabi-ar.exe: creating .\CortexM3\ARM_GCC_484\Debug\PulseGenerator.a
arm-none-eabi-gcc.exe -Wl,--start-group -o .\CortexM3\ARM_GCC_484\Debug\PulseGenerator.elf .\CortexM3\ARM_GCC_484\Debug\main.o .\CortexM3\ARM_GCC_484\Debug\cymetadata.o .\CortexM3\ARM_GCC_484\Debug\Cm3Start.o .\CortexM3\ARM_GCC_484\Debug\PulseGenerator.a "C:\Program Files (x86)\Cypress\PSoC Creator\3.2\PSoC Creator\psoc\content\cycomponentlibrary\CyComponentLibrary.cylib\CortexM3\ARM_GCC_484\Debug\CyComponentLibrary.a" -mcpu=cortex-m3 -mthumb -g -ffunction-sections -Og -Wl,-Map,.\CortexM3\ARM_GCC_484\Debug/PulseGenerator.map -T Generated_Source\PSoC5\cm3gcc.ld -specs=nano.specs -Wl,--gc-sections -Wl,--end-group
cyelftool.exe -C "C:\Users\Dana\Documents\PSoC Creator\Design93\PulseGenerator.cydsn\CortexM3\ARM_GCC_484\Debug\PulseGenerator.elf" --flash_row_size 256 --flash_size 262144
cyelftool.exe -S "C:\Users\Dana\Documents\PSoC Creator\Design93\PulseGenerator.cydsn\CortexM3\ARM_GCC_484\Debug\PulseGenerator.elf"
Flash used: 1280 of 262144 bytes (0.5 %).
SRAM used: 2493 of 65536 bytes (3.8 %). Stack: 2048 bytes. Heap: 128 bytes.
--------------- Build Succeeded: 08/21/2015 12:59:32 ---------------
