ARM GAS  C:\Users\Dana\AppData\Local\Temp\ccEIk07L.s 			page 1


   1              		.syntax unified
   2              		.cpu cortex-m3
   3              		.fpu softvfp
   4              		.eabi_attribute 20, 1
   5              		.eabi_attribute 21, 1
   6              		.eabi_attribute 23, 3
   7              		.eabi_attribute 24, 1
   8              		.eabi_attribute 25, 1
   9              		.eabi_attribute 26, 1
  10              		.eabi_attribute 30, 1
  11              		.eabi_attribute 34, 1
  12              		.eabi_attribute 18, 4
  13              		.thumb
  14              		.file	"main.c"
  15              		.text
  16              	.Ltext0:
  17              		.cfi_sections	.debug_frame
  18              		.section	.text.main,"ax",%progbits
  19              		.align	2
  20              		.global	main
  21              		.thumb
  22              		.thumb_func
  23              		.type	main, %function
  24              	main:
  25              	.LFB63:
  26              		.file 1 ".\\main.c"
   1:.\main.c      **** /* ========================================
   2:.\main.c      ****  *
   3:.\main.c      ****  * Copyright YOUR COMPANY, THE YEAR
   4:.\main.c      ****  * All Rights Reserved
   5:.\main.c      ****  * UNPUBLISHED, LICENSED SOFTWARE.
   6:.\main.c      ****  *
   7:.\main.c      ****  * CONFIDENTIAL AND PROPRIETARY INFORMATION
   8:.\main.c      ****  * WHICH IS THE PROPERTY OF your company.
   9:.\main.c      ****  *
  10:.\main.c      ****  * ========================================
  11:.\main.c      **** */
  12:.\main.c      **** #include <project.h>
  13:.\main.c      **** 
  14:.\main.c      **** int main()
  15:.\main.c      **** {
  27              		.loc 1 15 0
  28              		.cfi_startproc
  29              		@ Volatile: function does not return.
  30              		@ args = 0, pretend = 0, frame = 0
  31              		@ frame_needed = 0, uses_anonymous_args = 0
  32 0000 08B5     		push	{r3, lr}
  33              		.cfi_def_cfa_offset 8
  34              		.cfi_offset 3, -8
  35              		.cfi_offset 14, -4
  16:.\main.c      ****     CyGlobalIntEnable; /* Enable global interrupts. */
  36              		.loc 1 16 0
  37              	@ 16 ".\main.c" 1
  38 0002 62B6     		CPSIE   i
  39              	@ 0 "" 2
  17:.\main.c      **** 
  18:.\main.c      ****     /* Place your initialization/startup code here (e.g. MyInst_Start()) */
ARM GAS  C:\Users\Dana\AppData\Local\Temp\ccEIk07L.s 			page 2


  19:.\main.c      ****     
  20:.\main.c      **** //    Counter1_Start( );
  21:.\main.c      **** //    PWM1_Start( );
  22:.\main.c      ****     Timer1_Start( );
  40              		.loc 1 22 0
  41              		.thumb
  42 0004 FFF7FEFF 		bl	Timer1_Start
  43              	.LVL0:
  23:.\main.c      **** 
  24:.\main.c      ****     for(;;)
  25:.\main.c      ****     {
  26:.\main.c      ****         /* Place your application code here. */
  27:.\main.c      ****         
  28:.\main.c      ****         
  29:.\main.c      ****         TrigPulseTrain_Write( 1 );                  // Reset counter, trigger another burst
  44              		.loc 1 29 0
  45 0008 0125     		movs	r5, #1
  30:.\main.c      ****         CyDelayUs( 100 );                           // Delay for 100 uS
  46              		.loc 1 30 0
  47 000a 6424     		movs	r4, #100
  48              	.L2:
  29:.\main.c      ****         TrigPulseTrain_Write( 1 );                  // Reset counter, trigger another burst
  49              		.loc 1 29 0 discriminator 1
  50 000c 2846     		mov	r0, r5
  51 000e FFF7FEFF 		bl	TrigPulseTrain_Write
  52              	.LVL1:
  53              		.loc 1 30 0 discriminator 1
  54 0012 2046     		mov	r0, r4
  55 0014 FFF7FEFF 		bl	CyDelayUs
  56              	.LVL2:
  57 0018 F8E7     		b	.L2
  58              		.cfi_endproc
  59              	.LFE63:
  60              		.size	main, .-main
  61 001a 00BF     		.text
  62              	.Letext0:
  63              		.file 2 "c:\\program files (x86)\\cypress\\psoc creator\\3.2\\psoc creator\\import\\gnu\\arm\\4.8.
  64              		.file 3 "c:\\program files (x86)\\cypress\\psoc creator\\3.2\\psoc creator\\import\\gnu\\arm\\4.8.
  65              		.file 4 "Generated_Source\\PSoC5/cytypes.h"
  66              		.file 5 "Generated_Source\\PSoC5/core_cm3.h"
  67              		.file 6 "Generated_Source\\PSoC5/Timer1.h"
  68              		.file 7 "Generated_Source\\PSoC5/TrigPulseTrain.h"
  69              		.file 8 "Generated_Source\\PSoC5/CyLib.h"
  70              		.section	.debug_info,"",%progbits
  71              	.Ldebug_info0:
  72 0000 2D010000 		.4byte	0x12d
  73 0004 0400     		.2byte	0x4
  74 0006 00000000 		.4byte	.Ldebug_abbrev0
  75 000a 04       		.byte	0x4
  76 000b 01       		.uleb128 0x1
  77 000c C6000000 		.4byte	.LASF17
  78 0010 01       		.byte	0x1
  79 0011 98000000 		.4byte	.LASF18
  80 0015 3D000000 		.4byte	.LASF19
  81 0019 00000000 		.4byte	.Ldebug_ranges0+0
  82 001d 00000000 		.4byte	0
  83 0021 00000000 		.4byte	.Ldebug_line0
ARM GAS  C:\Users\Dana\AppData\Local\Temp\ccEIk07L.s 			page 3


  84 0025 02       		.uleb128 0x2
  85 0026 01       		.byte	0x1
  86 0027 06       		.byte	0x6
  87 0028 71010000 		.4byte	.LASF0
  88 002c 02       		.uleb128 0x2
  89 002d 01       		.byte	0x1
  90 002e 08       		.byte	0x8
  91 002f B8000000 		.4byte	.LASF1
  92 0033 02       		.uleb128 0x2
  93 0034 02       		.byte	0x2
  94 0035 05       		.byte	0x5
  95 0036 8D010000 		.4byte	.LASF2
  96 003a 02       		.uleb128 0x2
  97 003b 02       		.byte	0x2
  98 003c 07       		.byte	0x7
  99 003d 0E000000 		.4byte	.LASF3
 100 0041 03       		.uleb128 0x3
 101 0042 7D010000 		.4byte	.LASF9
 102 0046 02       		.byte	0x2
 103 0047 37       		.byte	0x37
 104 0048 4C000000 		.4byte	0x4c
 105 004c 02       		.uleb128 0x2
 106 004d 04       		.byte	0x4
 107 004e 05       		.byte	0x5
 108 004f 47010000 		.4byte	.LASF4
 109 0053 02       		.uleb128 0x2
 110 0054 04       		.byte	0x4
 111 0055 07       		.byte	0x7
 112 0056 86000000 		.4byte	.LASF5
 113 005a 02       		.uleb128 0x2
 114 005b 08       		.byte	0x8
 115 005c 05       		.byte	0x5
 116 005d 00000000 		.4byte	.LASF6
 117 0061 02       		.uleb128 0x2
 118 0062 08       		.byte	0x8
 119 0063 07       		.byte	0x7
 120 0064 A1000000 		.4byte	.LASF7
 121 0068 04       		.uleb128 0x4
 122 0069 04       		.byte	0x4
 123 006a 05       		.byte	0x5
 124 006b 696E7400 		.ascii	"int\000"
 125 006f 02       		.uleb128 0x2
 126 0070 04       		.byte	0x4
 127 0071 07       		.byte	0x7
 128 0072 21000000 		.4byte	.LASF8
 129 0076 03       		.uleb128 0x3
 130 0077 9E010000 		.4byte	.LASF10
 131 007b 03       		.byte	0x3
 132 007c 41       		.byte	0x41
 133 007d 41000000 		.4byte	0x41
 134 0081 03       		.uleb128 0x3
 135 0082 80000000 		.4byte	.LASF11
 136 0086 04       		.byte	0x4
 137 0087 B4       		.byte	0xb4
 138 0088 2C000000 		.4byte	0x2c
 139 008c 03       		.uleb128 0x3
 140 008d 97010000 		.4byte	.LASF12
ARM GAS  C:\Users\Dana\AppData\Local\Temp\ccEIk07L.s 			page 4


 141 0091 04       		.byte	0x4
 142 0092 B5       		.byte	0xb5
 143 0093 3A000000 		.4byte	0x3a
 144 0097 02       		.uleb128 0x2
 145 0098 04       		.byte	0x4
 146 0099 04       		.byte	0x4
 147 009a 87010000 		.4byte	.LASF13
 148 009e 02       		.uleb128 0x2
 149 009f 08       		.byte	0x8
 150 00a0 04       		.byte	0x4
 151 00a1 50010000 		.4byte	.LASF14
 152 00a5 02       		.uleb128 0x2
 153 00a6 01       		.byte	0x1
 154 00a7 08       		.byte	0x8
 155 00a8 42010000 		.4byte	.LASF15
 156 00ac 02       		.uleb128 0x2
 157 00ad 04       		.byte	0x4
 158 00ae 07       		.byte	0x7
 159 00af A6010000 		.4byte	.LASF16
 160 00b3 05       		.uleb128 0x5
 161 00b4 2E000000 		.4byte	.LASF20
 162 00b8 01       		.byte	0x1
 163 00b9 0E       		.byte	0xe
 164 00ba 68000000 		.4byte	0x68
 165 00be 00000000 		.4byte	.LFB63
 166 00c2 1A000000 		.4byte	.LFE63-.LFB63
 167 00c6 01       		.uleb128 0x1
 168 00c7 9C       		.byte	0x9c
 169 00c8 FA000000 		.4byte	0xfa
 170 00cc 06       		.uleb128 0x6
 171 00cd 08000000 		.4byte	.LVL0
 172 00d1 0B010000 		.4byte	0x10b
 173 00d5 07       		.uleb128 0x7
 174 00d6 12000000 		.4byte	.LVL1
 175 00da 12010000 		.4byte	0x112
 176 00de E9000000 		.4byte	0xe9
 177 00e2 08       		.uleb128 0x8
 178 00e3 01       		.uleb128 0x1
 179 00e4 50       		.byte	0x50
 180 00e5 02       		.uleb128 0x2
 181 00e6 75       		.byte	0x75
 182 00e7 00       		.sleb128 0
 183 00e8 00       		.byte	0
 184 00e9 09       		.uleb128 0x9
 185 00ea 18000000 		.4byte	.LVL2
 186 00ee 23010000 		.4byte	0x123
 187 00f2 08       		.uleb128 0x8
 188 00f3 01       		.uleb128 0x1
 189 00f4 50       		.byte	0x50
 190 00f5 02       		.uleb128 0x2
 191 00f6 74       		.byte	0x74
 192 00f7 00       		.sleb128 0
 193 00f8 00       		.byte	0
 194 00f9 00       		.byte	0
 195 00fa 0A       		.uleb128 0xa
 196 00fb 64010000 		.4byte	.LASF21
 197 00ff 05       		.byte	0x5
ARM GAS  C:\Users\Dana\AppData\Local\Temp\ccEIk07L.s 			page 5


 198 0100 2A06     		.2byte	0x62a
 199 0102 06010000 		.4byte	0x106
 200 0106 0B       		.uleb128 0xb
 201 0107 76000000 		.4byte	0x76
 202 010b 0C       		.uleb128 0xc
 203 010c 57010000 		.4byte	.LASF22
 204 0110 06       		.byte	0x6
 205 0111 5A       		.byte	0x5a
 206 0112 0D       		.uleb128 0xd
 207 0113 AF010000 		.4byte	.LASF23
 208 0117 07       		.byte	0x7
 209 0118 27       		.byte	0x27
 210 0119 23010000 		.4byte	0x123
 211 011d 0E       		.uleb128 0xe
 212 011e 81000000 		.4byte	0x81
 213 0122 00       		.byte	0
 214 0123 0F       		.uleb128 0xf
 215 0124 33000000 		.4byte	.LASF24
 216 0128 08       		.byte	0x8
 217 0129 78       		.byte	0x78
 218 012a 0E       		.uleb128 0xe
 219 012b 8C000000 		.4byte	0x8c
 220 012f 00       		.byte	0
 221 0130 00       		.byte	0
 222              		.section	.debug_abbrev,"",%progbits
 223              	.Ldebug_abbrev0:
 224 0000 01       		.uleb128 0x1
 225 0001 11       		.uleb128 0x11
 226 0002 01       		.byte	0x1
 227 0003 25       		.uleb128 0x25
 228 0004 0E       		.uleb128 0xe
 229 0005 13       		.uleb128 0x13
 230 0006 0B       		.uleb128 0xb
 231 0007 03       		.uleb128 0x3
 232 0008 0E       		.uleb128 0xe
 233 0009 1B       		.uleb128 0x1b
 234 000a 0E       		.uleb128 0xe
 235 000b 55       		.uleb128 0x55
 236 000c 17       		.uleb128 0x17
 237 000d 11       		.uleb128 0x11
 238 000e 01       		.uleb128 0x1
 239 000f 10       		.uleb128 0x10
 240 0010 17       		.uleb128 0x17
 241 0011 00       		.byte	0
 242 0012 00       		.byte	0
 243 0013 02       		.uleb128 0x2
 244 0014 24       		.uleb128 0x24
 245 0015 00       		.byte	0
 246 0016 0B       		.uleb128 0xb
 247 0017 0B       		.uleb128 0xb
 248 0018 3E       		.uleb128 0x3e
 249 0019 0B       		.uleb128 0xb
 250 001a 03       		.uleb128 0x3
 251 001b 0E       		.uleb128 0xe
 252 001c 00       		.byte	0
 253 001d 00       		.byte	0
 254 001e 03       		.uleb128 0x3
ARM GAS  C:\Users\Dana\AppData\Local\Temp\ccEIk07L.s 			page 6


 255 001f 16       		.uleb128 0x16
 256 0020 00       		.byte	0
 257 0021 03       		.uleb128 0x3
 258 0022 0E       		.uleb128 0xe
 259 0023 3A       		.uleb128 0x3a
 260 0024 0B       		.uleb128 0xb
 261 0025 3B       		.uleb128 0x3b
 262 0026 0B       		.uleb128 0xb
 263 0027 49       		.uleb128 0x49
 264 0028 13       		.uleb128 0x13
 265 0029 00       		.byte	0
 266 002a 00       		.byte	0
 267 002b 04       		.uleb128 0x4
 268 002c 24       		.uleb128 0x24
 269 002d 00       		.byte	0
 270 002e 0B       		.uleb128 0xb
 271 002f 0B       		.uleb128 0xb
 272 0030 3E       		.uleb128 0x3e
 273 0031 0B       		.uleb128 0xb
 274 0032 03       		.uleb128 0x3
 275 0033 08       		.uleb128 0x8
 276 0034 00       		.byte	0
 277 0035 00       		.byte	0
 278 0036 05       		.uleb128 0x5
 279 0037 2E       		.uleb128 0x2e
 280 0038 01       		.byte	0x1
 281 0039 3F       		.uleb128 0x3f
 282 003a 19       		.uleb128 0x19
 283 003b 03       		.uleb128 0x3
 284 003c 0E       		.uleb128 0xe
 285 003d 3A       		.uleb128 0x3a
 286 003e 0B       		.uleb128 0xb
 287 003f 3B       		.uleb128 0x3b
 288 0040 0B       		.uleb128 0xb
 289 0041 49       		.uleb128 0x49
 290 0042 13       		.uleb128 0x13
 291 0043 11       		.uleb128 0x11
 292 0044 01       		.uleb128 0x1
 293 0045 12       		.uleb128 0x12
 294 0046 06       		.uleb128 0x6
 295 0047 40       		.uleb128 0x40
 296 0048 18       		.uleb128 0x18
 297 0049 9742     		.uleb128 0x2117
 298 004b 19       		.uleb128 0x19
 299 004c 01       		.uleb128 0x1
 300 004d 13       		.uleb128 0x13
 301 004e 00       		.byte	0
 302 004f 00       		.byte	0
 303 0050 06       		.uleb128 0x6
 304 0051 898201   		.uleb128 0x4109
 305 0054 00       		.byte	0
 306 0055 11       		.uleb128 0x11
 307 0056 01       		.uleb128 0x1
 308 0057 31       		.uleb128 0x31
 309 0058 13       		.uleb128 0x13
 310 0059 00       		.byte	0
 311 005a 00       		.byte	0
ARM GAS  C:\Users\Dana\AppData\Local\Temp\ccEIk07L.s 			page 7


 312 005b 07       		.uleb128 0x7
 313 005c 898201   		.uleb128 0x4109
 314 005f 01       		.byte	0x1
 315 0060 11       		.uleb128 0x11
 316 0061 01       		.uleb128 0x1
 317 0062 31       		.uleb128 0x31
 318 0063 13       		.uleb128 0x13
 319 0064 01       		.uleb128 0x1
 320 0065 13       		.uleb128 0x13
 321 0066 00       		.byte	0
 322 0067 00       		.byte	0
 323 0068 08       		.uleb128 0x8
 324 0069 8A8201   		.uleb128 0x410a
 325 006c 00       		.byte	0
 326 006d 02       		.uleb128 0x2
 327 006e 18       		.uleb128 0x18
 328 006f 9142     		.uleb128 0x2111
 329 0071 18       		.uleb128 0x18
 330 0072 00       		.byte	0
 331 0073 00       		.byte	0
 332 0074 09       		.uleb128 0x9
 333 0075 898201   		.uleb128 0x4109
 334 0078 01       		.byte	0x1
 335 0079 11       		.uleb128 0x11
 336 007a 01       		.uleb128 0x1
 337 007b 31       		.uleb128 0x31
 338 007c 13       		.uleb128 0x13
 339 007d 00       		.byte	0
 340 007e 00       		.byte	0
 341 007f 0A       		.uleb128 0xa
 342 0080 34       		.uleb128 0x34
 343 0081 00       		.byte	0
 344 0082 03       		.uleb128 0x3
 345 0083 0E       		.uleb128 0xe
 346 0084 3A       		.uleb128 0x3a
 347 0085 0B       		.uleb128 0xb
 348 0086 3B       		.uleb128 0x3b
 349 0087 05       		.uleb128 0x5
 350 0088 49       		.uleb128 0x49
 351 0089 13       		.uleb128 0x13
 352 008a 3F       		.uleb128 0x3f
 353 008b 19       		.uleb128 0x19
 354 008c 3C       		.uleb128 0x3c
 355 008d 19       		.uleb128 0x19
 356 008e 00       		.byte	0
 357 008f 00       		.byte	0
 358 0090 0B       		.uleb128 0xb
 359 0091 35       		.uleb128 0x35
 360 0092 00       		.byte	0
 361 0093 49       		.uleb128 0x49
 362 0094 13       		.uleb128 0x13
 363 0095 00       		.byte	0
 364 0096 00       		.byte	0
 365 0097 0C       		.uleb128 0xc
 366 0098 2E       		.uleb128 0x2e
 367 0099 00       		.byte	0
 368 009a 3F       		.uleb128 0x3f
ARM GAS  C:\Users\Dana\AppData\Local\Temp\ccEIk07L.s 			page 8


 369 009b 19       		.uleb128 0x19
 370 009c 03       		.uleb128 0x3
 371 009d 0E       		.uleb128 0xe
 372 009e 3A       		.uleb128 0x3a
 373 009f 0B       		.uleb128 0xb
 374 00a0 3B       		.uleb128 0x3b
 375 00a1 0B       		.uleb128 0xb
 376 00a2 27       		.uleb128 0x27
 377 00a3 19       		.uleb128 0x19
 378 00a4 3C       		.uleb128 0x3c
 379 00a5 19       		.uleb128 0x19
 380 00a6 00       		.byte	0
 381 00a7 00       		.byte	0
 382 00a8 0D       		.uleb128 0xd
 383 00a9 2E       		.uleb128 0x2e
 384 00aa 01       		.byte	0x1
 385 00ab 3F       		.uleb128 0x3f
 386 00ac 19       		.uleb128 0x19
 387 00ad 03       		.uleb128 0x3
 388 00ae 0E       		.uleb128 0xe
 389 00af 3A       		.uleb128 0x3a
 390 00b0 0B       		.uleb128 0xb
 391 00b1 3B       		.uleb128 0x3b
 392 00b2 0B       		.uleb128 0xb
 393 00b3 27       		.uleb128 0x27
 394 00b4 19       		.uleb128 0x19
 395 00b5 3C       		.uleb128 0x3c
 396 00b6 19       		.uleb128 0x19
 397 00b7 01       		.uleb128 0x1
 398 00b8 13       		.uleb128 0x13
 399 00b9 00       		.byte	0
 400 00ba 00       		.byte	0
 401 00bb 0E       		.uleb128 0xe
 402 00bc 05       		.uleb128 0x5
 403 00bd 00       		.byte	0
 404 00be 49       		.uleb128 0x49
 405 00bf 13       		.uleb128 0x13
 406 00c0 00       		.byte	0
 407 00c1 00       		.byte	0
 408 00c2 0F       		.uleb128 0xf
 409 00c3 2E       		.uleb128 0x2e
 410 00c4 01       		.byte	0x1
 411 00c5 3F       		.uleb128 0x3f
 412 00c6 19       		.uleb128 0x19
 413 00c7 03       		.uleb128 0x3
 414 00c8 0E       		.uleb128 0xe
 415 00c9 3A       		.uleb128 0x3a
 416 00ca 0B       		.uleb128 0xb
 417 00cb 3B       		.uleb128 0x3b
 418 00cc 0B       		.uleb128 0xb
 419 00cd 27       		.uleb128 0x27
 420 00ce 19       		.uleb128 0x19
 421 00cf 3C       		.uleb128 0x3c
 422 00d0 19       		.uleb128 0x19
 423 00d1 00       		.byte	0
 424 00d2 00       		.byte	0
 425 00d3 00       		.byte	0
ARM GAS  C:\Users\Dana\AppData\Local\Temp\ccEIk07L.s 			page 9


 426              		.section	.debug_aranges,"",%progbits
 427 0000 1C000000 		.4byte	0x1c
 428 0004 0200     		.2byte	0x2
 429 0006 00000000 		.4byte	.Ldebug_info0
 430 000a 04       		.byte	0x4
 431 000b 00       		.byte	0
 432 000c 0000     		.2byte	0
 433 000e 0000     		.2byte	0
 434 0010 00000000 		.4byte	.LFB63
 435 0014 1A000000 		.4byte	.LFE63-.LFB63
 436 0018 00000000 		.4byte	0
 437 001c 00000000 		.4byte	0
 438              		.section	.debug_ranges,"",%progbits
 439              	.Ldebug_ranges0:
 440 0000 00000000 		.4byte	.LFB63
 441 0004 1A000000 		.4byte	.LFE63
 442 0008 00000000 		.4byte	0
 443 000c 00000000 		.4byte	0
 444              		.section	.debug_line,"",%progbits
 445              	.Ldebug_line0:
 446 0000 97010000 		.section	.debug_str,"MS",%progbits,1
 446      02007401 
 446      00000201 
 446      FB0E0D00 
 446      01010101 
 447              	.LASF6:
 448 0000 6C6F6E67 		.ascii	"long long int\000"
 448      206C6F6E 
 448      6720696E 
 448      7400
 449              	.LASF3:
 450 000e 73686F72 		.ascii	"short unsigned int\000"
 450      7420756E 
 450      7369676E 
 450      65642069 
 450      6E7400
 451              	.LASF8:
 452 0021 756E7369 		.ascii	"unsigned int\000"
 452      676E6564 
 452      20696E74 
 452      00
 453              	.LASF20:
 454 002e 6D61696E 		.ascii	"main\000"
 454      00
 455              	.LASF24:
 456 0033 43794465 		.ascii	"CyDelayUs\000"
 456      6C617955 
 456      7300
 457              	.LASF19:
 458 003d 433A5C55 		.ascii	"C:\\Users\\Dana\\Documents\\PSoC Creator\\Design93\\"
 458      73657273 
 458      5C44616E 
 458      615C446F 
 458      63756D65 
 459 006b 50756C73 		.ascii	"PulseGenerator.cydsn\000"
 459      6547656E 
 459      65726174 
ARM GAS  C:\Users\Dana\AppData\Local\Temp\ccEIk07L.s 			page 10


 459      6F722E63 
 459      7964736E 
 460              	.LASF11:
 461 0080 75696E74 		.ascii	"uint8\000"
 461      3800
 462              	.LASF5:
 463 0086 6C6F6E67 		.ascii	"long unsigned int\000"
 463      20756E73 
 463      69676E65 
 463      6420696E 
 463      7400
 464              	.LASF18:
 465 0098 2E5C6D61 		.ascii	".\\main.c\000"
 465      696E2E63 
 465      00
 466              	.LASF7:
 467 00a1 6C6F6E67 		.ascii	"long long unsigned int\000"
 467      206C6F6E 
 467      6720756E 
 467      7369676E 
 467      65642069 
 468              	.LASF1:
 469 00b8 756E7369 		.ascii	"unsigned char\000"
 469      676E6564 
 469      20636861 
 469      7200
 470              	.LASF17:
 471 00c6 474E5520 		.ascii	"GNU C 4.8.4 20140526 (release) [ARM/embedded-4_8-br"
 471      4320342E 
 471      382E3420 
 471      32303134 
 471      30353236 
 472 00f9 616E6368 		.ascii	"anch revision 211358] -mcpu=cortex-m3 -mthumb -g -O"
 472      20726576 
 472      6973696F 
 472      6E203231 
 472      31333538 
 473 012c 67202D66 		.ascii	"g -ffunction-sections\000"
 473      66756E63 
 473      74696F6E 
 473      2D736563 
 473      74696F6E 
 474              	.LASF15:
 475 0142 63686172 		.ascii	"char\000"
 475      00
 476              	.LASF4:
 477 0147 6C6F6E67 		.ascii	"long int\000"
 477      20696E74 
 477      00
 478              	.LASF14:
 479 0150 646F7562 		.ascii	"double\000"
 479      6C6500
 480              	.LASF22:
 481 0157 54696D65 		.ascii	"Timer1_Start\000"
 481      72315F53 
 481      74617274 
 481      00
ARM GAS  C:\Users\Dana\AppData\Local\Temp\ccEIk07L.s 			page 11


 482              	.LASF21:
 483 0164 49544D5F 		.ascii	"ITM_RxBuffer\000"
 483      52784275 
 483      66666572 
 483      00
 484              	.LASF0:
 485 0171 7369676E 		.ascii	"signed char\000"
 485      65642063 
 485      68617200 
 486              	.LASF9:
 487 017d 5F5F696E 		.ascii	"__int32_t\000"
 487      7433325F 
 487      7400
 488              	.LASF13:
 489 0187 666C6F61 		.ascii	"float\000"
 489      7400
 490              	.LASF2:
 491 018d 73686F72 		.ascii	"short int\000"
 491      7420696E 
 491      7400
 492              	.LASF12:
 493 0197 75696E74 		.ascii	"uint16\000"
 493      313600
 494              	.LASF10:
 495 019e 696E7433 		.ascii	"int32_t\000"
 495      325F7400 
 496              	.LASF16:
 497 01a6 73697A65 		.ascii	"sizetype\000"
 497      74797065 
 497      00
 498              	.LASF23:
 499 01af 54726967 		.ascii	"TrigPulseTrain_Write\000"
 499      50756C73 
 499      65547261 
 499      696E5F57 
 499      72697465 
 500              		.ident	"GCC: (GNU Tools for ARM Embedded Processors) 4.8.4 20140526 (release) [ARM/embedded-4_8-br
