ARM GAS  C:\Users\Dana\AppData\Local\Temp\ccmE24EF.s 			page 1


   1              		.syntax unified
   2              		.cpu cortex-m3
   3              		.fpu softvfp
   4              		.eabi_attribute 20, 1
   5              		.eabi_attribute 21, 1
   6              		.eabi_attribute 23, 3
   7              		.eabi_attribute 24, 1
   8              		.eabi_attribute 25, 1
   9              		.eabi_attribute 26, 1
  10              		.eabi_attribute 30, 1
  11              		.eabi_attribute 34, 1
  12              		.eabi_attribute 18, 4
  13              		.thumb
  14              		.file	"TrigPulseTrain_PM.c"
  15              		.text
  16              	.Ltext0:
  17              		.cfi_sections	.debug_frame
  18              		.section	.text.TrigPulseTrain_SaveConfig,"ax",%progbits
  19              		.align	2
  20              		.global	TrigPulseTrain_SaveConfig
  21              		.thumb
  22              		.thumb_func
  23              		.type	TrigPulseTrain_SaveConfig, %function
  24              	TrigPulseTrain_SaveConfig:
  25              	.LFB0:
  26              		.file 1 ".\\Generated_Source\\PSoC5\\TrigPulseTrain_PM.c"
   1:.\Generated_Source\PSoC5/TrigPulseTrain_PM.c **** /*******************************************************************************
   2:.\Generated_Source\PSoC5/TrigPulseTrain_PM.c **** * File Name: TrigPulseTrain_PM.c
   3:.\Generated_Source\PSoC5/TrigPulseTrain_PM.c **** * Version 1.80
   4:.\Generated_Source\PSoC5/TrigPulseTrain_PM.c **** *
   5:.\Generated_Source\PSoC5/TrigPulseTrain_PM.c **** * Description:
   6:.\Generated_Source\PSoC5/TrigPulseTrain_PM.c **** *  This file contains the setup, control, and status commands to support 
   7:.\Generated_Source\PSoC5/TrigPulseTrain_PM.c **** *  the component operation in the low power mode. 
   8:.\Generated_Source\PSoC5/TrigPulseTrain_PM.c **** *
   9:.\Generated_Source\PSoC5/TrigPulseTrain_PM.c **** * Note:
  10:.\Generated_Source\PSoC5/TrigPulseTrain_PM.c **** *
  11:.\Generated_Source\PSoC5/TrigPulseTrain_PM.c **** ********************************************************************************
  12:.\Generated_Source\PSoC5/TrigPulseTrain_PM.c **** * Copyright 2015, Cypress Semiconductor Corporation.  All rights reserved.
  13:.\Generated_Source\PSoC5/TrigPulseTrain_PM.c **** * You may use this file only in accordance with the license, terms, conditions, 
  14:.\Generated_Source\PSoC5/TrigPulseTrain_PM.c **** * disclaimers, and limitations in the end user license agreement accompanying 
  15:.\Generated_Source\PSoC5/TrigPulseTrain_PM.c **** * the software package with which this file was provided.
  16:.\Generated_Source\PSoC5/TrigPulseTrain_PM.c **** *******************************************************************************/
  17:.\Generated_Source\PSoC5/TrigPulseTrain_PM.c **** 
  18:.\Generated_Source\PSoC5/TrigPulseTrain_PM.c **** #include "TrigPulseTrain.h"
  19:.\Generated_Source\PSoC5/TrigPulseTrain_PM.c **** 
  20:.\Generated_Source\PSoC5/TrigPulseTrain_PM.c **** /* Check for removal by optimization */
  21:.\Generated_Source\PSoC5/TrigPulseTrain_PM.c **** #if !defined(TrigPulseTrain_Sync_ctrl_reg__REMOVED)
  22:.\Generated_Source\PSoC5/TrigPulseTrain_PM.c **** 
  23:.\Generated_Source\PSoC5/TrigPulseTrain_PM.c **** static TrigPulseTrain_BACKUP_STRUCT  TrigPulseTrain_backup = {0u};
  24:.\Generated_Source\PSoC5/TrigPulseTrain_PM.c **** 
  25:.\Generated_Source\PSoC5/TrigPulseTrain_PM.c ****     
  26:.\Generated_Source\PSoC5/TrigPulseTrain_PM.c **** /*******************************************************************************
  27:.\Generated_Source\PSoC5/TrigPulseTrain_PM.c **** * Function Name: TrigPulseTrain_SaveConfig
  28:.\Generated_Source\PSoC5/TrigPulseTrain_PM.c **** ********************************************************************************
  29:.\Generated_Source\PSoC5/TrigPulseTrain_PM.c **** *
  30:.\Generated_Source\PSoC5/TrigPulseTrain_PM.c **** * Summary:
  31:.\Generated_Source\PSoC5/TrigPulseTrain_PM.c **** *  Saves the control register value.
ARM GAS  C:\Users\Dana\AppData\Local\Temp\ccmE24EF.s 			page 2


  32:.\Generated_Source\PSoC5/TrigPulseTrain_PM.c **** *
  33:.\Generated_Source\PSoC5/TrigPulseTrain_PM.c **** * Parameters:
  34:.\Generated_Source\PSoC5/TrigPulseTrain_PM.c **** *  None
  35:.\Generated_Source\PSoC5/TrigPulseTrain_PM.c **** *
  36:.\Generated_Source\PSoC5/TrigPulseTrain_PM.c **** * Return:
  37:.\Generated_Source\PSoC5/TrigPulseTrain_PM.c **** *  None
  38:.\Generated_Source\PSoC5/TrigPulseTrain_PM.c **** *
  39:.\Generated_Source\PSoC5/TrigPulseTrain_PM.c **** *******************************************************************************/
  40:.\Generated_Source\PSoC5/TrigPulseTrain_PM.c **** void TrigPulseTrain_SaveConfig(void) 
  41:.\Generated_Source\PSoC5/TrigPulseTrain_PM.c **** {
  27              		.loc 1 41 0
  28              		.cfi_startproc
  29              		@ args = 0, pretend = 0, frame = 0
  30              		@ frame_needed = 0, uses_anonymous_args = 0
  31              		@ link register save eliminated.
  42:.\Generated_Source\PSoC5/TrigPulseTrain_PM.c ****     TrigPulseTrain_backup.controlState = TrigPulseTrain_Control;
  32              		.loc 1 42 0
  33 0000 024B     		ldr	r3, .L2
  34 0002 1A78     		ldrb	r2, [r3]	@ zero_extendqisi2
  35 0004 024B     		ldr	r3, .L2+4
  36 0006 1A70     		strb	r2, [r3]
  37 0008 7047     		bx	lr
  38              	.L3:
  39 000a 00BF     		.align	2
  40              	.L2:
  41 000c 7B640040 		.word	1073767547
  42 0010 00000000 		.word	.LANCHOR0
  43              		.cfi_endproc
  44              	.LFE0:
  45              		.size	TrigPulseTrain_SaveConfig, .-TrigPulseTrain_SaveConfig
  46              		.section	.text.TrigPulseTrain_RestoreConfig,"ax",%progbits
  47              		.align	2
  48              		.global	TrigPulseTrain_RestoreConfig
  49              		.thumb
  50              		.thumb_func
  51              		.type	TrigPulseTrain_RestoreConfig, %function
  52              	TrigPulseTrain_RestoreConfig:
  53              	.LFB1:
  43:.\Generated_Source\PSoC5/TrigPulseTrain_PM.c **** }
  44:.\Generated_Source\PSoC5/TrigPulseTrain_PM.c **** 
  45:.\Generated_Source\PSoC5/TrigPulseTrain_PM.c **** 
  46:.\Generated_Source\PSoC5/TrigPulseTrain_PM.c **** /*******************************************************************************
  47:.\Generated_Source\PSoC5/TrigPulseTrain_PM.c **** * Function Name: TrigPulseTrain_RestoreConfig
  48:.\Generated_Source\PSoC5/TrigPulseTrain_PM.c **** ********************************************************************************
  49:.\Generated_Source\PSoC5/TrigPulseTrain_PM.c **** *
  50:.\Generated_Source\PSoC5/TrigPulseTrain_PM.c **** * Summary:
  51:.\Generated_Source\PSoC5/TrigPulseTrain_PM.c **** *  Restores the control register value.
  52:.\Generated_Source\PSoC5/TrigPulseTrain_PM.c **** *
  53:.\Generated_Source\PSoC5/TrigPulseTrain_PM.c **** * Parameters:
  54:.\Generated_Source\PSoC5/TrigPulseTrain_PM.c **** *  None
  55:.\Generated_Source\PSoC5/TrigPulseTrain_PM.c **** *
  56:.\Generated_Source\PSoC5/TrigPulseTrain_PM.c **** * Return:
  57:.\Generated_Source\PSoC5/TrigPulseTrain_PM.c **** *  None
  58:.\Generated_Source\PSoC5/TrigPulseTrain_PM.c **** *
  59:.\Generated_Source\PSoC5/TrigPulseTrain_PM.c **** *
  60:.\Generated_Source\PSoC5/TrigPulseTrain_PM.c **** *******************************************************************************/
  61:.\Generated_Source\PSoC5/TrigPulseTrain_PM.c **** void TrigPulseTrain_RestoreConfig(void) 
ARM GAS  C:\Users\Dana\AppData\Local\Temp\ccmE24EF.s 			page 3


  62:.\Generated_Source\PSoC5/TrigPulseTrain_PM.c **** {
  54              		.loc 1 62 0
  55              		.cfi_startproc
  56              		@ args = 0, pretend = 0, frame = 0
  57              		@ frame_needed = 0, uses_anonymous_args = 0
  58              		@ link register save eliminated.
  63:.\Generated_Source\PSoC5/TrigPulseTrain_PM.c ****      TrigPulseTrain_Control = TrigPulseTrain_backup.controlState;
  59              		.loc 1 63 0
  60 0000 024B     		ldr	r3, .L5
  61 0002 1A78     		ldrb	r2, [r3]	@ zero_extendqisi2
  62 0004 024B     		ldr	r3, .L5+4
  63 0006 1A70     		strb	r2, [r3]
  64 0008 7047     		bx	lr
  65              	.L6:
  66 000a 00BF     		.align	2
  67              	.L5:
  68 000c 00000000 		.word	.LANCHOR0
  69 0010 7B640040 		.word	1073767547
  70              		.cfi_endproc
  71              	.LFE1:
  72              		.size	TrigPulseTrain_RestoreConfig, .-TrigPulseTrain_RestoreConfig
  73              		.section	.text.TrigPulseTrain_Sleep,"ax",%progbits
  74              		.align	2
  75              		.global	TrigPulseTrain_Sleep
  76              		.thumb
  77              		.thumb_func
  78              		.type	TrigPulseTrain_Sleep, %function
  79              	TrigPulseTrain_Sleep:
  80              	.LFB2:
  64:.\Generated_Source\PSoC5/TrigPulseTrain_PM.c **** }
  65:.\Generated_Source\PSoC5/TrigPulseTrain_PM.c **** 
  66:.\Generated_Source\PSoC5/TrigPulseTrain_PM.c **** 
  67:.\Generated_Source\PSoC5/TrigPulseTrain_PM.c **** /*******************************************************************************
  68:.\Generated_Source\PSoC5/TrigPulseTrain_PM.c **** * Function Name: TrigPulseTrain_Sleep
  69:.\Generated_Source\PSoC5/TrigPulseTrain_PM.c **** ********************************************************************************
  70:.\Generated_Source\PSoC5/TrigPulseTrain_PM.c **** *
  71:.\Generated_Source\PSoC5/TrigPulseTrain_PM.c **** * Summary:
  72:.\Generated_Source\PSoC5/TrigPulseTrain_PM.c **** *  Prepares the component for entering the low power mode.
  73:.\Generated_Source\PSoC5/TrigPulseTrain_PM.c **** *
  74:.\Generated_Source\PSoC5/TrigPulseTrain_PM.c **** * Parameters:
  75:.\Generated_Source\PSoC5/TrigPulseTrain_PM.c **** *  None
  76:.\Generated_Source\PSoC5/TrigPulseTrain_PM.c **** *
  77:.\Generated_Source\PSoC5/TrigPulseTrain_PM.c **** * Return:
  78:.\Generated_Source\PSoC5/TrigPulseTrain_PM.c **** *  None
  79:.\Generated_Source\PSoC5/TrigPulseTrain_PM.c **** *
  80:.\Generated_Source\PSoC5/TrigPulseTrain_PM.c **** *******************************************************************************/
  81:.\Generated_Source\PSoC5/TrigPulseTrain_PM.c **** void TrigPulseTrain_Sleep(void) 
  82:.\Generated_Source\PSoC5/TrigPulseTrain_PM.c **** {
  81              		.loc 1 82 0
  82              		.cfi_startproc
  83              		@ args = 0, pretend = 0, frame = 0
  84              		@ frame_needed = 0, uses_anonymous_args = 0
  85 0000 08B5     		push	{r3, lr}
  86              		.cfi_def_cfa_offset 8
  87              		.cfi_offset 3, -8
  88              		.cfi_offset 14, -4
  83:.\Generated_Source\PSoC5/TrigPulseTrain_PM.c ****     TrigPulseTrain_SaveConfig();
ARM GAS  C:\Users\Dana\AppData\Local\Temp\ccmE24EF.s 			page 4


  89              		.loc 1 83 0
  90 0002 FFF7FEFF 		bl	TrigPulseTrain_SaveConfig
  91              	.LVL0:
  92 0006 08BD     		pop	{r3, pc}
  93              		.cfi_endproc
  94              	.LFE2:
  95              		.size	TrigPulseTrain_Sleep, .-TrigPulseTrain_Sleep
  96              		.section	.text.TrigPulseTrain_Wakeup,"ax",%progbits
  97              		.align	2
  98              		.global	TrigPulseTrain_Wakeup
  99              		.thumb
 100              		.thumb_func
 101              		.type	TrigPulseTrain_Wakeup, %function
 102              	TrigPulseTrain_Wakeup:
 103              	.LFB3:
  84:.\Generated_Source\PSoC5/TrigPulseTrain_PM.c **** }
  85:.\Generated_Source\PSoC5/TrigPulseTrain_PM.c **** 
  86:.\Generated_Source\PSoC5/TrigPulseTrain_PM.c **** 
  87:.\Generated_Source\PSoC5/TrigPulseTrain_PM.c **** /*******************************************************************************
  88:.\Generated_Source\PSoC5/TrigPulseTrain_PM.c **** * Function Name: TrigPulseTrain_Wakeup
  89:.\Generated_Source\PSoC5/TrigPulseTrain_PM.c **** ********************************************************************************
  90:.\Generated_Source\PSoC5/TrigPulseTrain_PM.c **** *
  91:.\Generated_Source\PSoC5/TrigPulseTrain_PM.c **** * Summary:
  92:.\Generated_Source\PSoC5/TrigPulseTrain_PM.c **** *  Restores the component after waking up from the low power mode.
  93:.\Generated_Source\PSoC5/TrigPulseTrain_PM.c **** *
  94:.\Generated_Source\PSoC5/TrigPulseTrain_PM.c **** * Parameters:
  95:.\Generated_Source\PSoC5/TrigPulseTrain_PM.c **** *  None
  96:.\Generated_Source\PSoC5/TrigPulseTrain_PM.c **** *
  97:.\Generated_Source\PSoC5/TrigPulseTrain_PM.c **** * Return:
  98:.\Generated_Source\PSoC5/TrigPulseTrain_PM.c **** *  None
  99:.\Generated_Source\PSoC5/TrigPulseTrain_PM.c **** *
 100:.\Generated_Source\PSoC5/TrigPulseTrain_PM.c **** *******************************************************************************/
 101:.\Generated_Source\PSoC5/TrigPulseTrain_PM.c **** void TrigPulseTrain_Wakeup(void)  
 102:.\Generated_Source\PSoC5/TrigPulseTrain_PM.c **** {
 104              		.loc 1 102 0
 105              		.cfi_startproc
 106              		@ args = 0, pretend = 0, frame = 0
 107              		@ frame_needed = 0, uses_anonymous_args = 0
 108 0000 08B5     		push	{r3, lr}
 109              		.cfi_def_cfa_offset 8
 110              		.cfi_offset 3, -8
 111              		.cfi_offset 14, -4
 103:.\Generated_Source\PSoC5/TrigPulseTrain_PM.c ****     TrigPulseTrain_RestoreConfig();
 112              		.loc 1 103 0
 113 0002 FFF7FEFF 		bl	TrigPulseTrain_RestoreConfig
 114              	.LVL1:
 115 0006 08BD     		pop	{r3, pc}
 116              		.cfi_endproc
 117              	.LFE3:
 118              		.size	TrigPulseTrain_Wakeup, .-TrigPulseTrain_Wakeup
 119              		.bss
 120              		.align	2
 121              		.set	.LANCHOR0,. + 0
 122              		.type	TrigPulseTrain_backup, %object
 123              		.size	TrigPulseTrain_backup, 1
 124              	TrigPulseTrain_backup:
 125 0000 00       		.space	1
ARM GAS  C:\Users\Dana\AppData\Local\Temp\ccmE24EF.s 			page 5


 126 0001 000000   		.text
 127              	.Letext0:
 128              		.file 2 ".\\Generated_Source\\PSoC5\\cytypes.h"
 129              		.file 3 ".\\Generated_Source\\PSoC5\\TrigPulseTrain.h"
 130              		.section	.debug_info,"",%progbits
 131              	.Ldebug_info0:
 132 0000 2A010000 		.4byte	0x12a
 133 0004 0400     		.2byte	0x4
 134 0006 00000000 		.4byte	.Ldebug_abbrev0
 135 000a 04       		.byte	0x4
 136 000b 01       		.uleb128 0x1
 137 000c 65010000 		.4byte	.LASF19
 138 0010 01       		.byte	0x1
 139 0011 50000000 		.4byte	.LASF20
 140 0015 0B010000 		.4byte	.LASF21
 141 0019 00000000 		.4byte	.Ldebug_ranges0+0
 142 001d 00000000 		.4byte	0
 143 0021 00000000 		.4byte	.Ldebug_line0
 144 0025 02       		.uleb128 0x2
 145 0026 01       		.byte	0x1
 146 0027 06       		.byte	0x6
 147 0028 0D020000 		.4byte	.LASF0
 148 002c 02       		.uleb128 0x2
 149 002d 01       		.byte	0x1
 150 002e 08       		.byte	0x8
 151 002f 83000000 		.4byte	.LASF1
 152 0033 02       		.uleb128 0x2
 153 0034 02       		.byte	0x2
 154 0035 05       		.byte	0x5
 155 0036 F4010000 		.4byte	.LASF2
 156 003a 02       		.uleb128 0x2
 157 003b 02       		.byte	0x2
 158 003c 07       		.byte	0x7
 159 003d A8000000 		.4byte	.LASF3
 160 0041 02       		.uleb128 0x2
 161 0042 04       		.byte	0x4
 162 0043 05       		.byte	0x5
 163 0044 04020000 		.4byte	.LASF4
 164 0048 02       		.uleb128 0x2
 165 0049 04       		.byte	0x4
 166 004a 07       		.byte	0x7
 167 004b 96000000 		.4byte	.LASF5
 168 004f 02       		.uleb128 0x2
 169 0050 08       		.byte	0x8
 170 0051 05       		.byte	0x5
 171 0052 E1010000 		.4byte	.LASF6
 172 0056 02       		.uleb128 0x2
 173 0057 08       		.byte	0x8
 174 0058 07       		.byte	0x7
 175 0059 4E010000 		.4byte	.LASF7
 176 005d 03       		.uleb128 0x3
 177 005e 04       		.byte	0x4
 178 005f 05       		.byte	0x5
 179 0060 696E7400 		.ascii	"int\000"
 180 0064 02       		.uleb128 0x2
 181 0065 04       		.byte	0x4
 182 0066 07       		.byte	0x7
ARM GAS  C:\Users\Dana\AppData\Local\Temp\ccmE24EF.s 			page 6


 183 0067 FE000000 		.4byte	.LASF8
 184 006b 04       		.uleb128 0x4
 185 006c FE010000 		.4byte	.LASF12
 186 0070 02       		.byte	0x2
 187 0071 B4       		.byte	0xb4
 188 0072 2C000000 		.4byte	0x2c
 189 0076 02       		.uleb128 0x2
 190 0077 04       		.byte	0x4
 191 0078 04       		.byte	0x4
 192 0079 7D000000 		.4byte	.LASF9
 193 007d 02       		.uleb128 0x2
 194 007e 08       		.byte	0x8
 195 007f 04       		.byte	0x4
 196 0080 F7000000 		.4byte	.LASF10
 197 0084 02       		.uleb128 0x2
 198 0085 01       		.byte	0x1
 199 0086 08       		.byte	0x8
 200 0087 EF010000 		.4byte	.LASF11
 201 008b 05       		.uleb128 0x5
 202 008c 91000000 		.4byte	.LASF13
 203 0090 02       		.byte	0x2
 204 0091 5E01     		.2byte	0x15e
 205 0093 97000000 		.4byte	0x97
 206 0097 06       		.uleb128 0x6
 207 0098 6B000000 		.4byte	0x6b
 208 009c 07       		.uleb128 0x7
 209 009d 01       		.byte	0x1
 210 009e 03       		.byte	0x3
 211 009f 1C       		.byte	0x1c
 212 00a0 B1000000 		.4byte	0xb1
 213 00a4 08       		.uleb128 0x8
 214 00a5 D5000000 		.4byte	.LASF22
 215 00a9 03       		.byte	0x3
 216 00aa 1E       		.byte	0x1e
 217 00ab 6B000000 		.4byte	0x6b
 218 00af 00       		.byte	0
 219 00b0 00       		.byte	0
 220 00b1 04       		.uleb128 0x4
 221 00b2 00000000 		.4byte	.LASF14
 222 00b6 03       		.byte	0x3
 223 00b7 20       		.byte	0x20
 224 00b8 9C000000 		.4byte	0x9c
 225 00bc 09       		.uleb128 0x9
 226 00bd BB000000 		.4byte	.LASF15
 227 00c1 01       		.byte	0x1
 228 00c2 28       		.byte	0x28
 229 00c3 00000000 		.4byte	.LFB0
 230 00c7 14000000 		.4byte	.LFE0-.LFB0
 231 00cb 01       		.uleb128 0x1
 232 00cc 9C       		.byte	0x9c
 233 00cd 09       		.uleb128 0x9
 234 00ce 1D000000 		.4byte	.LASF16
 235 00d2 01       		.byte	0x1
 236 00d3 3D       		.byte	0x3d
 237 00d4 00000000 		.4byte	.LFB1
 238 00d8 14000000 		.4byte	.LFE1-.LFB1
 239 00dc 01       		.uleb128 0x1
ARM GAS  C:\Users\Dana\AppData\Local\Temp\ccmE24EF.s 			page 7


 240 00dd 9C       		.byte	0x9c
 241 00de 0A       		.uleb128 0xa
 242 00df E2000000 		.4byte	.LASF17
 243 00e3 01       		.byte	0x1
 244 00e4 51       		.byte	0x51
 245 00e5 00000000 		.4byte	.LFB2
 246 00e9 08000000 		.4byte	.LFE2-.LFB2
 247 00ed 01       		.uleb128 0x1
 248 00ee 9C       		.byte	0x9c
 249 00ef FD000000 		.4byte	0xfd
 250 00f3 0B       		.uleb128 0xb
 251 00f4 06000000 		.4byte	.LVL0
 252 00f8 BC000000 		.4byte	0xbc
 253 00fc 00       		.byte	0
 254 00fd 0A       		.uleb128 0xa
 255 00fe 19020000 		.4byte	.LASF18
 256 0102 01       		.byte	0x1
 257 0103 65       		.byte	0x65
 258 0104 00000000 		.4byte	.LFB3
 259 0108 08000000 		.4byte	.LFE3-.LFB3
 260 010c 01       		.uleb128 0x1
 261 010d 9C       		.byte	0x9c
 262 010e 1C010000 		.4byte	0x11c
 263 0112 0B       		.uleb128 0xb
 264 0113 06000000 		.4byte	.LVL1
 265 0117 CD000000 		.4byte	0xcd
 266 011b 00       		.byte	0
 267 011c 0C       		.uleb128 0xc
 268 011d 3A000000 		.4byte	.LASF23
 269 0121 01       		.byte	0x1
 270 0122 17       		.byte	0x17
 271 0123 B1000000 		.4byte	0xb1
 272 0127 05       		.uleb128 0x5
 273 0128 03       		.byte	0x3
 274 0129 00000000 		.4byte	TrigPulseTrain_backup
 275 012d 00       		.byte	0
 276              		.section	.debug_abbrev,"",%progbits
 277              	.Ldebug_abbrev0:
 278 0000 01       		.uleb128 0x1
 279 0001 11       		.uleb128 0x11
 280 0002 01       		.byte	0x1
 281 0003 25       		.uleb128 0x25
 282 0004 0E       		.uleb128 0xe
 283 0005 13       		.uleb128 0x13
 284 0006 0B       		.uleb128 0xb
 285 0007 03       		.uleb128 0x3
 286 0008 0E       		.uleb128 0xe
 287 0009 1B       		.uleb128 0x1b
 288 000a 0E       		.uleb128 0xe
 289 000b 55       		.uleb128 0x55
 290 000c 17       		.uleb128 0x17
 291 000d 11       		.uleb128 0x11
 292 000e 01       		.uleb128 0x1
 293 000f 10       		.uleb128 0x10
 294 0010 17       		.uleb128 0x17
 295 0011 00       		.byte	0
 296 0012 00       		.byte	0
ARM GAS  C:\Users\Dana\AppData\Local\Temp\ccmE24EF.s 			page 8


 297 0013 02       		.uleb128 0x2
 298 0014 24       		.uleb128 0x24
 299 0015 00       		.byte	0
 300 0016 0B       		.uleb128 0xb
 301 0017 0B       		.uleb128 0xb
 302 0018 3E       		.uleb128 0x3e
 303 0019 0B       		.uleb128 0xb
 304 001a 03       		.uleb128 0x3
 305 001b 0E       		.uleb128 0xe
 306 001c 00       		.byte	0
 307 001d 00       		.byte	0
 308 001e 03       		.uleb128 0x3
 309 001f 24       		.uleb128 0x24
 310 0020 00       		.byte	0
 311 0021 0B       		.uleb128 0xb
 312 0022 0B       		.uleb128 0xb
 313 0023 3E       		.uleb128 0x3e
 314 0024 0B       		.uleb128 0xb
 315 0025 03       		.uleb128 0x3
 316 0026 08       		.uleb128 0x8
 317 0027 00       		.byte	0
 318 0028 00       		.byte	0
 319 0029 04       		.uleb128 0x4
 320 002a 16       		.uleb128 0x16
 321 002b 00       		.byte	0
 322 002c 03       		.uleb128 0x3
 323 002d 0E       		.uleb128 0xe
 324 002e 3A       		.uleb128 0x3a
 325 002f 0B       		.uleb128 0xb
 326 0030 3B       		.uleb128 0x3b
 327 0031 0B       		.uleb128 0xb
 328 0032 49       		.uleb128 0x49
 329 0033 13       		.uleb128 0x13
 330 0034 00       		.byte	0
 331 0035 00       		.byte	0
 332 0036 05       		.uleb128 0x5
 333 0037 16       		.uleb128 0x16
 334 0038 00       		.byte	0
 335 0039 03       		.uleb128 0x3
 336 003a 0E       		.uleb128 0xe
 337 003b 3A       		.uleb128 0x3a
 338 003c 0B       		.uleb128 0xb
 339 003d 3B       		.uleb128 0x3b
 340 003e 05       		.uleb128 0x5
 341 003f 49       		.uleb128 0x49
 342 0040 13       		.uleb128 0x13
 343 0041 00       		.byte	0
 344 0042 00       		.byte	0
 345 0043 06       		.uleb128 0x6
 346 0044 35       		.uleb128 0x35
 347 0045 00       		.byte	0
 348 0046 49       		.uleb128 0x49
 349 0047 13       		.uleb128 0x13
 350 0048 00       		.byte	0
 351 0049 00       		.byte	0
 352 004a 07       		.uleb128 0x7
 353 004b 13       		.uleb128 0x13
ARM GAS  C:\Users\Dana\AppData\Local\Temp\ccmE24EF.s 			page 9


 354 004c 01       		.byte	0x1
 355 004d 0B       		.uleb128 0xb
 356 004e 0B       		.uleb128 0xb
 357 004f 3A       		.uleb128 0x3a
 358 0050 0B       		.uleb128 0xb
 359 0051 3B       		.uleb128 0x3b
 360 0052 0B       		.uleb128 0xb
 361 0053 01       		.uleb128 0x1
 362 0054 13       		.uleb128 0x13
 363 0055 00       		.byte	0
 364 0056 00       		.byte	0
 365 0057 08       		.uleb128 0x8
 366 0058 0D       		.uleb128 0xd
 367 0059 00       		.byte	0
 368 005a 03       		.uleb128 0x3
 369 005b 0E       		.uleb128 0xe
 370 005c 3A       		.uleb128 0x3a
 371 005d 0B       		.uleb128 0xb
 372 005e 3B       		.uleb128 0x3b
 373 005f 0B       		.uleb128 0xb
 374 0060 49       		.uleb128 0x49
 375 0061 13       		.uleb128 0x13
 376 0062 38       		.uleb128 0x38
 377 0063 0B       		.uleb128 0xb
 378 0064 00       		.byte	0
 379 0065 00       		.byte	0
 380 0066 09       		.uleb128 0x9
 381 0067 2E       		.uleb128 0x2e
 382 0068 00       		.byte	0
 383 0069 3F       		.uleb128 0x3f
 384 006a 19       		.uleb128 0x19
 385 006b 03       		.uleb128 0x3
 386 006c 0E       		.uleb128 0xe
 387 006d 3A       		.uleb128 0x3a
 388 006e 0B       		.uleb128 0xb
 389 006f 3B       		.uleb128 0x3b
 390 0070 0B       		.uleb128 0xb
 391 0071 27       		.uleb128 0x27
 392 0072 19       		.uleb128 0x19
 393 0073 11       		.uleb128 0x11
 394 0074 01       		.uleb128 0x1
 395 0075 12       		.uleb128 0x12
 396 0076 06       		.uleb128 0x6
 397 0077 40       		.uleb128 0x40
 398 0078 18       		.uleb128 0x18
 399 0079 9742     		.uleb128 0x2117
 400 007b 19       		.uleb128 0x19
 401 007c 00       		.byte	0
 402 007d 00       		.byte	0
 403 007e 0A       		.uleb128 0xa
 404 007f 2E       		.uleb128 0x2e
 405 0080 01       		.byte	0x1
 406 0081 3F       		.uleb128 0x3f
 407 0082 19       		.uleb128 0x19
 408 0083 03       		.uleb128 0x3
 409 0084 0E       		.uleb128 0xe
 410 0085 3A       		.uleb128 0x3a
ARM GAS  C:\Users\Dana\AppData\Local\Temp\ccmE24EF.s 			page 10


 411 0086 0B       		.uleb128 0xb
 412 0087 3B       		.uleb128 0x3b
 413 0088 0B       		.uleb128 0xb
 414 0089 27       		.uleb128 0x27
 415 008a 19       		.uleb128 0x19
 416 008b 11       		.uleb128 0x11
 417 008c 01       		.uleb128 0x1
 418 008d 12       		.uleb128 0x12
 419 008e 06       		.uleb128 0x6
 420 008f 40       		.uleb128 0x40
 421 0090 18       		.uleb128 0x18
 422 0091 9742     		.uleb128 0x2117
 423 0093 19       		.uleb128 0x19
 424 0094 01       		.uleb128 0x1
 425 0095 13       		.uleb128 0x13
 426 0096 00       		.byte	0
 427 0097 00       		.byte	0
 428 0098 0B       		.uleb128 0xb
 429 0099 898201   		.uleb128 0x4109
 430 009c 00       		.byte	0
 431 009d 11       		.uleb128 0x11
 432 009e 01       		.uleb128 0x1
 433 009f 31       		.uleb128 0x31
 434 00a0 13       		.uleb128 0x13
 435 00a1 00       		.byte	0
 436 00a2 00       		.byte	0
 437 00a3 0C       		.uleb128 0xc
 438 00a4 34       		.uleb128 0x34
 439 00a5 00       		.byte	0
 440 00a6 03       		.uleb128 0x3
 441 00a7 0E       		.uleb128 0xe
 442 00a8 3A       		.uleb128 0x3a
 443 00a9 0B       		.uleb128 0xb
 444 00aa 3B       		.uleb128 0x3b
 445 00ab 0B       		.uleb128 0xb
 446 00ac 49       		.uleb128 0x49
 447 00ad 13       		.uleb128 0x13
 448 00ae 02       		.uleb128 0x2
 449 00af 18       		.uleb128 0x18
 450 00b0 00       		.byte	0
 451 00b1 00       		.byte	0
 452 00b2 00       		.byte	0
 453              		.section	.debug_aranges,"",%progbits
 454 0000 34000000 		.4byte	0x34
 455 0004 0200     		.2byte	0x2
 456 0006 00000000 		.4byte	.Ldebug_info0
 457 000a 04       		.byte	0x4
 458 000b 00       		.byte	0
 459 000c 0000     		.2byte	0
 460 000e 0000     		.2byte	0
 461 0010 00000000 		.4byte	.LFB0
 462 0014 14000000 		.4byte	.LFE0-.LFB0
 463 0018 00000000 		.4byte	.LFB1
 464 001c 14000000 		.4byte	.LFE1-.LFB1
 465 0020 00000000 		.4byte	.LFB2
 466 0024 08000000 		.4byte	.LFE2-.LFB2
 467 0028 00000000 		.4byte	.LFB3
ARM GAS  C:\Users\Dana\AppData\Local\Temp\ccmE24EF.s 			page 11


 468 002c 08000000 		.4byte	.LFE3-.LFB3
 469 0030 00000000 		.4byte	0
 470 0034 00000000 		.4byte	0
 471              		.section	.debug_ranges,"",%progbits
 472              	.Ldebug_ranges0:
 473 0000 00000000 		.4byte	.LFB0
 474 0004 14000000 		.4byte	.LFE0
 475 0008 00000000 		.4byte	.LFB1
 476 000c 14000000 		.4byte	.LFE1
 477 0010 00000000 		.4byte	.LFB2
 478 0014 08000000 		.4byte	.LFE2
 479 0018 00000000 		.4byte	.LFB3
 480 001c 08000000 		.4byte	.LFE3
 481 0020 00000000 		.4byte	0
 482 0024 00000000 		.4byte	0
 483              		.section	.debug_line,"",%progbits
 484              	.Ldebug_line0:
 485 0000 AC000000 		.section	.debug_str,"MS",%progbits,1
 485      02006400 
 485      00000201 
 485      FB0E0D00 
 485      01010101 
 486              	.LASF14:
 487 0000 54726967 		.ascii	"TrigPulseTrain_BACKUP_STRUCT\000"
 487      50756C73 
 487      65547261 
 487      696E5F42 
 487      41434B55 
 488              	.LASF16:
 489 001d 54726967 		.ascii	"TrigPulseTrain_RestoreConfig\000"
 489      50756C73 
 489      65547261 
 489      696E5F52 
 489      6573746F 
 490              	.LASF23:
 491 003a 54726967 		.ascii	"TrigPulseTrain_backup\000"
 491      50756C73 
 491      65547261 
 491      696E5F62 
 491      61636B75 
 492              	.LASF20:
 493 0050 2E5C4765 		.ascii	".\\Generated_Source\\PSoC5\\TrigPulseTrain_PM.c\000"
 493      6E657261 
 493      7465645F 
 493      536F7572 
 493      63655C50 
 494              	.LASF9:
 495 007d 666C6F61 		.ascii	"float\000"
 495      7400
 496              	.LASF1:
 497 0083 756E7369 		.ascii	"unsigned char\000"
 497      676E6564 
 497      20636861 
 497      7200
 498              	.LASF13:
 499 0091 72656738 		.ascii	"reg8\000"
 499      00
ARM GAS  C:\Users\Dana\AppData\Local\Temp\ccmE24EF.s 			page 12


 500              	.LASF5:
 501 0096 6C6F6E67 		.ascii	"long unsigned int\000"
 501      20756E73 
 501      69676E65 
 501      6420696E 
 501      7400
 502              	.LASF3:
 503 00a8 73686F72 		.ascii	"short unsigned int\000"
 503      7420756E 
 503      7369676E 
 503      65642069 
 503      6E7400
 504              	.LASF15:
 505 00bb 54726967 		.ascii	"TrigPulseTrain_SaveConfig\000"
 505      50756C73 
 505      65547261 
 505      696E5F53 
 505      61766543 
 506              	.LASF22:
 507 00d5 636F6E74 		.ascii	"controlState\000"
 507      726F6C53 
 507      74617465 
 507      00
 508              	.LASF17:
 509 00e2 54726967 		.ascii	"TrigPulseTrain_Sleep\000"
 509      50756C73 
 509      65547261 
 509      696E5F53 
 509      6C656570 
 510              	.LASF10:
 511 00f7 646F7562 		.ascii	"double\000"
 511      6C6500
 512              	.LASF8:
 513 00fe 756E7369 		.ascii	"unsigned int\000"
 513      676E6564 
 513      20696E74 
 513      00
 514              	.LASF21:
 515 010b 433A5C55 		.ascii	"C:\\Users\\Dana\\Documents\\PSoC Creator\\Design93\\"
 515      73657273 
 515      5C44616E 
 515      615C446F 
 515      63756D65 
 516 0139 50756C73 		.ascii	"PulseGenerator.cydsn\000"
 516      6547656E 
 516      65726174 
 516      6F722E63 
 516      7964736E 
 517              	.LASF7:
 518 014e 6C6F6E67 		.ascii	"long long unsigned int\000"
 518      206C6F6E 
 518      6720756E 
 518      7369676E 
 518      65642069 
 519              	.LASF19:
 520 0165 474E5520 		.ascii	"GNU C 4.8.4 20140526 (release) [ARM/embedded-4_8-br"
 520      4320342E 
ARM GAS  C:\Users\Dana\AppData\Local\Temp\ccmE24EF.s 			page 13


 520      382E3420 
 520      32303134 
 520      30353236 
 521 0198 616E6368 		.ascii	"anch revision 211358] -mcpu=cortex-m3 -mthumb -g -O"
 521      20726576 
 521      6973696F 
 521      6E203231 
 521      31333538 
 522 01cb 67202D66 		.ascii	"g -ffunction-sections\000"
 522      66756E63 
 522      74696F6E 
 522      2D736563 
 522      74696F6E 
 523              	.LASF6:
 524 01e1 6C6F6E67 		.ascii	"long long int\000"
 524      206C6F6E 
 524      6720696E 
 524      7400
 525              	.LASF11:
 526 01ef 63686172 		.ascii	"char\000"
 526      00
 527              	.LASF2:
 528 01f4 73686F72 		.ascii	"short int\000"
 528      7420696E 
 528      7400
 529              	.LASF12:
 530 01fe 75696E74 		.ascii	"uint8\000"
 530      3800
 531              	.LASF4:
 532 0204 6C6F6E67 		.ascii	"long int\000"
 532      20696E74 
 532      00
 533              	.LASF0:
 534 020d 7369676E 		.ascii	"signed char\000"
 534      65642063 
 534      68617200 
 535              	.LASF18:
 536 0219 54726967 		.ascii	"TrigPulseTrain_Wakeup\000"
 536      50756C73 
 536      65547261 
 536      696E5F57 
 536      616B6575 
 537              		.ident	"GCC: (GNU Tools for ARM Embedded Processors) 4.8.4 20140526 (release) [ARM/embedded-4_8-br
