ARM GAS  C:\Users\BRIAN~1.SEA\AppData\Local\Temp\cc4gQu4t.s 			page 1


   1              		.syntax unified
   2              		.cpu cortex-m3
   3              		.fpu softvfp
   4              		.eabi_attribute 20, 1
   5              		.eabi_attribute 21, 1
   6              		.eabi_attribute 23, 3
   7              		.eabi_attribute 24, 1
   8              		.eabi_attribute 25, 1
   9              		.eabi_attribute 26, 1
  10              		.eabi_attribute 30, 1
  11              		.eabi_attribute 34, 1
  12              		.eabi_attribute 18, 4
  13              		.thumb
  14              		.syntax unified
  15              		.file	"cymetadata.c"
  16              		.text
  17              	.Ltext0:
  18              		.cfi_sections	.debug_frame
  19              		.global	cy_metadata
  20              		.global	cy_meta_flashprotect
  21              		.global	cy_meta_wonvl
  22              		.global	cy_meta_custnvl
  23              		.global	cy_meta_configecc
  24              		.section	.cyconfigecc,"a",%progbits
  25              		.align	2
  26              		.type	cy_meta_configecc, %object
  27              		.size	cy_meta_configecc, 624
  28              	cy_meta_configecc:
  29 0000 01       		.byte	1
  30 0001 45       		.byte	69
  31 0002 00       		.byte	0
  32 0003 40       		.byte	64
  33 0004 04       		.byte	4
  34 0005 52       		.byte	82
  35 0006 00       		.byte	0
  36 0007 40       		.byte	64
  37 0008 01       		.byte	1
  38 0009 65       		.byte	101
  39 000a 00       		.byte	0
  40 000b 40       		.byte	64
  41 000c 3F       		.byte	63
  42 000d 14       		.byte	20
  43 000e 01       		.byte	1
  44 000f 40       		.byte	64
  45 0010 31       		.byte	49
  46 0011 15       		.byte	21
  47 0012 01       		.byte	1
  48 0013 40       		.byte	64
  49 0014 41       		.byte	65
  50 0015 16       		.byte	22
  51 0016 01       		.byte	1
  52 0017 40       		.byte	64
  53 0018 24       		.byte	36
  54 0019 17       		.byte	23
  55 001a 01       		.byte	1
  56 001b 40       		.byte	64
  57 001c 01       		.byte	1
ARM GAS  C:\Users\BRIAN~1.SEA\AppData\Local\Temp\cc4gQu4t.s 			page 2


  58 001d 19       		.byte	25
  59 001e 01       		.byte	1
  60 001f 40       		.byte	64
  61 0020 03       		.byte	3
  62 0021 40       		.byte	64
  63 0022 01       		.byte	1
  64 0023 40       		.byte	64
  65 0024 04       		.byte	4
  66 0025 41       		.byte	65
  67 0026 01       		.byte	1
  68 0027 40       		.byte	64
  69 0028 02       		.byte	2
  70 0029 42       		.byte	66
  71 002a 01       		.byte	1
  72 002b 40       		.byte	64
  73 002c 02       		.byte	2
  74 002d 43       		.byte	67
  75 002e 01       		.byte	1
  76 002f 40       		.byte	64
  77 0030 03       		.byte	3
  78 0031 47       		.byte	71
  79 0032 01       		.byte	1
  80 0033 40       		.byte	64
  81 0034 06       		.byte	6
  82 0035 48       		.byte	72
  83 0036 01       		.byte	1
  84 0037 40       		.byte	64
  85 0038 0B       		.byte	11
  86 0039 49       		.byte	73
  87 003a 01       		.byte	1
  88 003b 40       		.byte	64
  89 003c 02       		.byte	2
  90 003d 4C       		.byte	76
  91 003e 01       		.byte	1
  92 003f 40       		.byte	64
  93 0040 02       		.byte	2
  94 0041 50       		.byte	80
  95 0042 01       		.byte	1
  96 0043 40       		.byte	64
  97 0044 01       		.byte	1
  98 0045 51       		.byte	81
  99 0046 01       		.byte	1
 100 0047 40       		.byte	64
 101 0048 7E       		.byte	126
 102 0049 02       		.byte	2
 103 004a 00       		.byte	0
 104 004b 02       		.byte	2
 105 004c 18       		.byte	24
 106 004d 02       		.byte	2
 107 004e 19       		.byte	25
 108 004f 82       		.byte	-126
 109 0050 7C       		.byte	124
 110 0051 40       		.byte	64
 111 0052 87       		.byte	-121
 112 0053 0D       		.byte	13
 113 0054 00       		.byte	0
 114 0055 02       		.byte	2
ARM GAS  C:\Users\BRIAN~1.SEA\AppData\Local\Temp\cc4gQu4t.s 			page 3


 115 0056 02       		.byte	2
 116 0057 08       		.byte	8
 117 0058 04       		.byte	4
 118 0059 01       		.byte	1
 119 005a 06       		.byte	6
 120 005b 08       		.byte	8
 121 005c 0C       		.byte	12
 122 005d 04       		.byte	4
 123 005e 0E       		.byte	14
 124 005f 08       		.byte	8
 125 0060 12       		.byte	18
 126 0061 07       		.byte	7
 127 0062 13       		.byte	19
 128 0063 01       		.byte	1
 129 0064 1C       		.byte	28
 130 0065 07       		.byte	7
 131 0066 1E       		.byte	30
 132 0067 10       		.byte	16
 133 0068 20       		.byte	32
 134 0069 1F       		.byte	31
 135 006a 34       		.byte	52
 136 006b 07       		.byte	7
 137 006c 36       		.byte	54
 138 006d 18       		.byte	24
 139 006e 37       		.byte	55
 140 006f 01       		.byte	1
 141 0070 40       		.byte	64
 142 0071 25       		.byte	37
 143 0072 41       		.byte	65
 144 0073 04       		.byte	4
 145 0074 49       		.byte	73
 146 0075 FF       		.byte	-1
 147 0076 4A       		.byte	74
 148 0077 FF       		.byte	-1
 149 0078 4B       		.byte	75
 150 0079 FF       		.byte	-1
 151 007a 4F       		.byte	79
 152 007b 01       		.byte	1
 153 007c 50       		.byte	80
 154 007d 18       		.byte	24
 155 007e 52       		.byte	82
 156 007f 01       		.byte	1
 157 0080 53       		.byte	83
 158 0081 01       		.byte	1
 159 0082 56       		.byte	86
 160 0083 10       		.byte	16
 161 0084 58       		.byte	88
 162 0085 0B       		.byte	11
 163 0086 59       		.byte	89
 164 0087 0B       		.byte	11
 165 0088 5A       		.byte	90
 166 0089 0B       		.byte	11
 167 008a 5B       		.byte	91
 168 008b 0B       		.byte	11
 169 008c 5C       		.byte	92
 170 008d 99       		.byte	-103
 171 008e 5D       		.byte	93
ARM GAS  C:\Users\BRIAN~1.SEA\AppData\Local\Temp\cc4gQu4t.s 			page 4


 172 008f 99       		.byte	-103
 173 0090 5F       		.byte	95
 174 0091 01       		.byte	1
 175 0092 60       		.byte	96
 176 0093 40       		.byte	64
 177 0094 62       		.byte	98
 178 0095 40       		.byte	64
 179 0096 64       		.byte	100
 180 0097 40       		.byte	64
 181 0098 65       		.byte	101
 182 0099 40       		.byte	64
 183 009a 66       		.byte	102
 184 009b 80       		.byte	-128
 185 009c 68       		.byte	104
 186 009d 80       		.byte	-128
 187 009e 6A       		.byte	106
 188 009f 80       		.byte	-128
 189 00a0 6C       		.byte	108
 190 00a1 80       		.byte	-128
 191 00a2 6E       		.byte	110
 192 00a3 80       		.byte	-128
 193 00a4 C0       		.byte	-64
 194 00a5 65       		.byte	101
 195 00a6 C1       		.byte	-63
 196 00a7 04       		.byte	4
 197 00a8 C9       		.byte	-55
 198 00a9 FF       		.byte	-1
 199 00aa CA       		.byte	-54
 200 00ab FF       		.byte	-1
 201 00ac CB       		.byte	-53
 202 00ad FF       		.byte	-1
 203 00ae CD       		.byte	-51
 204 00af 83       		.byte	-125
 205 00b0 CE       		.byte	-50
 206 00b1 03       		.byte	3
 207 00b2 CF       		.byte	-49
 208 00b3 01       		.byte	1
 209 00b4 D0       		.byte	-48
 210 00b5 18       		.byte	24
 211 00b6 D6       		.byte	-42
 212 00b7 08       		.byte	8
 213 00b8 DA       		.byte	-38
 214 00b9 0B       		.byte	11
 215 00ba DB       		.byte	-37
 216 00bb 04       		.byte	4
 217 00bc DD       		.byte	-35
 218 00bd 99       		.byte	-103
 219 00be DF       		.byte	-33
 220 00bf 01       		.byte	1
 221 00c0 E0       		.byte	-32
 222 00c1 40       		.byte	64
 223 00c2 E2       		.byte	-30
 224 00c3 40       		.byte	64
 225 00c4 E4       		.byte	-28
 226 00c5 40       		.byte	64
 227 00c6 E5       		.byte	-27
 228 00c7 40       		.byte	64
ARM GAS  C:\Users\BRIAN~1.SEA\AppData\Local\Temp\cc4gQu4t.s 			page 5


 229 00c8 E6       		.byte	-26
 230 00c9 80       		.byte	-128
 231 00ca E8       		.byte	-24
 232 00cb 80       		.byte	-128
 233 00cc EA       		.byte	-22
 234 00cd 80       		.byte	-128
 235 00ce EC       		.byte	-20
 236 00cf 80       		.byte	-128
 237 00d0 EE       		.byte	-18
 238 00d1 80       		.byte	-128
 239 00d2 00       		.byte	0
 240 00d3 06       		.byte	6
 241 00d4 02       		.byte	2
 242 00d5 01       		.byte	1
 243 00d6 09       		.byte	9
 244 00d7 02       		.byte	2
 245 00d8 0A       		.byte	10
 246 00d9 01       		.byte	1
 247 00da 13       		.byte	19
 248 00db 02       		.byte	2
 249 00dc 18       		.byte	24
 250 00dd 04       		.byte	4
 251 00de 1A       		.byte	26
 252 00df 01       		.byte	1
 253 00e0 1B       		.byte	27
 254 00e1 10       		.byte	16
 255 00e2 20       		.byte	32
 256 00e3 02       		.byte	2
 257 00e4 31       		.byte	49
 258 00e5 02       		.byte	2
 259 00e6 40       		.byte	64
 260 00e7 04       		.byte	4
 261 00e8 42       		.byte	66
 262 00e9 40       		.byte	64
 263 00ea 47       		.byte	71
 264 00eb 02       		.byte	2
 265 00ec 48       		.byte	72
 266 00ed 02       		.byte	2
 267 00ee 4C       		.byte	76
 268 00ef 02       		.byte	2
 269 00f0 4F       		.byte	79
 270 00f1 20       		.byte	32
 271 00f2 5E       		.byte	94
 272 00f3 80       		.byte	-128
 273 00f4 64       		.byte	100
 274 00f5 02       		.byte	2
 275 00f6 6A       		.byte	106
 276 00f7 40       		.byte	64
 277 00f8 6B       		.byte	107
 278 00f9 02       		.byte	2
 279 00fa 6E       		.byte	110
 280 00fb 20       		.byte	32
 281 00fc 6F       		.byte	111
 282 00fd 01       		.byte	1
 283 00fe 78       		.byte	120
 284 00ff 02       		.byte	2
 285 0100 7C       		.byte	124
ARM GAS  C:\Users\BRIAN~1.SEA\AppData\Local\Temp\cc4gQu4t.s 			page 6


 286 0101 02       		.byte	2
 287 0102 86       		.byte	-122
 288 0103 10       		.byte	16
 289 0104 87       		.byte	-121
 290 0105 01       		.byte	1
 291 0106 8C       		.byte	-116
 292 0107 40       		.byte	64
 293 0108 90       		.byte	-112
 294 0109 40       		.byte	64
 295 010a 94       		.byte	-108
 296 010b 04       		.byte	4
 297 010c 96       		.byte	-106
 298 010d 40       		.byte	64
 299 010e 9A       		.byte	-102
 300 010f 01       		.byte	1
 301 0110 9C       		.byte	-100
 302 0111 02       		.byte	2
 303 0112 9F       		.byte	-97
 304 0113 02       		.byte	2
 305 0114 A0       		.byte	-96
 306 0115 02       		.byte	2
 307 0116 A1       		.byte	-95
 308 0117 02       		.byte	2
 309 0118 A2       		.byte	-94
 310 0119 40       		.byte	64
 311 011a A4       		.byte	-92
 312 011b 01       		.byte	1
 313 011c A7       		.byte	-89
 314 011d 10       		.byte	16
 315 011e AE       		.byte	-82
 316 011f 40       		.byte	64
 317 0120 C0       		.byte	-64
 318 0121 0D       		.byte	13
 319 0122 C2       		.byte	-62
 320 0123 09       		.byte	9
 321 0124 C4       		.byte	-60
 322 0125 08       		.byte	8
 323 0126 CC       		.byte	-52
 324 0127 01       		.byte	1
 325 0128 D0       		.byte	-48
 326 0129 85       		.byte	-123
 327 012a D2       		.byte	-46
 328 012b 38       		.byte	56
 329 012c D6       		.byte	-42
 330 012d 10       		.byte	16
 331 012e D8       		.byte	-40
 332 012f 10       		.byte	16
 333 0130 DE       		.byte	-34
 334 0131 81       		.byte	-127
 335 0132 E2       		.byte	-30
 336 0133 40       		.byte	64
 337 0134 12       		.byte	18
 338 0135 01       		.byte	1
 339 0136 27       		.byte	39
 340 0137 01       		.byte	1
 341 0138 2E       		.byte	46
 342 0139 01       		.byte	1
ARM GAS  C:\Users\BRIAN~1.SEA\AppData\Local\Temp\cc4gQu4t.s 			page 7


 343 013a 30       		.byte	48
 344 013b 01       		.byte	1
 345 013c 31       		.byte	49
 346 013d 01       		.byte	1
 347 013e 3C       		.byte	60
 348 013f 10       		.byte	16
 349 0140 3E       		.byte	62
 350 0141 01       		.byte	1
 351 0142 40       		.byte	64
 352 0143 61       		.byte	97
 353 0144 41       		.byte	65
 354 0145 04       		.byte	4
 355 0146 49       		.byte	73
 356 0147 FF       		.byte	-1
 357 0148 4A       		.byte	74
 358 0149 FF       		.byte	-1
 359 014a 4B       		.byte	75
 360 014b FF       		.byte	-1
 361 014c 4D       		.byte	77
 362 014d 83       		.byte	-125
 363 014e 4E       		.byte	78
 364 014f 03       		.byte	3
 365 0150 4F       		.byte	79
 366 0151 01       		.byte	1
 367 0152 50       		.byte	80
 368 0153 18       		.byte	24
 369 0154 58       		.byte	88
 370 0155 09       		.byte	9
 371 0156 59       		.byte	89
 372 0157 1B       		.byte	27
 373 0158 5A       		.byte	90
 374 0159 0B       		.byte	11
 375 015a 5C       		.byte	92
 376 015b 99       		.byte	-103
 377 015c 5D       		.byte	93
 378 015d 09       		.byte	9
 379 015e 5F       		.byte	95
 380 015f 01       		.byte	1
 381 0160 60       		.byte	96
 382 0161 40       		.byte	64
 383 0162 62       		.byte	98
 384 0163 40       		.byte	64
 385 0164 64       		.byte	100
 386 0165 40       		.byte	64
 387 0166 65       		.byte	101
 388 0167 40       		.byte	64
 389 0168 66       		.byte	102
 390 0169 80       		.byte	-128
 391 016a 68       		.byte	104
 392 016b 80       		.byte	-128
 393 016c 6A       		.byte	106
 394 016d 80       		.byte	-128
 395 016e 6C       		.byte	108
 396 016f 80       		.byte	-128
 397 0170 6E       		.byte	110
 398 0171 80       		.byte	-128
 399 0172 82       		.byte	-126
ARM GAS  C:\Users\BRIAN~1.SEA\AppData\Local\Temp\cc4gQu4t.s 			page 8


 400 0173 01       		.byte	1
 401 0174 AE       		.byte	-82
 402 0175 01       		.byte	1
 403 0176 B0       		.byte	-80
 404 0177 01       		.byte	1
 405 0178 B4       		.byte	-76
 406 0179 01       		.byte	1
 407 017a BE       		.byte	-66
 408 017b 01       		.byte	1
 409 017c C0       		.byte	-64
 410 017d 25       		.byte	37
 411 017e C1       		.byte	-63
 412 017f 04       		.byte	4
 413 0180 C5       		.byte	-59
 414 0181 EC       		.byte	-20
 415 0182 C7       		.byte	-57
 416 0183 20       		.byte	32
 417 0184 C8       		.byte	-56
 418 0185 23       		.byte	35
 419 0186 C9       		.byte	-55
 420 0187 FF       		.byte	-1
 421 0188 CA       		.byte	-54
 422 0189 FF       		.byte	-1
 423 018a CB       		.byte	-53
 424 018b FF       		.byte	-1
 425 018c CD       		.byte	-51
 426 018d 83       		.byte	-125
 427 018e CE       		.byte	-50
 428 018f 03       		.byte	3
 429 0190 CF       		.byte	-49
 430 0191 01       		.byte	1
 431 0192 D0       		.byte	-48
 432 0193 18       		.byte	24
 433 0194 D2       		.byte	-46
 434 0195 80       		.byte	-128
 435 0196 D4       		.byte	-44
 436 0197 01       		.byte	1
 437 0198 D8       		.byte	-40
 438 0199 0B       		.byte	11
 439 019a DA       		.byte	-38
 440 019b 0B       		.byte	11
 441 019c DB       		.byte	-37
 442 019d 0B       		.byte	11
 443 019e DC       		.byte	-36
 444 019f 09       		.byte	9
 445 01a0 DD       		.byte	-35
 446 01a1 99       		.byte	-103
 447 01a2 DF       		.byte	-33
 448 01a3 05       		.byte	5
 449 01a4 E0       		.byte	-32
 450 01a5 40       		.byte	64
 451 01a6 E2       		.byte	-30
 452 01a7 40       		.byte	64
 453 01a8 E4       		.byte	-28
 454 01a9 40       		.byte	64
 455 01aa E5       		.byte	-27
 456 01ab 40       		.byte	64
ARM GAS  C:\Users\BRIAN~1.SEA\AppData\Local\Temp\cc4gQu4t.s 			page 9


 457 01ac E6       		.byte	-26
 458 01ad 80       		.byte	-128
 459 01ae E8       		.byte	-24
 460 01af 80       		.byte	-128
 461 01b0 EA       		.byte	-22
 462 01b1 80       		.byte	-128
 463 01b2 EC       		.byte	-20
 464 01b3 80       		.byte	-128
 465 01b4 EE       		.byte	-18
 466 01b5 80       		.byte	-128
 467 01b6 00       		.byte	0
 468 01b7 02       		.byte	2
 469 01b8 0C       		.byte	12
 470 01b9 01       		.byte	1
 471 01ba 10       		.byte	16
 472 01bb 02       		.byte	2
 473 01bc 17       		.byte	23
 474 01bd 80       		.byte	-128
 475 01be 1A       		.byte	26
 476 01bf 88       		.byte	-120
 477 01c0 1C       		.byte	28
 478 01c1 40       		.byte	64
 479 01c2 1F       		.byte	31
 480 01c3 20       		.byte	32
 481 01c4 27       		.byte	39
 482 01c5 80       		.byte	-128
 483 01c6 2F       		.byte	47
 484 01c7 20       		.byte	32
 485 01c8 40       		.byte	64
 486 01c9 04       		.byte	4
 487 01ca 42       		.byte	66
 488 01cb 40       		.byte	64
 489 01cc 43       		.byte	67
 490 01cd 02       		.byte	2
 491 01ce 46       		.byte	70
 492 01cf 01       		.byte	1
 493 01d0 47       		.byte	71
 494 01d1 02       		.byte	2
 495 01d2 48       		.byte	72
 496 01d3 02       		.byte	2
 497 01d4 49       		.byte	73
 498 01d5 05       		.byte	5
 499 01d6 4F       		.byte	79
 500 01d7 20       		.byte	32
 501 01d8 50       		.byte	80
 502 01d9 02       		.byte	2
 503 01da 52       		.byte	82
 504 01db 01       		.byte	1
 505 01dc 59       		.byte	89
 506 01dd 05       		.byte	5
 507 01de 5A       		.byte	90
 508 01df 80       		.byte	-128
 509 01e0 71       		.byte	113
 510 01e1 02       		.byte	2
 511 01e2 78       		.byte	120
 512 01e3 03       		.byte	3
 513 01e4 7B       		.byte	123
ARM GAS  C:\Users\BRIAN~1.SEA\AppData\Local\Temp\cc4gQu4t.s 			page 10


 514 01e5 02       		.byte	2
 515 01e6 7C       		.byte	124
 516 01e7 02       		.byte	2
 517 01e8 7E       		.byte	126
 518 01e9 04       		.byte	4
 519 01ea 7F       		.byte	127
 520 01eb 02       		.byte	2
 521 01ec C0       		.byte	-64
 522 01ed 08       		.byte	8
 523 01ee C2       		.byte	-62
 524 01ef 10       		.byte	16
 525 01f0 C4       		.byte	-60
 526 01f1 81       		.byte	-127
 527 01f2 CA       		.byte	-54
 528 01f3 40       		.byte	64
 529 01f4 D0       		.byte	-48
 530 01f5 95       		.byte	-107
 531 01f6 D2       		.byte	-46
 532 01f7 28       		.byte	40
 533 01f8 D6       		.byte	-42
 534 01f9 0B       		.byte	11
 535 01fa DE       		.byte	-34
 536 01fb B9       		.byte	-71
 537 01fc EE       		.byte	-18
 538 01fd 0A       		.byte	10
 539 01fe EE       		.byte	-18
 540 01ff 0A       		.byte	10
 541 0200 33       		.byte	51
 542 0201 80       		.byte	-128
 543 0202 36       		.byte	54
 544 0203 40       		.byte	64
 545 0204 CC       		.byte	-52
 546 0205 30       		.byte	48
 547 0206 57       		.byte	87
 548 0207 20       		.byte	32
 549 0208 A6       		.byte	-90
 550 0209 40       		.byte	64
 551 020a A7       		.byte	-89
 552 020b 80       		.byte	-128
 553 020c D4       		.byte	-44
 554 020d 40       		.byte	64
 555 020e A6       		.byte	-90
 556 020f 40       		.byte	64
 557 0210 A7       		.byte	-89
 558 0211 A0       		.byte	-96
 559 0212 A6       		.byte	-90
 560 0213 40       		.byte	64
 561 0214 A7       		.byte	-89
 562 0215 A0       		.byte	-96
 563 0216 08       		.byte	8
 564 0217 08       		.byte	8
 565 0218 0F       		.byte	15
 566 0219 40       		.byte	64
 567 021a C2       		.byte	-62
 568 021b 0C       		.byte	12
 569 021c 26       		.byte	38
 570 021d 20       		.byte	32
ARM GAS  C:\Users\BRIAN~1.SEA\AppData\Local\Temp\cc4gQu4t.s 			page 11


 571 021e A7       		.byte	-89
 572 021f 20       		.byte	32
 573 0220 AE       		.byte	-82
 574 0221 40       		.byte	64
 575 0222 AF       		.byte	-81
 576 0223 80       		.byte	-128
 577 0224 C8       		.byte	-56
 578 0225 20       		.byte	32
 579 0226 EE       		.byte	-18
 580 0227 50       		.byte	80
 581 0228 5F       		.byte	95
 582 0229 80       		.byte	-128
 583 022a 63       		.byte	99
 584 022b 08       		.byte	8
 585 022c 87       		.byte	-121
 586 022d A0       		.byte	-96
 587 022e 8F       		.byte	-113
 588 022f 04       		.byte	4
 589 0230 A7       		.byte	-89
 590 0231 20       		.byte	32
 591 0232 AE       		.byte	-82
 592 0233 20       		.byte	32
 593 0234 D6       		.byte	-42
 594 0235 20       		.byte	32
 595 0236 D8       		.byte	-40
 596 0237 40       		.byte	64
 597 0238 E2       		.byte	-30
 598 0239 40       		.byte	64
 599 023a E6       		.byte	-26
 600 023b 10       		.byte	16
 601 023c EC       		.byte	-20
 602 023d 40       		.byte	64
 603 023e AC       		.byte	-84
 604 023f 08       		.byte	8
 605 0240 AF       		.byte	-81
 606 0241 40       		.byte	64
 607 0242 11       		.byte	17
 608 0243 01       		.byte	1
 609 0244 1B       		.byte	27
 610 0245 01       		.byte	1
 611 0246 00       		.byte	0
 612 0247 0A       		.byte	10
 613 0248 00       		.byte	0
 614 0249 02       		.byte	2
 615 024a 02       		.byte	2
 616 024b 02       		.byte	2
 617 024c 02       		.byte	2
 618 024d 00       		.byte	0
 619 024e 00       		.byte	0
 620 024f 00       		.byte	0
 621 0250 40       		.byte	64
 622 0251 00       		.byte	0
 623 0252 00       		.byte	0
 624 0253 00       		.byte	0
 625 0254 00       		.byte	0
 626 0255 00       		.byte	0
 627 0256 00       		.byte	0
ARM GAS  C:\Users\BRIAN~1.SEA\AppData\Local\Temp\cc4gQu4t.s 			page 12


 628 0257 00       		.byte	0
 629 0258 C0       		.byte	-64
 630 0259 00       		.byte	0
 631 025a 00       		.byte	0
 632 025b 00       		.byte	0
 633 025c 00       		.byte	0
 634 025d 0B       		.byte	11
 635 025e 0B       		.byte	11
 636 025f 00       		.byte	0
 637 0260 00       		.byte	0
 638 0261 00       		.byte	0
 639 0262 00       		.byte	0
 640 0263 00       		.byte	0
 641 0264 02       		.byte	2
 642 0265 00       		.byte	0
 643 0266 00       		.byte	0
 644 0267 82       		.byte	-126
 645 0268 82       		.byte	-126
 646 0269 02       		.byte	2
 647 026a 82       		.byte	-126
 648 026b 00       		.byte	0
 649 026c 00       		.byte	0
 650 026d 00       		.byte	0
 651 026e 00       		.byte	0
 652 026f 00       		.byte	0
 653              		.section	.cywolatch,"a",%progbits
 654              		.align	2
 655              		.type	cy_meta_wonvl, %object
 656              		.size	cy_meta_wonvl, 4
 657              	cy_meta_wonvl:
 658 0000 BC       		.byte	-68
 659 0001 90       		.byte	-112
 660 0002 AC       		.byte	-84
 661 0003 AF       		.byte	-81
 662              		.section	.cycustnvl,"a",%progbits
 663              		.align	2
 664              		.type	cy_meta_custnvl, %object
 665              		.size	cy_meta_custnvl, 4
 666              	cy_meta_custnvl:
 667 0000 00       		.byte	0
 668 0001 00       		.byte	0
 669 0002 40       		.byte	64
 670 0003 05       		.byte	5
 671              		.section	.cymeta,"a",%progbits
 672              		.align	2
 673              		.type	cy_metadata, %object
 674              		.size	cy_metadata, 12
 675              	cy_metadata:
 676 0000 00       		.byte	0
 677 0001 01       		.byte	1
 678 0002 2E       		.byte	46
 679 0003 16       		.byte	22
 680 0004 10       		.byte	16
 681 0005 69       		.byte	105
 682 0006 00       		.byte	0
 683 0007 01       		.byte	1
 684 0008 00       		.byte	0
ARM GAS  C:\Users\BRIAN~1.SEA\AppData\Local\Temp\cc4gQu4t.s 			page 13


 685 0009 00       		.byte	0
 686 000a 00       		.byte	0
 687 000b 00       		.byte	0
 688              		.section	.cyflashprotect,"a",%progbits
 689              		.align	2
 690              		.type	cy_meta_flashprotect, %object
 691              		.size	cy_meta_flashprotect, 256
 692              	cy_meta_flashprotect:
 693 0000 00000000 		.space	256
 693      00000000 
 693      00000000 
 693      00000000 
 693      00000000 
 694              		.text
 695              	.Letext0:
 696              		.file 1 "c:\\program files (x86)\\cypress\\psoc creator\\4.1\\psoc creator\\import\\gnu\\arm\\5.4.
 697              		.file 2 "c:\\program files (x86)\\cypress\\psoc creator\\4.1\\psoc creator\\import\\gnu\\arm\\5.4.
 698              		.file 3 "Generated_Source\\PSoC5\\cymetadata.c"
 699              		.section	.debug_info,"",%progbits
 700              	.Ldebug_info0:
 701 0000 31010000 		.4byte	0x131
 702 0004 0400     		.2byte	0x4
 703 0006 00000000 		.4byte	.Ldebug_abbrev0
 704 000a 04       		.byte	0x4
 705 000b 01       		.uleb128 0x1
 706 000c 24000000 		.4byte	.LASF17
 707 0010 0C       		.byte	0xc
 708 0011 D8010000 		.4byte	.LASF18
 709 0015 69010000 		.4byte	.LASF19
 710 0019 00000000 		.4byte	.Ldebug_line0
 711 001d 02       		.uleb128 0x2
 712 001e 01       		.byte	0x1
 713 001f 06       		.byte	0x6
 714 0020 CC010000 		.4byte	.LASF0
 715 0024 03       		.uleb128 0x3
 716 0025 00000000 		.4byte	.LASF9
 717 0029 01       		.byte	0x1
 718 002a 1D       		.byte	0x1d
 719 002b 2F000000 		.4byte	0x2f
 720 002f 02       		.uleb128 0x2
 721 0030 01       		.byte	0x1
 722 0031 08       		.byte	0x8
 723 0032 16000000 		.4byte	.LASF1
 724 0036 02       		.uleb128 0x2
 725 0037 02       		.byte	0x2
 726 0038 05       		.byte	0x5
 727 0039 5F010000 		.4byte	.LASF2
 728 003d 02       		.uleb128 0x2
 729 003e 02       		.byte	0x2
 730 003f 07       		.byte	0x7
 731 0040 C4000000 		.4byte	.LASF3
 732 0044 02       		.uleb128 0x2
 733 0045 04       		.byte	0x4
 734 0046 05       		.byte	0x5
 735 0047 C3010000 		.4byte	.LASF4
 736 004b 02       		.uleb128 0x2
 737 004c 04       		.byte	0x4
ARM GAS  C:\Users\BRIAN~1.SEA\AppData\Local\Temp\cc4gQu4t.s 			page 14


 738 004d 07       		.byte	0x7
 739 004e B2000000 		.4byte	.LASF5
 740 0052 02       		.uleb128 0x2
 741 0053 08       		.byte	0x8
 742 0054 05       		.byte	0x5
 743 0055 51010000 		.4byte	.LASF6
 744 0059 02       		.uleb128 0x2
 745 005a 08       		.byte	0x8
 746 005b 07       		.byte	0x7
 747 005c 06010000 		.4byte	.LASF7
 748 0060 04       		.uleb128 0x4
 749 0061 04       		.byte	0x4
 750 0062 05       		.byte	0x5
 751 0063 696E7400 		.ascii	"int\000"
 752 0067 02       		.uleb128 0x2
 753 0068 04       		.byte	0x4
 754 0069 07       		.byte	0x7
 755 006a F9000000 		.4byte	.LASF8
 756 006e 03       		.uleb128 0x3
 757 006f 1D010000 		.4byte	.LASF10
 758 0073 02       		.byte	0x2
 759 0074 18       		.byte	0x18
 760 0075 24000000 		.4byte	0x24
 761 0079 05       		.uleb128 0x5
 762 007a 91000000 		.4byte	0x91
 763 007e 8A000000 		.4byte	0x8a
 764 0082 06       		.uleb128 0x6
 765 0083 8A000000 		.4byte	0x8a
 766 0087 6F02     		.2byte	0x26f
 767 0089 00       		.byte	0
 768 008a 02       		.uleb128 0x2
 769 008b 04       		.byte	0x4
 770 008c 07       		.byte	0x7
 771 008d 48010000 		.4byte	.LASF11
 772 0091 07       		.uleb128 0x7
 773 0092 6E000000 		.4byte	0x6e
 774 0096 08       		.uleb128 0x8
 775 0097 E7000000 		.4byte	.LASF12
 776 009b 03       		.byte	0x3
 777 009c 1F       		.byte	0x1f
 778 009d A7000000 		.4byte	0xa7
 779 00a1 05       		.uleb128 0x5
 780 00a2 03       		.byte	0x3
 781 00a3 00000000 		.4byte	cy_meta_configecc
 782 00a7 07       		.uleb128 0x7
 783 00a8 79000000 		.4byte	0x79
 784 00ac 05       		.uleb128 0x5
 785 00ad 91000000 		.4byte	0x91
 786 00b1 BC000000 		.4byte	0xbc
 787 00b5 09       		.uleb128 0x9
 788 00b6 8A000000 		.4byte	0x8a
 789 00ba 03       		.byte	0x3
 790 00bb 00       		.byte	0
 791 00bc 08       		.uleb128 0x8
 792 00bd D7000000 		.4byte	.LASF13
 793 00c1 03       		.byte	0x3
 794 00c2 7A       		.byte	0x7a
ARM GAS  C:\Users\BRIAN~1.SEA\AppData\Local\Temp\cc4gQu4t.s 			page 15


 795 00c3 CD000000 		.4byte	0xcd
 796 00c7 05       		.uleb128 0x5
 797 00c8 03       		.byte	0x3
 798 00c9 00000000 		.4byte	cy_meta_custnvl
 799 00cd 07       		.uleb128 0x7
 800 00ce AC000000 		.4byte	0xac
 801 00d2 08       		.uleb128 0x8
 802 00d3 3A010000 		.4byte	.LASF14
 803 00d7 03       		.byte	0x3
 804 00d8 88       		.byte	0x88
 805 00d9 E3000000 		.4byte	0xe3
 806 00dd 05       		.uleb128 0x5
 807 00de 03       		.byte	0x3
 808 00df 00000000 		.4byte	cy_meta_wonvl
 809 00e3 07       		.uleb128 0x7
 810 00e4 AC000000 		.4byte	0xac
 811 00e8 05       		.uleb128 0x5
 812 00e9 91000000 		.4byte	0x91
 813 00ed F8000000 		.4byte	0xf8
 814 00f1 09       		.uleb128 0x9
 815 00f2 8A000000 		.4byte	0x8a
 816 00f6 FF       		.byte	0xff
 817 00f7 00       		.byte	0
 818 00f8 08       		.uleb128 0x8
 819 00f9 25010000 		.4byte	.LASF15
 820 00fd 03       		.byte	0x3
 821 00fe 96       		.byte	0x96
 822 00ff 09010000 		.4byte	0x109
 823 0103 05       		.uleb128 0x5
 824 0104 03       		.byte	0x3
 825 0105 00000000 		.4byte	cy_meta_flashprotect
 826 0109 07       		.uleb128 0x7
 827 010a E8000000 		.4byte	0xe8
 828 010e 05       		.uleb128 0x5
 829 010f 91000000 		.4byte	0x91
 830 0113 1E010000 		.4byte	0x11e
 831 0117 09       		.uleb128 0x9
 832 0118 8A000000 		.4byte	0x8a
 833 011c 0B       		.byte	0xb
 834 011d 00       		.byte	0
 835 011e 08       		.uleb128 0x8
 836 011f 0A000000 		.4byte	.LASF16
 837 0123 03       		.byte	0x3
 838 0124 C3       		.byte	0xc3
 839 0125 2F010000 		.4byte	0x12f
 840 0129 05       		.uleb128 0x5
 841 012a 03       		.byte	0x3
 842 012b 00000000 		.4byte	cy_metadata
 843 012f 07       		.uleb128 0x7
 844 0130 0E010000 		.4byte	0x10e
 845 0134 00       		.byte	0
 846              		.section	.debug_abbrev,"",%progbits
 847              	.Ldebug_abbrev0:
 848 0000 01       		.uleb128 0x1
 849 0001 11       		.uleb128 0x11
 850 0002 01       		.byte	0x1
 851 0003 25       		.uleb128 0x25
ARM GAS  C:\Users\BRIAN~1.SEA\AppData\Local\Temp\cc4gQu4t.s 			page 16


 852 0004 0E       		.uleb128 0xe
 853 0005 13       		.uleb128 0x13
 854 0006 0B       		.uleb128 0xb
 855 0007 03       		.uleb128 0x3
 856 0008 0E       		.uleb128 0xe
 857 0009 1B       		.uleb128 0x1b
 858 000a 0E       		.uleb128 0xe
 859 000b 10       		.uleb128 0x10
 860 000c 17       		.uleb128 0x17
 861 000d 00       		.byte	0
 862 000e 00       		.byte	0
 863 000f 02       		.uleb128 0x2
 864 0010 24       		.uleb128 0x24
 865 0011 00       		.byte	0
 866 0012 0B       		.uleb128 0xb
 867 0013 0B       		.uleb128 0xb
 868 0014 3E       		.uleb128 0x3e
 869 0015 0B       		.uleb128 0xb
 870 0016 03       		.uleb128 0x3
 871 0017 0E       		.uleb128 0xe
 872 0018 00       		.byte	0
 873 0019 00       		.byte	0
 874 001a 03       		.uleb128 0x3
 875 001b 16       		.uleb128 0x16
 876 001c 00       		.byte	0
 877 001d 03       		.uleb128 0x3
 878 001e 0E       		.uleb128 0xe
 879 001f 3A       		.uleb128 0x3a
 880 0020 0B       		.uleb128 0xb
 881 0021 3B       		.uleb128 0x3b
 882 0022 0B       		.uleb128 0xb
 883 0023 49       		.uleb128 0x49
 884 0024 13       		.uleb128 0x13
 885 0025 00       		.byte	0
 886 0026 00       		.byte	0
 887 0027 04       		.uleb128 0x4
 888 0028 24       		.uleb128 0x24
 889 0029 00       		.byte	0
 890 002a 0B       		.uleb128 0xb
 891 002b 0B       		.uleb128 0xb
 892 002c 3E       		.uleb128 0x3e
 893 002d 0B       		.uleb128 0xb
 894 002e 03       		.uleb128 0x3
 895 002f 08       		.uleb128 0x8
 896 0030 00       		.byte	0
 897 0031 00       		.byte	0
 898 0032 05       		.uleb128 0x5
 899 0033 01       		.uleb128 0x1
 900 0034 01       		.byte	0x1
 901 0035 49       		.uleb128 0x49
 902 0036 13       		.uleb128 0x13
 903 0037 01       		.uleb128 0x1
 904 0038 13       		.uleb128 0x13
 905 0039 00       		.byte	0
 906 003a 00       		.byte	0
 907 003b 06       		.uleb128 0x6
 908 003c 21       		.uleb128 0x21
ARM GAS  C:\Users\BRIAN~1.SEA\AppData\Local\Temp\cc4gQu4t.s 			page 17


 909 003d 00       		.byte	0
 910 003e 49       		.uleb128 0x49
 911 003f 13       		.uleb128 0x13
 912 0040 2F       		.uleb128 0x2f
 913 0041 05       		.uleb128 0x5
 914 0042 00       		.byte	0
 915 0043 00       		.byte	0
 916 0044 07       		.uleb128 0x7
 917 0045 26       		.uleb128 0x26
 918 0046 00       		.byte	0
 919 0047 49       		.uleb128 0x49
 920 0048 13       		.uleb128 0x13
 921 0049 00       		.byte	0
 922 004a 00       		.byte	0
 923 004b 08       		.uleb128 0x8
 924 004c 34       		.uleb128 0x34
 925 004d 00       		.byte	0
 926 004e 03       		.uleb128 0x3
 927 004f 0E       		.uleb128 0xe
 928 0050 3A       		.uleb128 0x3a
 929 0051 0B       		.uleb128 0xb
 930 0052 3B       		.uleb128 0x3b
 931 0053 0B       		.uleb128 0xb
 932 0054 49       		.uleb128 0x49
 933 0055 13       		.uleb128 0x13
 934 0056 3F       		.uleb128 0x3f
 935 0057 19       		.uleb128 0x19
 936 0058 02       		.uleb128 0x2
 937 0059 18       		.uleb128 0x18
 938 005a 00       		.byte	0
 939 005b 00       		.byte	0
 940 005c 09       		.uleb128 0x9
 941 005d 21       		.uleb128 0x21
 942 005e 00       		.byte	0
 943 005f 49       		.uleb128 0x49
 944 0060 13       		.uleb128 0x13
 945 0061 2F       		.uleb128 0x2f
 946 0062 0B       		.uleb128 0xb
 947 0063 00       		.byte	0
 948 0064 00       		.byte	0
 949 0065 00       		.byte	0
 950              		.section	.debug_aranges,"",%progbits
 951 0000 14000000 		.4byte	0x14
 952 0004 0200     		.2byte	0x2
 953 0006 00000000 		.4byte	.Ldebug_info0
 954 000a 04       		.byte	0x4
 955 000b 00       		.byte	0
 956 000c 0000     		.2byte	0
 957 000e 0000     		.2byte	0
 958 0010 00000000 		.4byte	0
 959 0014 00000000 		.4byte	0
 960              		.section	.debug_line,"",%progbits
 961              	.Ldebug_line0:
 962 0000 3D010000 		.section	.debug_str,"MS",%progbits,1
 962      02003701 
 962      00000201 
 962      FB0E0D00 
ARM GAS  C:\Users\BRIAN~1.SEA\AppData\Local\Temp\cc4gQu4t.s 			page 18


 962      01010101 
 963              	.LASF9:
 964 0000 5F5F7569 		.ascii	"__uint8_t\000"
 964      6E74385F 
 964      7400
 965              	.LASF16:
 966 000a 63795F6D 		.ascii	"cy_metadata\000"
 966      65746164 
 966      61746100 
 967              	.LASF1:
 968 0016 756E7369 		.ascii	"unsigned char\000"
 968      676E6564 
 968      20636861 
 968      7200
 969              	.LASF17:
 970 0024 474E5520 		.ascii	"GNU C11 5.4.1 20160609 (release) [ARM/embedded-5-br"
 970      43313120 
 970      352E342E 
 970      31203230 
 970      31363036 
 971 0057 616E6368 		.ascii	"anch revision 237715] -mcpu=cortex-m3 -mthumb -g -O"
 971      20726576 
 971      6973696F 
 971      6E203233 
 971      37373135 
 972 008a 67202D66 		.ascii	"g -ffunction-sections -ffat-lto-objects\000"
 972      66756E63 
 972      74696F6E 
 972      2D736563 
 972      74696F6E 
 973              	.LASF5:
 974 00b2 6C6F6E67 		.ascii	"long unsigned int\000"
 974      20756E73 
 974      69676E65 
 974      6420696E 
 974      7400
 975              	.LASF3:
 976 00c4 73686F72 		.ascii	"short unsigned int\000"
 976      7420756E 
 976      7369676E 
 976      65642069 
 976      6E7400
 977              	.LASF13:
 978 00d7 63795F6D 		.ascii	"cy_meta_custnvl\000"
 978      6574615F 
 978      63757374 
 978      6E766C00 
 979              	.LASF12:
 980 00e7 63795F6D 		.ascii	"cy_meta_configecc\000"
 980      6574615F 
 980      636F6E66 
 980      69676563 
 980      6300
 981              	.LASF8:
 982 00f9 756E7369 		.ascii	"unsigned int\000"
 982      676E6564 
 982      20696E74 
ARM GAS  C:\Users\BRIAN~1.SEA\AppData\Local\Temp\cc4gQu4t.s 			page 19


 982      00
 983              	.LASF7:
 984 0106 6C6F6E67 		.ascii	"long long unsigned int\000"
 984      206C6F6E 
 984      6720756E 
 984      7369676E 
 984      65642069 
 985              	.LASF10:
 986 011d 75696E74 		.ascii	"uint8_t\000"
 986      385F7400 
 987              	.LASF15:
 988 0125 63795F6D 		.ascii	"cy_meta_flashprotect\000"
 988      6574615F 
 988      666C6173 
 988      6870726F 
 988      74656374 
 989              	.LASF14:
 990 013a 63795F6D 		.ascii	"cy_meta_wonvl\000"
 990      6574615F 
 990      776F6E76 
 990      6C00
 991              	.LASF11:
 992 0148 73697A65 		.ascii	"sizetype\000"
 992      74797065 
 992      00
 993              	.LASF6:
 994 0151 6C6F6E67 		.ascii	"long long int\000"
 994      206C6F6E 
 994      6720696E 
 994      7400
 995              	.LASF2:
 996 015f 73686F72 		.ascii	"short int\000"
 996      7420696E 
 996      7400
 997              	.LASF19:
 998 0169 433A5C5F 		.ascii	"C:\\_User\\GitHub Projects\\PulseGen\\PulseGen.cywr"
 998      55736572 
 998      5C476974 
 998      48756220 
 998      50726F6A 
 999 0198 6B5F2E41 		.ascii	"k_.Archive01\\Design93\\PulseGenerator.cydsn\000"
 999      72636869 
 999      76653031 
 999      5C446573 
 999      69676E39 
 1000              	.LASF4:
 1001 01c3 6C6F6E67 		.ascii	"long int\000"
 1001      20696E74 
 1001      00
 1002              	.LASF0:
 1003 01cc 7369676E 		.ascii	"signed char\000"
 1003      65642063 
 1003      68617200 
 1004              	.LASF18:
 1005 01d8 47656E65 		.ascii	"Generated_Source\\PSoC5\\cymetadata.c\000"
 1005      72617465 
 1005      645F536F 
ARM GAS  C:\Users\BRIAN~1.SEA\AppData\Local\Temp\cc4gQu4t.s 			page 20


 1005      75726365 
 1005      5C50536F 
 1006              		.ident	"GCC: (GNU Tools for ARM Embedded Processors) 5.4.1 20160609 (release) [ARM/embedded-5-bran
