ARM GAS  C:\Users\BRIAN~1.SEA\AppData\Local\Temp\cctGPdsh.s 			page 1


   1              		.syntax unified
   2              		.cpu cortex-m3
   3              		.fpu softvfp
   4              		.eabi_attribute 20, 1
   5              		.eabi_attribute 21, 1
   6              		.eabi_attribute 23, 3
   7              		.eabi_attribute 24, 1
   8              		.eabi_attribute 25, 1
   9              		.eabi_attribute 26, 1
  10              		.eabi_attribute 30, 1
  11              		.eabi_attribute 34, 1
  12              		.eabi_attribute 18, 4
  13              		.thumb
  14              		.syntax unified
  15              		.file	"TrigPulseTrain.c"
  16              		.text
  17              	.Ltext0:
  18              		.cfi_sections	.debug_frame
  19              		.section	.text.TrigPulseTrain_Write,"ax",%progbits
  20              		.align	2
  21              		.global	TrigPulseTrain_Write
  22              		.thumb
  23              		.thumb_func
  24              		.type	TrigPulseTrain_Write, %function
  25              	TrigPulseTrain_Write:
  26              	.LFB0:
  27              		.file 1 "Generated_Source\\PSoC5\\TrigPulseTrain.c"
   1:Generated_Source\PSoC5/TrigPulseTrain.c **** /*******************************************************************************
   2:Generated_Source\PSoC5/TrigPulseTrain.c **** * File Name: TrigPulseTrain.c  
   3:Generated_Source\PSoC5/TrigPulseTrain.c **** * Version 1.80
   4:Generated_Source\PSoC5/TrigPulseTrain.c **** *
   5:Generated_Source\PSoC5/TrigPulseTrain.c **** * Description:
   6:Generated_Source\PSoC5/TrigPulseTrain.c **** *  This file contains API to enable firmware control of a Control Register.
   7:Generated_Source\PSoC5/TrigPulseTrain.c **** *
   8:Generated_Source\PSoC5/TrigPulseTrain.c **** * Note:
   9:Generated_Source\PSoC5/TrigPulseTrain.c **** *
  10:Generated_Source\PSoC5/TrigPulseTrain.c **** ********************************************************************************
  11:Generated_Source\PSoC5/TrigPulseTrain.c **** * Copyright 2008-2015, Cypress Semiconductor Corporation.  All rights reserved.
  12:Generated_Source\PSoC5/TrigPulseTrain.c **** * You may use this file only in accordance with the license, terms, conditions, 
  13:Generated_Source\PSoC5/TrigPulseTrain.c **** * disclaimers, and limitations in the end user license agreement accompanying 
  14:Generated_Source\PSoC5/TrigPulseTrain.c **** * the software package with which this file was provided.
  15:Generated_Source\PSoC5/TrigPulseTrain.c **** *******************************************************************************/
  16:Generated_Source\PSoC5/TrigPulseTrain.c **** 
  17:Generated_Source\PSoC5/TrigPulseTrain.c **** #include "TrigPulseTrain.h"
  18:Generated_Source\PSoC5/TrigPulseTrain.c **** 
  19:Generated_Source\PSoC5/TrigPulseTrain.c **** /* Check for removal by optimization */
  20:Generated_Source\PSoC5/TrigPulseTrain.c **** #if !defined(TrigPulseTrain_Sync_ctrl_reg__REMOVED)
  21:Generated_Source\PSoC5/TrigPulseTrain.c **** 
  22:Generated_Source\PSoC5/TrigPulseTrain.c ****     
  23:Generated_Source\PSoC5/TrigPulseTrain.c **** /*******************************************************************************
  24:Generated_Source\PSoC5/TrigPulseTrain.c **** * Function Name: TrigPulseTrain_Write
  25:Generated_Source\PSoC5/TrigPulseTrain.c **** ********************************************************************************
  26:Generated_Source\PSoC5/TrigPulseTrain.c **** *
  27:Generated_Source\PSoC5/TrigPulseTrain.c **** * Summary:
  28:Generated_Source\PSoC5/TrigPulseTrain.c **** *  Write a byte to the Control Register.
  29:Generated_Source\PSoC5/TrigPulseTrain.c **** *
  30:Generated_Source\PSoC5/TrigPulseTrain.c **** * Parameters:
ARM GAS  C:\Users\BRIAN~1.SEA\AppData\Local\Temp\cctGPdsh.s 			page 2


  31:Generated_Source\PSoC5/TrigPulseTrain.c **** *  control:  The value to be assigned to the Control Register.
  32:Generated_Source\PSoC5/TrigPulseTrain.c **** *
  33:Generated_Source\PSoC5/TrigPulseTrain.c **** * Return:
  34:Generated_Source\PSoC5/TrigPulseTrain.c **** *  None.
  35:Generated_Source\PSoC5/TrigPulseTrain.c **** *
  36:Generated_Source\PSoC5/TrigPulseTrain.c **** *******************************************************************************/
  37:Generated_Source\PSoC5/TrigPulseTrain.c **** void TrigPulseTrain_Write(uint8 control) 
  38:Generated_Source\PSoC5/TrigPulseTrain.c **** {
  28              		.loc 1 38 0
  29              		.cfi_startproc
  30              		@ args = 0, pretend = 0, frame = 0
  31              		@ frame_needed = 0, uses_anonymous_args = 0
  32              		@ link register save eliminated.
  33              	.LVL0:
  39:Generated_Source\PSoC5/TrigPulseTrain.c ****     TrigPulseTrain_Control = control;
  34              		.loc 1 39 0
  35 0000 014B     		ldr	r3, .L2
  36 0002 1870     		strb	r0, [r3]
  37 0004 7047     		bx	lr
  38              	.L3:
  39 0006 00BF     		.align	2
  40              	.L2:
  41 0008 74650040 		.word	1073767796
  42              		.cfi_endproc
  43              	.LFE0:
  44              		.size	TrigPulseTrain_Write, .-TrigPulseTrain_Write
  45              		.section	.text.TrigPulseTrain_Read,"ax",%progbits
  46              		.align	2
  47              		.global	TrigPulseTrain_Read
  48              		.thumb
  49              		.thumb_func
  50              		.type	TrigPulseTrain_Read, %function
  51              	TrigPulseTrain_Read:
  52              	.LFB1:
  40:Generated_Source\PSoC5/TrigPulseTrain.c **** }
  41:Generated_Source\PSoC5/TrigPulseTrain.c **** 
  42:Generated_Source\PSoC5/TrigPulseTrain.c **** 
  43:Generated_Source\PSoC5/TrigPulseTrain.c **** /*******************************************************************************
  44:Generated_Source\PSoC5/TrigPulseTrain.c **** * Function Name: TrigPulseTrain_Read
  45:Generated_Source\PSoC5/TrigPulseTrain.c **** ********************************************************************************
  46:Generated_Source\PSoC5/TrigPulseTrain.c **** *
  47:Generated_Source\PSoC5/TrigPulseTrain.c **** * Summary:
  48:Generated_Source\PSoC5/TrigPulseTrain.c **** *  Reads the current value assigned to the Control Register.
  49:Generated_Source\PSoC5/TrigPulseTrain.c **** *
  50:Generated_Source\PSoC5/TrigPulseTrain.c **** * Parameters:
  51:Generated_Source\PSoC5/TrigPulseTrain.c **** *  None.
  52:Generated_Source\PSoC5/TrigPulseTrain.c **** *
  53:Generated_Source\PSoC5/TrigPulseTrain.c **** * Return:
  54:Generated_Source\PSoC5/TrigPulseTrain.c **** *  Returns the current value in the Control Register.
  55:Generated_Source\PSoC5/TrigPulseTrain.c **** *
  56:Generated_Source\PSoC5/TrigPulseTrain.c **** *******************************************************************************/
  57:Generated_Source\PSoC5/TrigPulseTrain.c **** uint8 TrigPulseTrain_Read(void) 
  58:Generated_Source\PSoC5/TrigPulseTrain.c **** {
  53              		.loc 1 58 0
  54              		.cfi_startproc
  55              		@ args = 0, pretend = 0, frame = 0
  56              		@ frame_needed = 0, uses_anonymous_args = 0
ARM GAS  C:\Users\BRIAN~1.SEA\AppData\Local\Temp\cctGPdsh.s 			page 3


  57              		@ link register save eliminated.
  59:Generated_Source\PSoC5/TrigPulseTrain.c ****     return TrigPulseTrain_Control;
  58              		.loc 1 59 0
  59 0000 014B     		ldr	r3, .L5
  60 0002 1878     		ldrb	r0, [r3]	@ zero_extendqisi2
  60:Generated_Source\PSoC5/TrigPulseTrain.c **** }
  61              		.loc 1 60 0
  62 0004 7047     		bx	lr
  63              	.L6:
  64 0006 00BF     		.align	2
  65              	.L5:
  66 0008 74650040 		.word	1073767796
  67              		.cfi_endproc
  68              	.LFE1:
  69              		.size	TrigPulseTrain_Read, .-TrigPulseTrain_Read
  70              		.text
  71              	.Letext0:
  72              		.file 2 "Generated_Source\\PSoC5\\cytypes.h"
  73              		.section	.debug_info,"",%progbits
  74              	.Ldebug_info0:
  75 0000 D1000000 		.4byte	0xd1
  76 0004 0400     		.2byte	0x4
  77 0006 00000000 		.4byte	.Ldebug_abbrev0
  78 000a 04       		.byte	0x4
  79 000b 01       		.uleb128 0x1
  80 000c 1B000000 		.4byte	.LASF14
  81 0010 0C       		.byte	0xc
  82 0011 DB000000 		.4byte	.LASF15
  83 0015 73010000 		.4byte	.LASF16
  84 0019 00000000 		.4byte	.Ldebug_ranges0+0
  85 001d 00000000 		.4byte	0
  86 0021 00000000 		.4byte	.Ldebug_line0
  87 0025 02       		.uleb128 0x2
  88 0026 01       		.byte	0x1
  89 0027 06       		.byte	0x6
  90 0028 D6010000 		.4byte	.LASF0
  91 002c 02       		.uleb128 0x2
  92 002d 01       		.byte	0x1
  93 002e 08       		.byte	0x8
  94 002f 0D000000 		.4byte	.LASF1
  95 0033 02       		.uleb128 0x2
  96 0034 02       		.byte	0x2
  97 0035 05       		.byte	0x5
  98 0036 63010000 		.4byte	.LASF2
  99 003a 02       		.uleb128 0x2
 100 003b 02       		.byte	0x2
 101 003c 07       		.byte	0x7
 102 003d C0000000 		.4byte	.LASF3
 103 0041 02       		.uleb128 0x2
 104 0042 04       		.byte	0x4
 105 0043 05       		.byte	0x5
 106 0044 CD010000 		.4byte	.LASF4
 107 0048 02       		.uleb128 0x2
 108 0049 04       		.byte	0x4
 109 004a 07       		.byte	0x7
 110 004b AE000000 		.4byte	.LASF5
 111 004f 02       		.uleb128 0x2
ARM GAS  C:\Users\BRIAN~1.SEA\AppData\Local\Temp\cctGPdsh.s 			page 4


 112 0050 08       		.byte	0x8
 113 0051 05       		.byte	0x5
 114 0052 50010000 		.4byte	.LASF6
 115 0056 02       		.uleb128 0x2
 116 0057 08       		.byte	0x8
 117 0058 07       		.byte	0x7
 118 0059 10010000 		.4byte	.LASF7
 119 005d 03       		.uleb128 0x3
 120 005e 04       		.byte	0x4
 121 005f 05       		.byte	0x5
 122 0060 696E7400 		.ascii	"int\000"
 123 0064 02       		.uleb128 0x2
 124 0065 04       		.byte	0x4
 125 0066 07       		.byte	0x7
 126 0067 03010000 		.4byte	.LASF8
 127 006b 04       		.uleb128 0x4
 128 006c 6D010000 		.4byte	.LASF12
 129 0070 02       		.byte	0x2
 130 0071 B4       		.byte	0xb4
 131 0072 2C000000 		.4byte	0x2c
 132 0076 02       		.uleb128 0x2
 133 0077 04       		.byte	0x4
 134 0078 04       		.byte	0x4
 135 0079 07000000 		.4byte	.LASF9
 136 007d 02       		.uleb128 0x2
 137 007e 08       		.byte	0x8
 138 007f 04       		.byte	0x4
 139 0080 00000000 		.4byte	.LASF10
 140 0084 02       		.uleb128 0x2
 141 0085 01       		.byte	0x1
 142 0086 08       		.byte	0x8
 143 0087 5E010000 		.4byte	.LASF11
 144 008b 05       		.uleb128 0x5
 145 008c A9000000 		.4byte	.LASF13
 146 0090 02       		.byte	0x2
 147 0091 5E01     		.2byte	0x15e
 148 0093 97000000 		.4byte	0x97
 149 0097 06       		.uleb128 0x6
 150 0098 6B000000 		.4byte	0x6b
 151 009c 07       		.uleb128 0x7
 152 009d 3B010000 		.4byte	.LASF17
 153 00a1 01       		.byte	0x1
 154 00a2 25       		.byte	0x25
 155 00a3 00000000 		.4byte	.LFB0
 156 00a7 0C000000 		.4byte	.LFE0-.LFB0
 157 00ab 01       		.uleb128 0x1
 158 00ac 9C       		.byte	0x9c
 159 00ad BF000000 		.4byte	0xbf
 160 00b1 08       		.uleb128 0x8
 161 00b2 D3000000 		.4byte	.LASF18
 162 00b6 01       		.byte	0x1
 163 00b7 25       		.byte	0x25
 164 00b8 6B000000 		.4byte	0x6b
 165 00bc 01       		.uleb128 0x1
 166 00bd 50       		.byte	0x50
 167 00be 00       		.byte	0
 168 00bf 09       		.uleb128 0x9
ARM GAS  C:\Users\BRIAN~1.SEA\AppData\Local\Temp\cctGPdsh.s 			page 5


 169 00c0 27010000 		.4byte	.LASF19
 170 00c4 01       		.byte	0x1
 171 00c5 39       		.byte	0x39
 172 00c6 6B000000 		.4byte	0x6b
 173 00ca 00000000 		.4byte	.LFB1
 174 00ce 0C000000 		.4byte	.LFE1-.LFB1
 175 00d2 01       		.uleb128 0x1
 176 00d3 9C       		.byte	0x9c
 177 00d4 00       		.byte	0
 178              		.section	.debug_abbrev,"",%progbits
 179              	.Ldebug_abbrev0:
 180 0000 01       		.uleb128 0x1
 181 0001 11       		.uleb128 0x11
 182 0002 01       		.byte	0x1
 183 0003 25       		.uleb128 0x25
 184 0004 0E       		.uleb128 0xe
 185 0005 13       		.uleb128 0x13
 186 0006 0B       		.uleb128 0xb
 187 0007 03       		.uleb128 0x3
 188 0008 0E       		.uleb128 0xe
 189 0009 1B       		.uleb128 0x1b
 190 000a 0E       		.uleb128 0xe
 191 000b 55       		.uleb128 0x55
 192 000c 17       		.uleb128 0x17
 193 000d 11       		.uleb128 0x11
 194 000e 01       		.uleb128 0x1
 195 000f 10       		.uleb128 0x10
 196 0010 17       		.uleb128 0x17
 197 0011 00       		.byte	0
 198 0012 00       		.byte	0
 199 0013 02       		.uleb128 0x2
 200 0014 24       		.uleb128 0x24
 201 0015 00       		.byte	0
 202 0016 0B       		.uleb128 0xb
 203 0017 0B       		.uleb128 0xb
 204 0018 3E       		.uleb128 0x3e
 205 0019 0B       		.uleb128 0xb
 206 001a 03       		.uleb128 0x3
 207 001b 0E       		.uleb128 0xe
 208 001c 00       		.byte	0
 209 001d 00       		.byte	0
 210 001e 03       		.uleb128 0x3
 211 001f 24       		.uleb128 0x24
 212 0020 00       		.byte	0
 213 0021 0B       		.uleb128 0xb
 214 0022 0B       		.uleb128 0xb
 215 0023 3E       		.uleb128 0x3e
 216 0024 0B       		.uleb128 0xb
 217 0025 03       		.uleb128 0x3
 218 0026 08       		.uleb128 0x8
 219 0027 00       		.byte	0
 220 0028 00       		.byte	0
 221 0029 04       		.uleb128 0x4
 222 002a 16       		.uleb128 0x16
 223 002b 00       		.byte	0
 224 002c 03       		.uleb128 0x3
 225 002d 0E       		.uleb128 0xe
ARM GAS  C:\Users\BRIAN~1.SEA\AppData\Local\Temp\cctGPdsh.s 			page 6


 226 002e 3A       		.uleb128 0x3a
 227 002f 0B       		.uleb128 0xb
 228 0030 3B       		.uleb128 0x3b
 229 0031 0B       		.uleb128 0xb
 230 0032 49       		.uleb128 0x49
 231 0033 13       		.uleb128 0x13
 232 0034 00       		.byte	0
 233 0035 00       		.byte	0
 234 0036 05       		.uleb128 0x5
 235 0037 16       		.uleb128 0x16
 236 0038 00       		.byte	0
 237 0039 03       		.uleb128 0x3
 238 003a 0E       		.uleb128 0xe
 239 003b 3A       		.uleb128 0x3a
 240 003c 0B       		.uleb128 0xb
 241 003d 3B       		.uleb128 0x3b
 242 003e 05       		.uleb128 0x5
 243 003f 49       		.uleb128 0x49
 244 0040 13       		.uleb128 0x13
 245 0041 00       		.byte	0
 246 0042 00       		.byte	0
 247 0043 06       		.uleb128 0x6
 248 0044 35       		.uleb128 0x35
 249 0045 00       		.byte	0
 250 0046 49       		.uleb128 0x49
 251 0047 13       		.uleb128 0x13
 252 0048 00       		.byte	0
 253 0049 00       		.byte	0
 254 004a 07       		.uleb128 0x7
 255 004b 2E       		.uleb128 0x2e
 256 004c 01       		.byte	0x1
 257 004d 3F       		.uleb128 0x3f
 258 004e 19       		.uleb128 0x19
 259 004f 03       		.uleb128 0x3
 260 0050 0E       		.uleb128 0xe
 261 0051 3A       		.uleb128 0x3a
 262 0052 0B       		.uleb128 0xb
 263 0053 3B       		.uleb128 0x3b
 264 0054 0B       		.uleb128 0xb
 265 0055 27       		.uleb128 0x27
 266 0056 19       		.uleb128 0x19
 267 0057 11       		.uleb128 0x11
 268 0058 01       		.uleb128 0x1
 269 0059 12       		.uleb128 0x12
 270 005a 06       		.uleb128 0x6
 271 005b 40       		.uleb128 0x40
 272 005c 18       		.uleb128 0x18
 273 005d 9742     		.uleb128 0x2117
 274 005f 19       		.uleb128 0x19
 275 0060 01       		.uleb128 0x1
 276 0061 13       		.uleb128 0x13
 277 0062 00       		.byte	0
 278 0063 00       		.byte	0
 279 0064 08       		.uleb128 0x8
 280 0065 05       		.uleb128 0x5
 281 0066 00       		.byte	0
 282 0067 03       		.uleb128 0x3
ARM GAS  C:\Users\BRIAN~1.SEA\AppData\Local\Temp\cctGPdsh.s 			page 7


 283 0068 0E       		.uleb128 0xe
 284 0069 3A       		.uleb128 0x3a
 285 006a 0B       		.uleb128 0xb
 286 006b 3B       		.uleb128 0x3b
 287 006c 0B       		.uleb128 0xb
 288 006d 49       		.uleb128 0x49
 289 006e 13       		.uleb128 0x13
 290 006f 02       		.uleb128 0x2
 291 0070 18       		.uleb128 0x18
 292 0071 00       		.byte	0
 293 0072 00       		.byte	0
 294 0073 09       		.uleb128 0x9
 295 0074 2E       		.uleb128 0x2e
 296 0075 00       		.byte	0
 297 0076 3F       		.uleb128 0x3f
 298 0077 19       		.uleb128 0x19
 299 0078 03       		.uleb128 0x3
 300 0079 0E       		.uleb128 0xe
 301 007a 3A       		.uleb128 0x3a
 302 007b 0B       		.uleb128 0xb
 303 007c 3B       		.uleb128 0x3b
 304 007d 0B       		.uleb128 0xb
 305 007e 27       		.uleb128 0x27
 306 007f 19       		.uleb128 0x19
 307 0080 49       		.uleb128 0x49
 308 0081 13       		.uleb128 0x13
 309 0082 11       		.uleb128 0x11
 310 0083 01       		.uleb128 0x1
 311 0084 12       		.uleb128 0x12
 312 0085 06       		.uleb128 0x6
 313 0086 40       		.uleb128 0x40
 314 0087 18       		.uleb128 0x18
 315 0088 9742     		.uleb128 0x2117
 316 008a 19       		.uleb128 0x19
 317 008b 00       		.byte	0
 318 008c 00       		.byte	0
 319 008d 00       		.byte	0
 320              		.section	.debug_aranges,"",%progbits
 321 0000 24000000 		.4byte	0x24
 322 0004 0200     		.2byte	0x2
 323 0006 00000000 		.4byte	.Ldebug_info0
 324 000a 04       		.byte	0x4
 325 000b 00       		.byte	0
 326 000c 0000     		.2byte	0
 327 000e 0000     		.2byte	0
 328 0010 00000000 		.4byte	.LFB0
 329 0014 0C000000 		.4byte	.LFE0-.LFB0
 330 0018 00000000 		.4byte	.LFB1
 331 001c 0C000000 		.4byte	.LFE1-.LFB1
 332 0020 00000000 		.4byte	0
 333 0024 00000000 		.4byte	0
 334              		.section	.debug_ranges,"",%progbits
 335              	.Ldebug_ranges0:
 336 0000 00000000 		.4byte	.LFB0
 337 0004 0C000000 		.4byte	.LFE0
 338 0008 00000000 		.4byte	.LFB1
 339 000c 0C000000 		.4byte	.LFE1
ARM GAS  C:\Users\BRIAN~1.SEA\AppData\Local\Temp\cctGPdsh.s 			page 8


 340 0010 00000000 		.4byte	0
 341 0014 00000000 		.4byte	0
 342              		.section	.debug_line,"",%progbits
 343              	.Ldebug_line0:
 344 0000 72000000 		.section	.debug_str,"MS",%progbits,1
 344      02004B00 
 344      00000201 
 344      FB0E0D00 
 344      01010101 
 345              	.LASF10:
 346 0000 646F7562 		.ascii	"double\000"
 346      6C6500
 347              	.LASF9:
 348 0007 666C6F61 		.ascii	"float\000"
 348      7400
 349              	.LASF1:
 350 000d 756E7369 		.ascii	"unsigned char\000"
 350      676E6564 
 350      20636861 
 350      7200
 351              	.LASF14:
 352 001b 474E5520 		.ascii	"GNU C11 5.4.1 20160609 (release) [ARM/embedded-5-br"
 352      43313120 
 352      352E342E 
 352      31203230 
 352      31363036 
 353 004e 616E6368 		.ascii	"anch revision 237715] -mcpu=cortex-m3 -mthumb -g -O"
 353      20726576 
 353      6973696F 
 353      6E203233 
 353      37373135 
 354 0081 67202D66 		.ascii	"g -ffunction-sections -ffat-lto-objects\000"
 354      66756E63 
 354      74696F6E 
 354      2D736563 
 354      74696F6E 
 355              	.LASF13:
 356 00a9 72656738 		.ascii	"reg8\000"
 356      00
 357              	.LASF5:
 358 00ae 6C6F6E67 		.ascii	"long unsigned int\000"
 358      20756E73 
 358      69676E65 
 358      6420696E 
 358      7400
 359              	.LASF3:
 360 00c0 73686F72 		.ascii	"short unsigned int\000"
 360      7420756E 
 360      7369676E 
 360      65642069 
 360      6E7400
 361              	.LASF18:
 362 00d3 636F6E74 		.ascii	"control\000"
 362      726F6C00 
 363              	.LASF15:
 364 00db 47656E65 		.ascii	"Generated_Source\\PSoC5\\TrigPulseTrain.c\000"
 364      72617465 
ARM GAS  C:\Users\BRIAN~1.SEA\AppData\Local\Temp\cctGPdsh.s 			page 9


 364      645F536F 
 364      75726365 
 364      5C50536F 
 365              	.LASF8:
 366 0103 756E7369 		.ascii	"unsigned int\000"
 366      676E6564 
 366      20696E74 
 366      00
 367              	.LASF7:
 368 0110 6C6F6E67 		.ascii	"long long unsigned int\000"
 368      206C6F6E 
 368      6720756E 
 368      7369676E 
 368      65642069 
 369              	.LASF19:
 370 0127 54726967 		.ascii	"TrigPulseTrain_Read\000"
 370      50756C73 
 370      65547261 
 370      696E5F52 
 370      65616400 
 371              	.LASF17:
 372 013b 54726967 		.ascii	"TrigPulseTrain_Write\000"
 372      50756C73 
 372      65547261 
 372      696E5F57 
 372      72697465 
 373              	.LASF6:
 374 0150 6C6F6E67 		.ascii	"long long int\000"
 374      206C6F6E 
 374      6720696E 
 374      7400
 375              	.LASF11:
 376 015e 63686172 		.ascii	"char\000"
 376      00
 377              	.LASF2:
 378 0163 73686F72 		.ascii	"short int\000"
 378      7420696E 
 378      7400
 379              	.LASF12:
 380 016d 75696E74 		.ascii	"uint8\000"
 380      3800
 381              	.LASF16:
 382 0173 433A5C5F 		.ascii	"C:\\_User\\GitHub Projects\\PulseGen\\PulseGen.cywr"
 382      55736572 
 382      5C476974 
 382      48756220 
 382      50726F6A 
 383 01a2 6B5F2E41 		.ascii	"k_.Archive01\\Design93\\PulseGenerator.cydsn\000"
 383      72636869 
 383      76653031 
 383      5C446573 
 383      69676E39 
 384              	.LASF4:
 385 01cd 6C6F6E67 		.ascii	"long int\000"
 385      20696E74 
 385      00
 386              	.LASF0:
ARM GAS  C:\Users\BRIAN~1.SEA\AppData\Local\Temp\cctGPdsh.s 			page 10


 387 01d6 7369676E 		.ascii	"signed char\000"
 387      65642063 
 387      68617200 
 388              		.ident	"GCC: (GNU Tools for ARM Embedded Processors) 5.4.1 20160609 (release) [ARM/embedded-5-bran
