ARM GAS  C:\Users\BRIAN~1.SEA\AppData\Local\Temp\ccQWvo34.s 			page 1


   1              		.syntax unified
   2              		.cpu cortex-m3
   3              		.fpu softvfp
   4              		.eabi_attribute 20, 1
   5              		.eabi_attribute 21, 1
   6              		.eabi_attribute 23, 3
   7              		.eabi_attribute 24, 1
   8              		.eabi_attribute 25, 1
   9              		.eabi_attribute 26, 1
  10              		.eabi_attribute 30, 1
  11              		.eabi_attribute 34, 1
  12              		.eabi_attribute 18, 4
  13              		.thumb
  14              		.syntax unified
  15              		.file	"usb.c"
  16              		.text
  17              	.Ltext0:
  18              		.cfi_sections	.debug_frame
  19              		.section	.text.usb_Load_EP1,"ax",%progbits
  20              		.align	2
  21              		.thumb
  22              		.thumb_func
  23              		.type	usb_Load_EP1, %function
  24              	usb_Load_EP1:
  25              	.LFB70:
  26              		.file 1 "..\\AMC_Lib\\src\\usb.c"
   1:..\AMC_Lib\src/usb.c **** /*------------------------------------------------------------------------------
   2:..\AMC_Lib\src/usb.c **** 
   3:..\AMC_Lib\src/usb.c **** 	Filename:	usb.c
   4:..\AMC_Lib\src/usb.c **** 
   5:..\AMC_Lib\src/usb.c **** 	Authors:	Brian Seaholm of Resodyn Acoustic Mixers (Copywrite 2014)
   6:..\AMC_Lib\src/usb.c **** 
   7:..\AMC_Lib\src/usb.c **** 	Purpose:	This implementation file manages reading and writing to USB.
   8:..\AMC_Lib\src/usb.c **** 	
   9:..\AMC_Lib\src/usb.c **** 				-------------------------------------------------------------
  10:..\AMC_Lib\src/usb.c **** 				--------------IMPORTANT!!!!!---------------------------------
  11:..\AMC_Lib\src/usb.c **** 				Refer to USBFS_episr.c for additional code.  USBFS_EP_2_ISR
  12:..\AMC_Lib\src/usb.c **** 				calls usb_Load_EP2 on interrupt for OUT endpoint.
  13:..\AMC_Lib\src/usb.c **** 				USBFS_BUS_RESET_ISR calls USB_Enumeration_Reset for USB
  14:..\AMC_Lib\src/usb.c **** 				cable disconnection interrupt notification.  Also, call usb_Tick()
  15:..\AMC_Lib\src/usb.c **** 				from main.c
  16:..\AMC_Lib\src/usb.c ****                 
  17:..\AMC_Lib\src/usb.c ****                 2020-08-06: Because of GitHub usage, the user code in USBFS_episr.c kept
  18:..\AMC_Lib\src/usb.c ****                 getting wiped out.  Now using cyapicallbacks.h.
  19:..\AMC_Lib\src/usb.c **** 				-------------------------------------------------------------
  20:..\AMC_Lib\src/usb.c **** 
  21:..\AMC_Lib\src/usb.c **** 	History:
  22:..\AMC_Lib\src/usb.c **** 
  23:..\AMC_Lib\src/usb.c **** 	$Log: usb.c $
  24:..\AMC_Lib\src/usb.c ****     Revision 1.0  2013/07/08 18:16:32  Brian
  25:..\AMC_Lib\src/usb.c **** ------------------------------------------------------------------------------*/
  26:..\AMC_Lib\src/usb.c **** 
  27:..\AMC_Lib\src/usb.c **** /*------------------------------------------------------------------------------
  28:..\AMC_Lib\src/usb.c **** 	Includes
  29:..\AMC_Lib\src/usb.c **** ------------------------------------------------------------------------------*/
  30:..\AMC_Lib\src/usb.c **** #include <project.h>
  31:..\AMC_Lib\src/usb.c **** #include <stdlib.h>
ARM GAS  C:\Users\BRIAN~1.SEA\AppData\Local\Temp\ccQWvo34.s 			page 2


  32:..\AMC_Lib\src/usb.c **** #include <stdio.h>
  33:..\AMC_Lib\src/usb.c **** #include "AMC.h"
  34:..\AMC_Lib\src/usb.c **** #include "eeprom_amc.h"
  35:..\AMC_Lib\src/usb.c **** #include "usb.h"
  36:..\AMC_Lib\src/usb.c **** 
  37:..\AMC_Lib\src/usb.c **** 
  38:..\AMC_Lib\src/usb.c **** 
  39:..\AMC_Lib\src/usb.c **** /*------------------------------------------------------------------------------
  40:..\AMC_Lib\src/usb.c **** 	Defines/Enumerations
  41:..\AMC_Lib\src/usb.c **** ------------------------------------------------------------------------------*/
  42:..\AMC_Lib\src/usb.c **** 
  43:..\AMC_Lib\src/usb.c **** 
  44:..\AMC_Lib\src/usb.c **** 
  45:..\AMC_Lib\src/usb.c **** /*------------------------------------------------------------------------------
  46:..\AMC_Lib\src/usb.c **** 	Variables
  47:..\AMC_Lib\src/usb.c **** ------------------------------------------------------------------------------*/
  48:..\AMC_Lib\src/usb.c **** static UsbHidOutEpCallback usbHidOutEpHandlerInt;	//function pointer local storage for USB HID Out 
  49:..\AMC_Lib\src/usb.c **** 
  50:..\AMC_Lib\src/usb.c **** /* Local Storage for Input and Output Data Buffers */
  51:..\AMC_Lib\src/usb.c **** static uint8* IN_Data_Buffer_Local;
  52:..\AMC_Lib\src/usb.c **** static uint8* OUT_Data_Buffer_Local;
  53:..\AMC_Lib\src/usb.c **** 
  54:..\AMC_Lib\src/usb.c **** static CYBIT USB_Enumerated = FALSE;
  55:..\AMC_Lib\src/usb.c **** static uint8 OUT_count;
  56:..\AMC_Lib\src/usb.c **** 
  57:..\AMC_Lib\src/usb.c **** 
  58:..\AMC_Lib\src/usb.c **** /*------------------------------------------------------------------------------
  59:..\AMC_Lib\src/usb.c **** 	Private Prototypes
  60:..\AMC_Lib\src/usb.c **** ------------------------------------------------------------------------------*/
  61:..\AMC_Lib\src/usb.c **** static void usb_Load_EP1( void );
  62:..\AMC_Lib\src/usb.c **** 
  63:..\AMC_Lib\src/usb.c **** /*-----------------------------------------------------------------------------
  64:..\AMC_Lib\src/usb.c **** 	Public Functions
  65:..\AMC_Lib\src/usb.c **** -----------------------------------------------------------------------------*/
  66:..\AMC_Lib\src/usb.c **** /*-----------------------------------------------------------------------------
  67:..\AMC_Lib\src/usb.c **** 
  68:..\AMC_Lib\src/usb.c **** 	Function:	usb_Init
  69:..\AMC_Lib\src/usb.c **** 
  70:..\AMC_Lib\src/usb.c **** 	Synopsis:	initialize the usbfs
  71:..\AMC_Lib\src/usb.c **** 
  72:..\AMC_Lib\src/usb.c **** 	Parameters:	none
  73:..\AMC_Lib\src/usb.c **** 
  74:..\AMC_Lib\src/usb.c **** 	Returns:	none
  75:..\AMC_Lib\src/usb.c **** 
  76:..\AMC_Lib\src/usb.c **** 	Warnings:	
  77:..\AMC_Lib\src/usb.c **** 
  78:..\AMC_Lib\src/usb.c **** -----------------------------------------------------------------------------*/
  79:..\AMC_Lib\src/usb.c **** void usb_Init( UsbHidOutEpCallback  usbHidOutEpHandler, uint8* IN_Data_Buffer, uint8* OUT_Data_Buff
  80:..\AMC_Lib\src/usb.c **** {
  81:..\AMC_Lib\src/usb.c **** 	USBFS_Start( DEVICE_ID, USBFS_5V_OPERATION);                    // Start HID USB, note 5V operatio
  82:..\AMC_Lib\src/usb.c **** 	usbHidOutEpHandlerInt = usbHidOutEpHandler;						//get the function pointer for the callback
  83:..\AMC_Lib\src/usb.c **** 	IN_Data_Buffer_Local = IN_Data_Buffer;
  84:..\AMC_Lib\src/usb.c **** 	OUT_Data_Buffer_Local = OUT_Data_Buffer;
  85:..\AMC_Lib\src/usb.c **** 	USBFS_EnableOutEP(OUT_ENDPOINT);
  86:..\AMC_Lib\src/usb.c **** }
  87:..\AMC_Lib\src/usb.c **** /*-----------------------------------------------------------------------------
  88:..\AMC_Lib\src/usb.c **** 
ARM GAS  C:\Users\BRIAN~1.SEA\AppData\Local\Temp\ccQWvo34.s 			page 3


  89:..\AMC_Lib\src/usb.c **** 	Function:	usb_Tick
  90:..\AMC_Lib\src/usb.c **** 
  91:..\AMC_Lib\src/usb.c **** 	Synopsis:	time tick function for USB
  92:..\AMC_Lib\src/usb.c **** 
  93:..\AMC_Lib\src/usb.c **** 	Parameters:	none
  94:..\AMC_Lib\src/usb.c **** 
  95:..\AMC_Lib\src/usb.c **** 	Returns:	none
  96:..\AMC_Lib\src/usb.c **** 
  97:..\AMC_Lib\src/usb.c **** 	Warnings:	
  98:..\AMC_Lib\src/usb.c **** 
  99:..\AMC_Lib\src/usb.c **** -----------------------------------------------------------------------------*/
 100:..\AMC_Lib\src/usb.c **** void usb_Tick( void )
 101:..\AMC_Lib\src/usb.c **** {
 102:..\AMC_Lib\src/usb.c **** 	if(USBFS_GetConfiguration() && !USB_Enumerated)
 103:..\AMC_Lib\src/usb.c **** 	{
 104:..\AMC_Lib\src/usb.c **** 	    /* Enable the BULK OUT endpoint to recieve data */
 105:..\AMC_Lib\src/usb.c **** 	    USBFS_EnableOutEP(OUT_ENDPOINT);
 106:..\AMC_Lib\src/usb.c **** 		
 107:..\AMC_Lib\src/usb.c **** 		USB_Enumerated = TRUE;
 108:..\AMC_Lib\src/usb.c **** 	}
 109:..\AMC_Lib\src/usb.c **** 	
 110:..\AMC_Lib\src/usb.c **** 	usb_Load_EP1( ); //update EP1
 111:..\AMC_Lib\src/usb.c **** }
 112:..\AMC_Lib\src/usb.c **** /*-----------------------------------------------------------------------------
 113:..\AMC_Lib\src/usb.c **** 
 114:..\AMC_Lib\src/usb.c **** 	Function:	usb_Tick_Bulk_EP
 115:..\AMC_Lib\src/usb.c **** 
 116:..\AMC_Lib\src/usb.c **** 	Synopsis:	time tick function for USB with Bulk endpoints
 117:..\AMC_Lib\src/usb.c **** 
 118:..\AMC_Lib\src/usb.c **** 	Parameters:	none
 119:..\AMC_Lib\src/usb.c **** 
 120:..\AMC_Lib\src/usb.c **** 	Returns:	none
 121:..\AMC_Lib\src/usb.c **** 
 122:..\AMC_Lib\src/usb.c **** 	Warnings:	
 123:..\AMC_Lib\src/usb.c **** 
 124:..\AMC_Lib\src/usb.c **** -----------------------------------------------------------------------------*/
 125:..\AMC_Lib\src/usb.c **** void usb_Tick_Bulk_EP( void )
 126:..\AMC_Lib\src/usb.c **** {
 127:..\AMC_Lib\src/usb.c **** 	if(USBFS_GetConfiguration() && !USB_Enumerated)
 128:..\AMC_Lib\src/usb.c **** 	{
 129:..\AMC_Lib\src/usb.c **** 	    /* Enable the BULK OUT endpoint to recieve data */
 130:..\AMC_Lib\src/usb.c **** 	    USBFS_EnableOutEP(OUT_ENDPOINT);
 131:..\AMC_Lib\src/usb.c **** 		
 132:..\AMC_Lib\src/usb.c **** 		USB_Enumerated = TRUE;
 133:..\AMC_Lib\src/usb.c **** 	}
 134:..\AMC_Lib\src/usb.c **** }
 135:..\AMC_Lib\src/usb.c **** /*-----------------------------------------------------------------------------
 136:..\AMC_Lib\src/usb.c **** 
 137:..\AMC_Lib\src/usb.c **** 	Function:	usb_Load_EP1_Bulk_EP
 138:..\AMC_Lib\src/usb.c **** 
 139:..\AMC_Lib\src/usb.c **** 	Synopsis:	Load the IN ENDPOINT with some new data for Bulk endpoints
 140:..\AMC_Lib\src/usb.c **** 
 141:..\AMC_Lib\src/usb.c **** 	Parameters:	none
 142:..\AMC_Lib\src/usb.c **** 
 143:..\AMC_Lib\src/usb.c **** 	Returns:	none
 144:..\AMC_Lib\src/usb.c **** 
 145:..\AMC_Lib\src/usb.c **** 	Warnings:	
ARM GAS  C:\Users\BRIAN~1.SEA\AppData\Local\Temp\ccQWvo34.s 			page 4


 146:..\AMC_Lib\src/usb.c **** 
 147:..\AMC_Lib\src/usb.c **** -----------------------------------------------------------------------------*/
 148:..\AMC_Lib\src/usb.c **** void usb_Load_EP1_Bulk_EP( void )
 149:..\AMC_Lib\src/usb.c **** {
 150:..\AMC_Lib\src/usb.c ****     /* Load data located in InDataBuffer and load it into the IN endpoint */
 151:..\AMC_Lib\src/usb.c ****     USBFS_LoadEP(IN_ENDPOINT, IN_Data_Buffer_Local, MAX_USB_BYTES);
 152:..\AMC_Lib\src/usb.c **** }
 153:..\AMC_Lib\src/usb.c **** /*-----------------------------------------------------------------------------
 154:..\AMC_Lib\src/usb.c **** 
 155:..\AMC_Lib\src/usb.c **** 	Function:	usb_Load_EP2
 156:..\AMC_Lib\src/usb.c **** 
 157:..\AMC_Lib\src/usb.c **** 	Synopsis:	Load the OUT ENDPOINT with some new data
 158:..\AMC_Lib\src/usb.c **** 
 159:..\AMC_Lib\src/usb.c **** 	Parameters:	none
 160:..\AMC_Lib\src/usb.c **** 
 161:..\AMC_Lib\src/usb.c **** 	Returns:	none
 162:..\AMC_Lib\src/usb.c **** 
 163:..\AMC_Lib\src/usb.c **** 	Warnings:	
 164:..\AMC_Lib\src/usb.c **** 
 165:..\AMC_Lib\src/usb.c **** -----------------------------------------------------------------------------*/
 166:..\AMC_Lib\src/usb.c **** void usb_Load_EP2( void )
 167:..\AMC_Lib\src/usb.c **** {    
 168:..\AMC_Lib\src/usb.c **** 	/* Check to see if the OUT Endpoint is full from a recieved transaction. */
 169:..\AMC_Lib\src/usb.c **** 	if(USBFS_GetEPState(OUT_ENDPOINT) == USBFS_OUT_BUFFER_FULL)
 170:..\AMC_Lib\src/usb.c **** 	{
 171:..\AMC_Lib\src/usb.c **** 		/* Get the number of bytes recieved */
 172:..\AMC_Lib\src/usb.c **** 		OUT_count = USBFS_wGetEPCount(OUT_ENDPOINT);
 173:..\AMC_Lib\src/usb.c **** 		
 174:..\AMC_Lib\src/usb.c **** 		/* Read the OUT endpoint and store data in OUT_Data_Buffer */
 175:..\AMC_Lib\src/usb.c **** 		USBFS_ReadOutEP(OUT_ENDPOINT, OUT_Data_Buffer_Local, OUT_count);        
 176:..\AMC_Lib\src/usb.c **** 
 177:..\AMC_Lib\src/usb.c **** 		/* Re-enable OUT endpoint */
 178:..\AMC_Lib\src/usb.c **** 		USBFS_EnableOutEP(OUT_ENDPOINT);
 179:..\AMC_Lib\src/usb.c ****         		
 180:..\AMC_Lib\src/usb.c **** 	    /* Call the Callback */
 181:..\AMC_Lib\src/usb.c **** 		(*usbHidOutEpHandlerInt)( );
 182:..\AMC_Lib\src/usb.c **** 	}
 183:..\AMC_Lib\src/usb.c **** }
 184:..\AMC_Lib\src/usb.c **** 
 185:..\AMC_Lib\src/usb.c **** /*-----------------------------------------------------------------------------
 186:..\AMC_Lib\src/usb.c **** 
 187:..\AMC_Lib\src/usb.c **** 	Function:	USB_Enumeration_Reset
 188:..\AMC_Lib\src/usb.c **** 
 189:..\AMC_Lib\src/usb.c **** 	Synopsis:	Function to reset internal enumeration status
 190:..\AMC_Lib\src/usb.c **** 
 191:..\AMC_Lib\src/usb.c **** 	Parameters:	none
 192:..\AMC_Lib\src/usb.c **** 
 193:..\AMC_Lib\src/usb.c **** 	Returns:	none
 194:..\AMC_Lib\src/usb.c **** 
 195:..\AMC_Lib\src/usb.c **** 	Warnings:	
 196:..\AMC_Lib\src/usb.c **** 
 197:..\AMC_Lib\src/usb.c **** -----------------------------------------------------------------------------*/
 198:..\AMC_Lib\src/usb.c **** void USB_Enumeration_Reset( void )
 199:..\AMC_Lib\src/usb.c **** {
 200:..\AMC_Lib\src/usb.c **** 	USB_Enumerated = FALSE;
 201:..\AMC_Lib\src/usb.c **** }
 202:..\AMC_Lib\src/usb.c **** 
ARM GAS  C:\Users\BRIAN~1.SEA\AppData\Local\Temp\ccQWvo34.s 			page 5


 203:..\AMC_Lib\src/usb.c **** 
 204:..\AMC_Lib\src/usb.c **** /*-----------------------------------------------------------------------------
 205:..\AMC_Lib\src/usb.c **** 	Private Functions
 206:..\AMC_Lib\src/usb.c **** -----------------------------------------------------------------------------*/
 207:..\AMC_Lib\src/usb.c **** /*-----------------------------------------------------------------------------
 208:..\AMC_Lib\src/usb.c **** 
 209:..\AMC_Lib\src/usb.c **** 	Function:	usb_Load_EP1
 210:..\AMC_Lib\src/usb.c **** 
 211:..\AMC_Lib\src/usb.c **** 	Synopsis:	Load the IN ENDPOINT with some new data
 212:..\AMC_Lib\src/usb.c **** 
 213:..\AMC_Lib\src/usb.c **** 	Parameters:	none
 214:..\AMC_Lib\src/usb.c **** 
 215:..\AMC_Lib\src/usb.c **** 	Returns:	none
 216:..\AMC_Lib\src/usb.c **** 
 217:..\AMC_Lib\src/usb.c **** 	Warnings:	
 218:..\AMC_Lib\src/usb.c **** 
 219:..\AMC_Lib\src/usb.c **** -----------------------------------------------------------------------------*/
 220:..\AMC_Lib\src/usb.c **** static void usb_Load_EP1( void )
 221:..\AMC_Lib\src/usb.c **** {
  27              		.loc 1 221 0
  28              		.cfi_startproc
  29              		@ args = 0, pretend = 0, frame = 0
  30              		@ frame_needed = 0, uses_anonymous_args = 0
  31 0000 08B5     		push	{r3, lr}
  32              		.cfi_def_cfa_offset 8
  33              		.cfi_offset 3, -8
  34              		.cfi_offset 14, -4
 222:..\AMC_Lib\src/usb.c **** 	/*Check to see if the IN Endpoint is empty. If so, load it with Input data to be tranfered */
 223:..\AMC_Lib\src/usb.c **** 	if(USBFS_GetEPState(IN_ENDPOINT) == USBFS_IN_BUFFER_EMPTY)
  35              		.loc 1 223 0
  36 0002 0120     		movs	r0, #1
  37 0004 FFF7FEFF 		bl	USBFS_GetEPState
  38              	.LVL0:
  39 0008 0128     		cmp	r0, #1
  40 000a 07D1     		bne	.L1
 224:..\AMC_Lib\src/usb.c **** 	{
 225:..\AMC_Lib\src/usb.c **** 	    /* Load data located in InDataBuffer and load it into the IN endpoint */
 226:..\AMC_Lib\src/usb.c **** 	    USBFS_LoadEP(IN_ENDPOINT, IN_Data_Buffer_Local, MAX_USB_BYTES);
  41              		.loc 1 226 0
  42 000c 4022     		movs	r2, #64
  43 000e 044B     		ldr	r3, .L4
  44 0010 1968     		ldr	r1, [r3]
  45 0012 FFF7FEFF 		bl	USBFS_LoadInEP
  46              	.LVL1:
 227:..\AMC_Lib\src/usb.c **** 	    /* Enable the OUT endpoint to recieve data */
 228:..\AMC_Lib\src/usb.c **** 	    USBFS_EnableOutEP( OUT_ENDPOINT );
  47              		.loc 1 228 0
  48 0016 0220     		movs	r0, #2
  49 0018 FFF7FEFF 		bl	USBFS_EnableOutEP
  50              	.LVL2:
  51              	.L1:
  52 001c 08BD     		pop	{r3, pc}
  53              	.L5:
  54 001e 00BF     		.align	2
  55              	.L4:
  56 0020 00000000 		.word	.LANCHOR0
  57              		.cfi_endproc
ARM GAS  C:\Users\BRIAN~1.SEA\AppData\Local\Temp\ccQWvo34.s 			page 6


  58              	.LFE70:
  59              		.size	usb_Load_EP1, .-usb_Load_EP1
  60              		.section	.text.usb_Init,"ax",%progbits
  61              		.align	2
  62              		.global	usb_Init
  63              		.thumb
  64              		.thumb_func
  65              		.type	usb_Init, %function
  66              	usb_Init:
  67              	.LFB64:
  80:..\AMC_Lib\src/usb.c **** 	USBFS_Start( DEVICE_ID, USBFS_5V_OPERATION);                    // Start HID USB, note 5V operatio
  68              		.loc 1 80 0
  69              		.cfi_startproc
  70              		@ args = 0, pretend = 0, frame = 0
  71              		@ frame_needed = 0, uses_anonymous_args = 0
  72              	.LVL3:
  73 0000 70B5     		push	{r4, r5, r6, lr}
  74              		.cfi_def_cfa_offset 16
  75              		.cfi_offset 4, -16
  76              		.cfi_offset 5, -12
  77              		.cfi_offset 6, -8
  78              		.cfi_offset 14, -4
  79 0002 0646     		mov	r6, r0
  80 0004 0D46     		mov	r5, r1
  81 0006 1446     		mov	r4, r2
  81:..\AMC_Lib\src/usb.c **** 	usbHidOutEpHandlerInt = usbHidOutEpHandler;						//get the function pointer for the callback
  82              		.loc 1 81 0
  83 0008 0121     		movs	r1, #1
  84              	.LVL4:
  85 000a 0020     		movs	r0, #0
  86              	.LVL5:
  87 000c FFF7FEFF 		bl	USBFS_Start
  88              	.LVL6:
  82:..\AMC_Lib\src/usb.c **** 	IN_Data_Buffer_Local = IN_Data_Buffer;
  89              		.loc 1 82 0
  90 0010 034B     		ldr	r3, .L8
  91 0012 5E60     		str	r6, [r3, #4]
  83:..\AMC_Lib\src/usb.c **** 	OUT_Data_Buffer_Local = OUT_Data_Buffer;
  92              		.loc 1 83 0
  93 0014 1D60     		str	r5, [r3]
  84:..\AMC_Lib\src/usb.c **** 	USBFS_EnableOutEP(OUT_ENDPOINT);
  94              		.loc 1 84 0
  95 0016 9C60     		str	r4, [r3, #8]
  85:..\AMC_Lib\src/usb.c **** }
  96              		.loc 1 85 0
  97 0018 0220     		movs	r0, #2
  98 001a FFF7FEFF 		bl	USBFS_EnableOutEP
  99              	.LVL7:
 100 001e 70BD     		pop	{r4, r5, r6, pc}
 101              	.LVL8:
 102              	.L9:
 103              		.align	2
 104              	.L8:
 105 0020 00000000 		.word	.LANCHOR0
 106              		.cfi_endproc
 107              	.LFE64:
 108              		.size	usb_Init, .-usb_Init
ARM GAS  C:\Users\BRIAN~1.SEA\AppData\Local\Temp\ccQWvo34.s 			page 7


 109              		.section	.text.usb_Tick,"ax",%progbits
 110              		.align	2
 111              		.global	usb_Tick
 112              		.thumb
 113              		.thumb_func
 114              		.type	usb_Tick, %function
 115              	usb_Tick:
 116              	.LFB65:
 101:..\AMC_Lib\src/usb.c **** 	if(USBFS_GetConfiguration() && !USB_Enumerated)
 117              		.loc 1 101 0
 118              		.cfi_startproc
 119              		@ args = 0, pretend = 0, frame = 0
 120              		@ frame_needed = 0, uses_anonymous_args = 0
 121 0000 08B5     		push	{r3, lr}
 122              		.cfi_def_cfa_offset 8
 123              		.cfi_offset 3, -8
 124              		.cfi_offset 14, -4
 102:..\AMC_Lib\src/usb.c **** 	{
 125              		.loc 1 102 0
 126 0002 FFF7FEFF 		bl	USBFS_GetConfiguration
 127              	.LVL9:
 128 0006 40B1     		cbz	r0, .L11
 102:..\AMC_Lib\src/usb.c **** 	{
 129              		.loc 1 102 0 is_stmt 0 discriminator 1
 130 0008 054B     		ldr	r3, .L13
 131 000a 1B7B     		ldrb	r3, [r3, #12]	@ zero_extendqisi2
 132 000c 2BB9     		cbnz	r3, .L11
 105:..\AMC_Lib\src/usb.c **** 		
 133              		.loc 1 105 0 is_stmt 1
 134 000e 0220     		movs	r0, #2
 135 0010 FFF7FEFF 		bl	USBFS_EnableOutEP
 136              	.LVL10:
 107:..\AMC_Lib\src/usb.c **** 	}
 137              		.loc 1 107 0
 138 0014 0122     		movs	r2, #1
 139 0016 024B     		ldr	r3, .L13
 140 0018 1A73     		strb	r2, [r3, #12]
 141              	.L11:
 110:..\AMC_Lib\src/usb.c **** }
 142              		.loc 1 110 0
 143 001a FFF7FEFF 		bl	usb_Load_EP1
 144              	.LVL11:
 145 001e 08BD     		pop	{r3, pc}
 146              	.L14:
 147              		.align	2
 148              	.L13:
 149 0020 00000000 		.word	.LANCHOR0
 150              		.cfi_endproc
 151              	.LFE65:
 152              		.size	usb_Tick, .-usb_Tick
 153              		.section	.text.usb_Tick_Bulk_EP,"ax",%progbits
 154              		.align	2
 155              		.global	usb_Tick_Bulk_EP
 156              		.thumb
 157              		.thumb_func
 158              		.type	usb_Tick_Bulk_EP, %function
 159              	usb_Tick_Bulk_EP:
ARM GAS  C:\Users\BRIAN~1.SEA\AppData\Local\Temp\ccQWvo34.s 			page 8


 160              	.LFB66:
 126:..\AMC_Lib\src/usb.c **** 	if(USBFS_GetConfiguration() && !USB_Enumerated)
 161              		.loc 1 126 0
 162              		.cfi_startproc
 163              		@ args = 0, pretend = 0, frame = 0
 164              		@ frame_needed = 0, uses_anonymous_args = 0
 165 0000 08B5     		push	{r3, lr}
 166              		.cfi_def_cfa_offset 8
 167              		.cfi_offset 3, -8
 168              		.cfi_offset 14, -4
 127:..\AMC_Lib\src/usb.c **** 	{
 169              		.loc 1 127 0
 170 0002 FFF7FEFF 		bl	USBFS_GetConfiguration
 171              	.LVL12:
 172 0006 40B1     		cbz	r0, .L15
 127:..\AMC_Lib\src/usb.c **** 	{
 173              		.loc 1 127 0 is_stmt 0 discriminator 1
 174 0008 044B     		ldr	r3, .L18
 175 000a 1B7B     		ldrb	r3, [r3, #12]	@ zero_extendqisi2
 176 000c 2BB9     		cbnz	r3, .L15
 130:..\AMC_Lib\src/usb.c **** 		
 177              		.loc 1 130 0 is_stmt 1
 178 000e 0220     		movs	r0, #2
 179 0010 FFF7FEFF 		bl	USBFS_EnableOutEP
 180              	.LVL13:
 132:..\AMC_Lib\src/usb.c **** 	}
 181              		.loc 1 132 0
 182 0014 0122     		movs	r2, #1
 183 0016 014B     		ldr	r3, .L18
 184 0018 1A73     		strb	r2, [r3, #12]
 185              	.L15:
 186 001a 08BD     		pop	{r3, pc}
 187              	.L19:
 188              		.align	2
 189              	.L18:
 190 001c 00000000 		.word	.LANCHOR0
 191              		.cfi_endproc
 192              	.LFE66:
 193              		.size	usb_Tick_Bulk_EP, .-usb_Tick_Bulk_EP
 194              		.section	.text.usb_Load_EP1_Bulk_EP,"ax",%progbits
 195              		.align	2
 196              		.global	usb_Load_EP1_Bulk_EP
 197              		.thumb
 198              		.thumb_func
 199              		.type	usb_Load_EP1_Bulk_EP, %function
 200              	usb_Load_EP1_Bulk_EP:
 201              	.LFB67:
 149:..\AMC_Lib\src/usb.c ****     /* Load data located in InDataBuffer and load it into the IN endpoint */
 202              		.loc 1 149 0
 203              		.cfi_startproc
 204              		@ args = 0, pretend = 0, frame = 0
 205              		@ frame_needed = 0, uses_anonymous_args = 0
 206 0000 08B5     		push	{r3, lr}
 207              		.cfi_def_cfa_offset 8
 208              		.cfi_offset 3, -8
 209              		.cfi_offset 14, -4
 151:..\AMC_Lib\src/usb.c **** }
ARM GAS  C:\Users\BRIAN~1.SEA\AppData\Local\Temp\ccQWvo34.s 			page 9


 210              		.loc 1 151 0
 211 0002 4022     		movs	r2, #64
 212 0004 024B     		ldr	r3, .L22
 213 0006 1968     		ldr	r1, [r3]
 214 0008 0120     		movs	r0, #1
 215 000a FFF7FEFF 		bl	USBFS_LoadInEP
 216              	.LVL14:
 217 000e 08BD     		pop	{r3, pc}
 218              	.L23:
 219              		.align	2
 220              	.L22:
 221 0010 00000000 		.word	.LANCHOR0
 222              		.cfi_endproc
 223              	.LFE67:
 224              		.size	usb_Load_EP1_Bulk_EP, .-usb_Load_EP1_Bulk_EP
 225              		.section	.text.usb_Load_EP2,"ax",%progbits
 226              		.align	2
 227              		.global	usb_Load_EP2
 228              		.thumb
 229              		.thumb_func
 230              		.type	usb_Load_EP2, %function
 231              	usb_Load_EP2:
 232              	.LFB68:
 167:..\AMC_Lib\src/usb.c **** 	/* Check to see if the OUT Endpoint is full from a recieved transaction. */
 233              		.loc 1 167 0
 234              		.cfi_startproc
 235              		@ args = 0, pretend = 0, frame = 0
 236              		@ frame_needed = 0, uses_anonymous_args = 0
 237 0000 10B5     		push	{r4, lr}
 238              		.cfi_def_cfa_offset 8
 239              		.cfi_offset 4, -8
 240              		.cfi_offset 14, -4
 169:..\AMC_Lib\src/usb.c **** 	{
 241              		.loc 1 169 0
 242 0002 0220     		movs	r0, #2
 243 0004 FFF7FEFF 		bl	USBFS_GetEPState
 244              	.LVL15:
 245 0008 0128     		cmp	r0, #1
 246 000a 0DD1     		bne	.L24
 172:..\AMC_Lib\src/usb.c **** 		
 247              		.loc 1 172 0
 248 000c 0220     		movs	r0, #2
 249 000e FFF7FEFF 		bl	USBFS_GetEPCount
 250              	.LVL16:
 175:..\AMC_Lib\src/usb.c **** 
 251              		.loc 1 175 0
 252 0012 064C     		ldr	r4, .L27
 253 0014 C2B2     		uxtb	r2, r0
 254 0016 A168     		ldr	r1, [r4, #8]
 255 0018 0220     		movs	r0, #2
 256 001a FFF7FEFF 		bl	USBFS_ReadOutEP
 257              	.LVL17:
 178:..\AMC_Lib\src/usb.c ****         		
 258              		.loc 1 178 0
 259 001e 0220     		movs	r0, #2
 260 0020 FFF7FEFF 		bl	USBFS_EnableOutEP
 261              	.LVL18:
ARM GAS  C:\Users\BRIAN~1.SEA\AppData\Local\Temp\ccQWvo34.s 			page 10


 181:..\AMC_Lib\src/usb.c **** 	}
 262              		.loc 1 181 0
 263 0024 6368     		ldr	r3, [r4, #4]
 264 0026 9847     		blx	r3
 265              	.LVL19:
 266              	.L24:
 267 0028 10BD     		pop	{r4, pc}
 268              	.L28:
 269 002a 00BF     		.align	2
 270              	.L27:
 271 002c 00000000 		.word	.LANCHOR0
 272              		.cfi_endproc
 273              	.LFE68:
 274              		.size	usb_Load_EP2, .-usb_Load_EP2
 275              		.section	.text.USB_Enumeration_Reset,"ax",%progbits
 276              		.align	2
 277              		.global	USB_Enumeration_Reset
 278              		.thumb
 279              		.thumb_func
 280              		.type	USB_Enumeration_Reset, %function
 281              	USB_Enumeration_Reset:
 282              	.LFB69:
 199:..\AMC_Lib\src/usb.c **** 	USB_Enumerated = FALSE;
 283              		.loc 1 199 0
 284              		.cfi_startproc
 285              		@ args = 0, pretend = 0, frame = 0
 286              		@ frame_needed = 0, uses_anonymous_args = 0
 287              		@ link register save eliminated.
 200:..\AMC_Lib\src/usb.c **** }
 288              		.loc 1 200 0
 289 0000 0022     		movs	r2, #0
 290 0002 014B     		ldr	r3, .L30
 291 0004 1A73     		strb	r2, [r3, #12]
 292 0006 7047     		bx	lr
 293              	.L31:
 294              		.align	2
 295              	.L30:
 296 0008 00000000 		.word	.LANCHOR0
 297              		.cfi_endproc
 298              	.LFE69:
 299              		.size	USB_Enumeration_Reset, .-USB_Enumeration_Reset
 300              		.bss
 301              		.align	2
 302              		.set	.LANCHOR0,. + 0
 303              		.type	IN_Data_Buffer_Local, %object
 304              		.size	IN_Data_Buffer_Local, 4
 305              	IN_Data_Buffer_Local:
 306 0000 00000000 		.space	4
 307              		.type	usbHidOutEpHandlerInt, %object
 308              		.size	usbHidOutEpHandlerInt, 4
 309              	usbHidOutEpHandlerInt:
 310 0004 00000000 		.space	4
 311              		.type	OUT_Data_Buffer_Local, %object
 312              		.size	OUT_Data_Buffer_Local, 4
 313              	OUT_Data_Buffer_Local:
 314 0008 00000000 		.space	4
 315              		.type	USB_Enumerated, %object
ARM GAS  C:\Users\BRIAN~1.SEA\AppData\Local\Temp\ccQWvo34.s 			page 11


 316              		.size	USB_Enumerated, 1
 317              	USB_Enumerated:
 318 000c 00       		.space	1
 319              		.text
 320              	.Letext0:
 321              		.file 2 "c:\\program files (x86)\\cypress\\psoc creator\\4.1\\psoc creator\\import\\gnu\\arm\\5.4.
 322              		.file 3 "c:\\program files (x86)\\cypress\\psoc creator\\4.1\\psoc creator\\import\\gnu\\arm\\5.4.
 323              		.file 4 "Generated_Source\\PSoC5/cytypes.h"
 324              		.file 5 "..\\AMC_Lib\\include/usb.h"
 325              		.file 6 "Generated_Source\\PSoC5/USBFS.h"
 326              		.file 7 "Generated_Source\\PSoC5/core_cm3.h"
 327              		.section	.debug_info,"",%progbits
 328              	.Ldebug_info0:
 329 0000 31030000 		.4byte	0x331
 330 0004 0400     		.2byte	0x4
 331 0006 00000000 		.4byte	.Ldebug_abbrev0
 332 000a 04       		.byte	0x4
 333 000b 01       		.uleb128 0x1
 334 000c 7A000000 		.4byte	.LASF37
 335 0010 0C       		.byte	0xc
 336 0011 90010000 		.4byte	.LASF38
 337 0015 9B020000 		.4byte	.LASF39
 338 0019 00000000 		.4byte	.Ldebug_ranges0+0
 339 001d 00000000 		.4byte	0
 340 0021 00000000 		.4byte	.Ldebug_line0
 341 0025 02       		.uleb128 0x2
 342 0026 01       		.byte	0x1
 343 0027 06       		.byte	0x6
 344 0028 1B030000 		.4byte	.LASF0
 345 002c 02       		.uleb128 0x2
 346 002d 01       		.byte	0x1
 347 002e 08       		.byte	0x8
 348 002f 6C000000 		.4byte	.LASF1
 349 0033 02       		.uleb128 0x2
 350 0034 02       		.byte	0x2
 351 0035 05       		.byte	0x5
 352 0036 72010000 		.4byte	.LASF2
 353 003a 02       		.uleb128 0x2
 354 003b 02       		.byte	0x2
 355 003c 07       		.byte	0x7
 356 003d 1D010000 		.4byte	.LASF3
 357 0041 03       		.uleb128 0x3
 358 0042 09000000 		.4byte	.LASF9
 359 0046 02       		.byte	0x2
 360 0047 3F       		.byte	0x3f
 361 0048 4C000000 		.4byte	0x4c
 362 004c 02       		.uleb128 0x2
 363 004d 04       		.byte	0x4
 364 004e 05       		.byte	0x5
 365 004f 06030000 		.4byte	.LASF4
 366 0053 02       		.uleb128 0x2
 367 0054 04       		.byte	0x4
 368 0055 07       		.byte	0x7
 369 0056 F0010000 		.4byte	.LASF5
 370 005a 02       		.uleb128 0x2
 371 005b 08       		.byte	0x8
 372 005c 05       		.byte	0x5
ARM GAS  C:\Users\BRIAN~1.SEA\AppData\Local\Temp\ccQWvo34.s 			page 12


 373 005d 1C020000 		.4byte	.LASF6
 374 0061 02       		.uleb128 0x2
 375 0062 08       		.byte	0x8
 376 0063 07       		.byte	0x7
 377 0064 D9010000 		.4byte	.LASF7
 378 0068 04       		.uleb128 0x4
 379 0069 04       		.byte	0x4
 380 006a 05       		.byte	0x5
 381 006b 696E7400 		.ascii	"int\000"
 382 006f 02       		.uleb128 0x2
 383 0070 04       		.byte	0x4
 384 0071 07       		.byte	0x7
 385 0072 BC010000 		.4byte	.LASF8
 386 0076 03       		.uleb128 0x3
 387 0077 0B020000 		.4byte	.LASF10
 388 007b 03       		.byte	0x3
 389 007c 2C       		.byte	0x2c
 390 007d 41000000 		.4byte	0x41
 391 0081 03       		.uleb128 0x3
 392 0082 80020000 		.4byte	.LASF11
 393 0086 04       		.byte	0x4
 394 0087 B4       		.byte	0xb4
 395 0088 2C000000 		.4byte	0x2c
 396 008c 02       		.uleb128 0x2
 397 008d 04       		.byte	0x4
 398 008e 04       		.byte	0x4
 399 008f 50000000 		.4byte	.LASF12
 400 0093 02       		.uleb128 0x2
 401 0094 08       		.byte	0x8
 402 0095 04       		.byte	0x4
 403 0096 3A000000 		.4byte	.LASF13
 404 009a 02       		.uleb128 0x2
 405 009b 01       		.byte	0x1
 406 009c 08       		.byte	0x8
 407 009d 2A020000 		.4byte	.LASF14
 408 00a1 05       		.uleb128 0x5
 409 00a2 04       		.byte	0x4
 410 00a3 A7000000 		.4byte	0xa7
 411 00a7 06       		.uleb128 0x6
 412 00a8 02       		.uleb128 0x2
 413 00a9 08       		.byte	0x8
 414 00aa 04       		.byte	0x4
 415 00ab 0F030000 		.4byte	.LASF15
 416 00af 02       		.uleb128 0x2
 417 00b0 04       		.byte	0x4
 418 00b1 07       		.byte	0x7
 419 00b2 13020000 		.4byte	.LASF16
 420 00b6 03       		.uleb128 0x3
 421 00b7 7C010000 		.4byte	.LASF17
 422 00bb 05       		.byte	0x5
 423 00bc 29       		.byte	0x29
 424 00bd A1000000 		.4byte	0xa1
 425 00c1 07       		.uleb128 0x7
 426 00c2 27030000 		.4byte	.LASF40
 427 00c6 01       		.byte	0x1
 428 00c7 DC       		.byte	0xdc
 429 00c8 00000000 		.4byte	.LFB70
ARM GAS  C:\Users\BRIAN~1.SEA\AppData\Local\Temp\ccQWvo34.s 			page 13


 430 00cc 24000000 		.4byte	.LFE70-.LFB70
 431 00d0 01       		.uleb128 0x1
 432 00d1 9C       		.byte	0x9c
 433 00d2 0D010000 		.4byte	0x10d
 434 00d6 08       		.uleb128 0x8
 435 00d7 08000000 		.4byte	.LVL0
 436 00db E0020000 		.4byte	0x2e0
 437 00df E9000000 		.4byte	0xe9
 438 00e3 09       		.uleb128 0x9
 439 00e4 01       		.uleb128 0x1
 440 00e5 50       		.byte	0x50
 441 00e6 01       		.uleb128 0x1
 442 00e7 31       		.byte	0x31
 443 00e8 00       		.byte	0
 444 00e9 08       		.uleb128 0x8
 445 00ea 16000000 		.4byte	.LVL1
 446 00ee EC020000 		.4byte	0x2ec
 447 00f2 FD000000 		.4byte	0xfd
 448 00f6 09       		.uleb128 0x9
 449 00f7 01       		.uleb128 0x1
 450 00f8 52       		.byte	0x52
 451 00f9 02       		.uleb128 0x2
 452 00fa 08       		.byte	0x8
 453 00fb 40       		.byte	0x40
 454 00fc 00       		.byte	0
 455 00fd 0A       		.uleb128 0xa
 456 00fe 1C000000 		.4byte	.LVL2
 457 0102 F8020000 		.4byte	0x2f8
 458 0106 09       		.uleb128 0x9
 459 0107 01       		.uleb128 0x1
 460 0108 50       		.byte	0x50
 461 0109 01       		.uleb128 0x1
 462 010a 32       		.byte	0x32
 463 010b 00       		.byte	0
 464 010c 00       		.byte	0
 465 010d 0B       		.uleb128 0xb
 466 010e 02020000 		.4byte	.LASF21
 467 0112 01       		.byte	0x1
 468 0113 4F       		.byte	0x4f
 469 0114 00000000 		.4byte	.LFB64
 470 0118 24000000 		.4byte	.LFE64-.LFB64
 471 011c 01       		.uleb128 0x1
 472 011d 9C       		.byte	0x9c
 473 011e 77010000 		.4byte	0x177
 474 0122 0C       		.uleb128 0xc
 475 0123 4F010000 		.4byte	.LASF18
 476 0127 01       		.byte	0x1
 477 0128 4F       		.byte	0x4f
 478 0129 B6000000 		.4byte	0xb6
 479 012d 00000000 		.4byte	.LLST0
 480 0131 0C       		.uleb128 0xc
 481 0132 41000000 		.4byte	.LASF19
 482 0136 01       		.byte	0x1
 483 0137 4F       		.byte	0x4f
 484 0138 77010000 		.4byte	0x177
 485 013c 2C000000 		.4byte	.LLST1
 486 0140 0C       		.uleb128 0xc
ARM GAS  C:\Users\BRIAN~1.SEA\AppData\Local\Temp\ccQWvo34.s 			page 14


 487 0141 C9010000 		.4byte	.LASF20
 488 0145 01       		.byte	0x1
 489 0146 4F       		.byte	0x4f
 490 0147 77010000 		.4byte	0x177
 491 014b 58000000 		.4byte	.LLST2
 492 014f 08       		.uleb128 0x8
 493 0150 10000000 		.4byte	.LVL6
 494 0154 04030000 		.4byte	0x304
 495 0158 67010000 		.4byte	0x167
 496 015c 09       		.uleb128 0x9
 497 015d 01       		.uleb128 0x1
 498 015e 50       		.byte	0x50
 499 015f 01       		.uleb128 0x1
 500 0160 30       		.byte	0x30
 501 0161 09       		.uleb128 0x9
 502 0162 01       		.uleb128 0x1
 503 0163 51       		.byte	0x51
 504 0164 01       		.uleb128 0x1
 505 0165 31       		.byte	0x31
 506 0166 00       		.byte	0
 507 0167 0A       		.uleb128 0xa
 508 0168 1E000000 		.4byte	.LVL7
 509 016c F8020000 		.4byte	0x2f8
 510 0170 09       		.uleb128 0x9
 511 0171 01       		.uleb128 0x1
 512 0172 50       		.byte	0x50
 513 0173 01       		.uleb128 0x1
 514 0174 32       		.byte	0x32
 515 0175 00       		.byte	0
 516 0176 00       		.byte	0
 517 0177 05       		.uleb128 0x5
 518 0178 04       		.byte	0x4
 519 0179 81000000 		.4byte	0x81
 520 017d 0B       		.uleb128 0xb
 521 017e 00000000 		.4byte	.LASF22
 522 0182 01       		.byte	0x1
 523 0183 64       		.byte	0x64
 524 0184 00000000 		.4byte	.LFB65
 525 0188 24000000 		.4byte	.LFE65-.LFB65
 526 018c 01       		.uleb128 0x1
 527 018d 9C       		.byte	0x9c
 528 018e B8010000 		.4byte	0x1b8
 529 0192 0D       		.uleb128 0xd
 530 0193 06000000 		.4byte	.LVL9
 531 0197 10030000 		.4byte	0x310
 532 019b 08       		.uleb128 0x8
 533 019c 14000000 		.4byte	.LVL10
 534 01a0 F8020000 		.4byte	0x2f8
 535 01a4 AE010000 		.4byte	0x1ae
 536 01a8 09       		.uleb128 0x9
 537 01a9 01       		.uleb128 0x1
 538 01aa 50       		.byte	0x50
 539 01ab 01       		.uleb128 0x1
 540 01ac 32       		.byte	0x32
 541 01ad 00       		.byte	0
 542 01ae 0D       		.uleb128 0xd
 543 01af 1E000000 		.4byte	.LVL11
ARM GAS  C:\Users\BRIAN~1.SEA\AppData\Local\Temp\ccQWvo34.s 			page 15


 544 01b3 C1000000 		.4byte	0xc1
 545 01b7 00       		.byte	0
 546 01b8 0B       		.uleb128 0xb
 547 01b9 13000000 		.4byte	.LASF23
 548 01bd 01       		.byte	0x1
 549 01be 7D       		.byte	0x7d
 550 01bf 00000000 		.4byte	.LFB66
 551 01c3 20000000 		.4byte	.LFE66-.LFB66
 552 01c7 01       		.uleb128 0x1
 553 01c8 9C       		.byte	0x9c
 554 01c9 E6010000 		.4byte	0x1e6
 555 01cd 0D       		.uleb128 0xd
 556 01ce 06000000 		.4byte	.LVL12
 557 01d2 10030000 		.4byte	0x310
 558 01d6 0A       		.uleb128 0xa
 559 01d7 14000000 		.4byte	.LVL13
 560 01db F8020000 		.4byte	0x2f8
 561 01df 09       		.uleb128 0x9
 562 01e0 01       		.uleb128 0x1
 563 01e1 50       		.byte	0x50
 564 01e2 01       		.uleb128 0x1
 565 01e3 32       		.byte	0x32
 566 01e4 00       		.byte	0
 567 01e5 00       		.byte	0
 568 01e6 0B       		.uleb128 0xb
 569 01e7 86020000 		.4byte	.LASF24
 570 01eb 01       		.byte	0x1
 571 01ec 94       		.byte	0x94
 572 01ed 00000000 		.4byte	.LFB67
 573 01f1 14000000 		.4byte	.LFE67-.LFB67
 574 01f5 01       		.uleb128 0x1
 575 01f6 9C       		.byte	0x9c
 576 01f7 11020000 		.4byte	0x211
 577 01fb 0A       		.uleb128 0xa
 578 01fc 0E000000 		.4byte	.LVL14
 579 0200 EC020000 		.4byte	0x2ec
 580 0204 09       		.uleb128 0x9
 581 0205 01       		.uleb128 0x1
 582 0206 50       		.byte	0x50
 583 0207 01       		.uleb128 0x1
 584 0208 31       		.byte	0x31
 585 0209 09       		.uleb128 0x9
 586 020a 01       		.uleb128 0x1
 587 020b 52       		.byte	0x52
 588 020c 02       		.uleb128 0x2
 589 020d 08       		.byte	0x8
 590 020e 40       		.byte	0x40
 591 020f 00       		.byte	0
 592 0210 00       		.byte	0
 593 0211 0E       		.uleb128 0xe
 594 0212 34030000 		.4byte	.LASF25
 595 0216 01       		.byte	0x1
 596 0217 A6       		.byte	0xa6
 597 0218 00000000 		.4byte	.LFB68
 598 021c 30000000 		.4byte	.LFE68-.LFB68
 599 0220 01       		.uleb128 0x1
 600 0221 9C       		.byte	0x9c
ARM GAS  C:\Users\BRIAN~1.SEA\AppData\Local\Temp\ccQWvo34.s 			page 16


 601 0222 6F020000 		.4byte	0x26f
 602 0226 08       		.uleb128 0x8
 603 0227 08000000 		.4byte	.LVL15
 604 022b E0020000 		.4byte	0x2e0
 605 022f 39020000 		.4byte	0x239
 606 0233 09       		.uleb128 0x9
 607 0234 01       		.uleb128 0x1
 608 0235 50       		.byte	0x50
 609 0236 01       		.uleb128 0x1
 610 0237 32       		.byte	0x32
 611 0238 00       		.byte	0
 612 0239 08       		.uleb128 0x8
 613 023a 12000000 		.4byte	.LVL16
 614 023e 1C030000 		.4byte	0x31c
 615 0242 4C020000 		.4byte	0x24c
 616 0246 09       		.uleb128 0x9
 617 0247 01       		.uleb128 0x1
 618 0248 50       		.byte	0x50
 619 0249 01       		.uleb128 0x1
 620 024a 32       		.byte	0x32
 621 024b 00       		.byte	0
 622 024c 08       		.uleb128 0x8
 623 024d 1E000000 		.4byte	.LVL17
 624 0251 28030000 		.4byte	0x328
 625 0255 5F020000 		.4byte	0x25f
 626 0259 09       		.uleb128 0x9
 627 025a 01       		.uleb128 0x1
 628 025b 50       		.byte	0x50
 629 025c 01       		.uleb128 0x1
 630 025d 32       		.byte	0x32
 631 025e 00       		.byte	0
 632 025f 0A       		.uleb128 0xa
 633 0260 24000000 		.4byte	.LVL18
 634 0264 F8020000 		.4byte	0x2f8
 635 0268 09       		.uleb128 0x9
 636 0269 01       		.uleb128 0x1
 637 026a 50       		.byte	0x50
 638 026b 01       		.uleb128 0x1
 639 026c 32       		.byte	0x32
 640 026d 00       		.byte	0
 641 026e 00       		.byte	0
 642 026f 0F       		.uleb128 0xf
 643 0270 56000000 		.4byte	.LASF41
 644 0274 01       		.byte	0x1
 645 0275 C6       		.byte	0xc6
 646 0276 00000000 		.4byte	.LFB69
 647 027a 0C000000 		.4byte	.LFE69-.LFB69
 648 027e 01       		.uleb128 0x1
 649 027f 9C       		.byte	0x9c
 650 0280 10       		.uleb128 0x10
 651 0281 4F020000 		.4byte	.LASF26
 652 0285 01       		.byte	0x1
 653 0286 30       		.byte	0x30
 654 0287 B6000000 		.4byte	0xb6
 655 028b 05       		.uleb128 0x5
 656 028c 03       		.byte	0x3
 657 028d 04000000 		.4byte	usbHidOutEpHandlerInt
ARM GAS  C:\Users\BRIAN~1.SEA\AppData\Local\Temp\ccQWvo34.s 			page 17


 658 0291 10       		.uleb128 0x10
 659 0292 08010000 		.4byte	.LASF27
 660 0296 01       		.byte	0x1
 661 0297 33       		.byte	0x33
 662 0298 77010000 		.4byte	0x177
 663 029c 05       		.uleb128 0x5
 664 029d 03       		.byte	0x3
 665 029e 00000000 		.4byte	IN_Data_Buffer_Local
 666 02a2 10       		.uleb128 0x10
 667 02a3 24000000 		.4byte	.LASF28
 668 02a7 01       		.byte	0x1
 669 02a8 34       		.byte	0x34
 670 02a9 77010000 		.4byte	0x177
 671 02ad 05       		.uleb128 0x5
 672 02ae 03       		.byte	0x3
 673 02af 08000000 		.4byte	OUT_Data_Buffer_Local
 674 02b3 10       		.uleb128 0x10
 675 02b4 71020000 		.4byte	.LASF29
 676 02b8 01       		.byte	0x1
 677 02b9 36       		.byte	0x36
 678 02ba 81000000 		.4byte	0x81
 679 02be 05       		.uleb128 0x5
 680 02bf 03       		.byte	0x3
 681 02c0 0C000000 		.4byte	USB_Enumerated
 682 02c4 11       		.uleb128 0x11
 683 02c5 41030000 		.4byte	.LASF42
 684 02c9 01       		.byte	0x1
 685 02ca 37       		.byte	0x37
 686 02cb 81000000 		.4byte	0x81
 687 02cf 12       		.uleb128 0x12
 688 02d0 30010000 		.4byte	.LASF43
 689 02d4 07       		.byte	0x7
 690 02d5 2A06     		.2byte	0x62a
 691 02d7 DB020000 		.4byte	0x2db
 692 02db 13       		.uleb128 0x13
 693 02dc 76000000 		.4byte	0x76
 694 02e0 14       		.uleb128 0x14
 695 02e1 F5020000 		.4byte	.LASF30
 696 02e5 F5020000 		.4byte	.LASF30
 697 02e9 06       		.byte	0x6
 698 02ea 3501     		.2byte	0x135
 699 02ec 14       		.uleb128 0x14
 700 02ed 2F020000 		.4byte	.LASF31
 701 02f1 2F020000 		.4byte	.LASF31
 702 02f5 06       		.byte	0x6
 703 02f6 3701     		.2byte	0x137
 704 02f8 14       		.uleb128 0x14
 705 02f9 3D010000 		.4byte	.LASF32
 706 02fd 3D010000 		.4byte	.LASF32
 707 0301 06       		.byte	0x6
 708 0302 3B01     		.2byte	0x13b
 709 0304 14       		.uleb128 0x14
 710 0305 65020000 		.4byte	.LASF33
 711 0309 65020000 		.4byte	.LASF33
 712 030d 06       		.byte	0x6
 713 030e 2F01     		.2byte	0x12f
 714 0310 14       		.uleb128 0x14
ARM GAS  C:\Users\BRIAN~1.SEA\AppData\Local\Temp\ccQWvo34.s 			page 18


 715 0311 A5010000 		.4byte	.LASF34
 716 0315 A5010000 		.4byte	.LASF34
 717 0319 06       		.byte	0x6
 718 031a 3201     		.2byte	0x132
 719 031c 14       		.uleb128 0x14
 720 031d 3E020000 		.4byte	.LASF35
 721 0321 3E020000 		.4byte	.LASF35
 722 0325 06       		.byte	0x6
 723 0326 3601     		.2byte	0x136
 724 0328 14       		.uleb128 0x14
 725 0329 62010000 		.4byte	.LASF36
 726 032d 62010000 		.4byte	.LASF36
 727 0331 06       		.byte	0x6
 728 0332 3901     		.2byte	0x139
 729 0334 00       		.byte	0
 730              		.section	.debug_abbrev,"",%progbits
 731              	.Ldebug_abbrev0:
 732 0000 01       		.uleb128 0x1
 733 0001 11       		.uleb128 0x11
 734 0002 01       		.byte	0x1
 735 0003 25       		.uleb128 0x25
 736 0004 0E       		.uleb128 0xe
 737 0005 13       		.uleb128 0x13
 738 0006 0B       		.uleb128 0xb
 739 0007 03       		.uleb128 0x3
 740 0008 0E       		.uleb128 0xe
 741 0009 1B       		.uleb128 0x1b
 742 000a 0E       		.uleb128 0xe
 743 000b 55       		.uleb128 0x55
 744 000c 17       		.uleb128 0x17
 745 000d 11       		.uleb128 0x11
 746 000e 01       		.uleb128 0x1
 747 000f 10       		.uleb128 0x10
 748 0010 17       		.uleb128 0x17
 749 0011 00       		.byte	0
 750 0012 00       		.byte	0
 751 0013 02       		.uleb128 0x2
 752 0014 24       		.uleb128 0x24
 753 0015 00       		.byte	0
 754 0016 0B       		.uleb128 0xb
 755 0017 0B       		.uleb128 0xb
 756 0018 3E       		.uleb128 0x3e
 757 0019 0B       		.uleb128 0xb
 758 001a 03       		.uleb128 0x3
 759 001b 0E       		.uleb128 0xe
 760 001c 00       		.byte	0
 761 001d 00       		.byte	0
 762 001e 03       		.uleb128 0x3
 763 001f 16       		.uleb128 0x16
 764 0020 00       		.byte	0
 765 0021 03       		.uleb128 0x3
 766 0022 0E       		.uleb128 0xe
 767 0023 3A       		.uleb128 0x3a
 768 0024 0B       		.uleb128 0xb
 769 0025 3B       		.uleb128 0x3b
 770 0026 0B       		.uleb128 0xb
 771 0027 49       		.uleb128 0x49
ARM GAS  C:\Users\BRIAN~1.SEA\AppData\Local\Temp\ccQWvo34.s 			page 19


 772 0028 13       		.uleb128 0x13
 773 0029 00       		.byte	0
 774 002a 00       		.byte	0
 775 002b 04       		.uleb128 0x4
 776 002c 24       		.uleb128 0x24
 777 002d 00       		.byte	0
 778 002e 0B       		.uleb128 0xb
 779 002f 0B       		.uleb128 0xb
 780 0030 3E       		.uleb128 0x3e
 781 0031 0B       		.uleb128 0xb
 782 0032 03       		.uleb128 0x3
 783 0033 08       		.uleb128 0x8
 784 0034 00       		.byte	0
 785 0035 00       		.byte	0
 786 0036 05       		.uleb128 0x5
 787 0037 0F       		.uleb128 0xf
 788 0038 00       		.byte	0
 789 0039 0B       		.uleb128 0xb
 790 003a 0B       		.uleb128 0xb
 791 003b 49       		.uleb128 0x49
 792 003c 13       		.uleb128 0x13
 793 003d 00       		.byte	0
 794 003e 00       		.byte	0
 795 003f 06       		.uleb128 0x6
 796 0040 15       		.uleb128 0x15
 797 0041 00       		.byte	0
 798 0042 27       		.uleb128 0x27
 799 0043 19       		.uleb128 0x19
 800 0044 00       		.byte	0
 801 0045 00       		.byte	0
 802 0046 07       		.uleb128 0x7
 803 0047 2E       		.uleb128 0x2e
 804 0048 01       		.byte	0x1
 805 0049 03       		.uleb128 0x3
 806 004a 0E       		.uleb128 0xe
 807 004b 3A       		.uleb128 0x3a
 808 004c 0B       		.uleb128 0xb
 809 004d 3B       		.uleb128 0x3b
 810 004e 0B       		.uleb128 0xb
 811 004f 27       		.uleb128 0x27
 812 0050 19       		.uleb128 0x19
 813 0051 11       		.uleb128 0x11
 814 0052 01       		.uleb128 0x1
 815 0053 12       		.uleb128 0x12
 816 0054 06       		.uleb128 0x6
 817 0055 40       		.uleb128 0x40
 818 0056 18       		.uleb128 0x18
 819 0057 9742     		.uleb128 0x2117
 820 0059 19       		.uleb128 0x19
 821 005a 01       		.uleb128 0x1
 822 005b 13       		.uleb128 0x13
 823 005c 00       		.byte	0
 824 005d 00       		.byte	0
 825 005e 08       		.uleb128 0x8
 826 005f 898201   		.uleb128 0x4109
 827 0062 01       		.byte	0x1
 828 0063 11       		.uleb128 0x11
ARM GAS  C:\Users\BRIAN~1.SEA\AppData\Local\Temp\ccQWvo34.s 			page 20


 829 0064 01       		.uleb128 0x1
 830 0065 31       		.uleb128 0x31
 831 0066 13       		.uleb128 0x13
 832 0067 01       		.uleb128 0x1
 833 0068 13       		.uleb128 0x13
 834 0069 00       		.byte	0
 835 006a 00       		.byte	0
 836 006b 09       		.uleb128 0x9
 837 006c 8A8201   		.uleb128 0x410a
 838 006f 00       		.byte	0
 839 0070 02       		.uleb128 0x2
 840 0071 18       		.uleb128 0x18
 841 0072 9142     		.uleb128 0x2111
 842 0074 18       		.uleb128 0x18
 843 0075 00       		.byte	0
 844 0076 00       		.byte	0
 845 0077 0A       		.uleb128 0xa
 846 0078 898201   		.uleb128 0x4109
 847 007b 01       		.byte	0x1
 848 007c 11       		.uleb128 0x11
 849 007d 01       		.uleb128 0x1
 850 007e 31       		.uleb128 0x31
 851 007f 13       		.uleb128 0x13
 852 0080 00       		.byte	0
 853 0081 00       		.byte	0
 854 0082 0B       		.uleb128 0xb
 855 0083 2E       		.uleb128 0x2e
 856 0084 01       		.byte	0x1
 857 0085 3F       		.uleb128 0x3f
 858 0086 19       		.uleb128 0x19
 859 0087 03       		.uleb128 0x3
 860 0088 0E       		.uleb128 0xe
 861 0089 3A       		.uleb128 0x3a
 862 008a 0B       		.uleb128 0xb
 863 008b 3B       		.uleb128 0x3b
 864 008c 0B       		.uleb128 0xb
 865 008d 27       		.uleb128 0x27
 866 008e 19       		.uleb128 0x19
 867 008f 11       		.uleb128 0x11
 868 0090 01       		.uleb128 0x1
 869 0091 12       		.uleb128 0x12
 870 0092 06       		.uleb128 0x6
 871 0093 40       		.uleb128 0x40
 872 0094 18       		.uleb128 0x18
 873 0095 9742     		.uleb128 0x2117
 874 0097 19       		.uleb128 0x19
 875 0098 01       		.uleb128 0x1
 876 0099 13       		.uleb128 0x13
 877 009a 00       		.byte	0
 878 009b 00       		.byte	0
 879 009c 0C       		.uleb128 0xc
 880 009d 05       		.uleb128 0x5
 881 009e 00       		.byte	0
 882 009f 03       		.uleb128 0x3
 883 00a0 0E       		.uleb128 0xe
 884 00a1 3A       		.uleb128 0x3a
 885 00a2 0B       		.uleb128 0xb
ARM GAS  C:\Users\BRIAN~1.SEA\AppData\Local\Temp\ccQWvo34.s 			page 21


 886 00a3 3B       		.uleb128 0x3b
 887 00a4 0B       		.uleb128 0xb
 888 00a5 49       		.uleb128 0x49
 889 00a6 13       		.uleb128 0x13
 890 00a7 02       		.uleb128 0x2
 891 00a8 17       		.uleb128 0x17
 892 00a9 00       		.byte	0
 893 00aa 00       		.byte	0
 894 00ab 0D       		.uleb128 0xd
 895 00ac 898201   		.uleb128 0x4109
 896 00af 00       		.byte	0
 897 00b0 11       		.uleb128 0x11
 898 00b1 01       		.uleb128 0x1
 899 00b2 31       		.uleb128 0x31
 900 00b3 13       		.uleb128 0x13
 901 00b4 00       		.byte	0
 902 00b5 00       		.byte	0
 903 00b6 0E       		.uleb128 0xe
 904 00b7 2E       		.uleb128 0x2e
 905 00b8 01       		.byte	0x1
 906 00b9 3F       		.uleb128 0x3f
 907 00ba 19       		.uleb128 0x19
 908 00bb 03       		.uleb128 0x3
 909 00bc 0E       		.uleb128 0xe
 910 00bd 3A       		.uleb128 0x3a
 911 00be 0B       		.uleb128 0xb
 912 00bf 3B       		.uleb128 0x3b
 913 00c0 0B       		.uleb128 0xb
 914 00c1 27       		.uleb128 0x27
 915 00c2 19       		.uleb128 0x19
 916 00c3 11       		.uleb128 0x11
 917 00c4 01       		.uleb128 0x1
 918 00c5 12       		.uleb128 0x12
 919 00c6 06       		.uleb128 0x6
 920 00c7 40       		.uleb128 0x40
 921 00c8 18       		.uleb128 0x18
 922 00c9 9642     		.uleb128 0x2116
 923 00cb 19       		.uleb128 0x19
 924 00cc 01       		.uleb128 0x1
 925 00cd 13       		.uleb128 0x13
 926 00ce 00       		.byte	0
 927 00cf 00       		.byte	0
 928 00d0 0F       		.uleb128 0xf
 929 00d1 2E       		.uleb128 0x2e
 930 00d2 00       		.byte	0
 931 00d3 3F       		.uleb128 0x3f
 932 00d4 19       		.uleb128 0x19
 933 00d5 03       		.uleb128 0x3
 934 00d6 0E       		.uleb128 0xe
 935 00d7 3A       		.uleb128 0x3a
 936 00d8 0B       		.uleb128 0xb
 937 00d9 3B       		.uleb128 0x3b
 938 00da 0B       		.uleb128 0xb
 939 00db 27       		.uleb128 0x27
 940 00dc 19       		.uleb128 0x19
 941 00dd 11       		.uleb128 0x11
 942 00de 01       		.uleb128 0x1
ARM GAS  C:\Users\BRIAN~1.SEA\AppData\Local\Temp\ccQWvo34.s 			page 22


 943 00df 12       		.uleb128 0x12
 944 00e0 06       		.uleb128 0x6
 945 00e1 40       		.uleb128 0x40
 946 00e2 18       		.uleb128 0x18
 947 00e3 9742     		.uleb128 0x2117
 948 00e5 19       		.uleb128 0x19
 949 00e6 00       		.byte	0
 950 00e7 00       		.byte	0
 951 00e8 10       		.uleb128 0x10
 952 00e9 34       		.uleb128 0x34
 953 00ea 00       		.byte	0
 954 00eb 03       		.uleb128 0x3
 955 00ec 0E       		.uleb128 0xe
 956 00ed 3A       		.uleb128 0x3a
 957 00ee 0B       		.uleb128 0xb
 958 00ef 3B       		.uleb128 0x3b
 959 00f0 0B       		.uleb128 0xb
 960 00f1 49       		.uleb128 0x49
 961 00f2 13       		.uleb128 0x13
 962 00f3 02       		.uleb128 0x2
 963 00f4 18       		.uleb128 0x18
 964 00f5 00       		.byte	0
 965 00f6 00       		.byte	0
 966 00f7 11       		.uleb128 0x11
 967 00f8 34       		.uleb128 0x34
 968 00f9 00       		.byte	0
 969 00fa 03       		.uleb128 0x3
 970 00fb 0E       		.uleb128 0xe
 971 00fc 3A       		.uleb128 0x3a
 972 00fd 0B       		.uleb128 0xb
 973 00fe 3B       		.uleb128 0x3b
 974 00ff 0B       		.uleb128 0xb
 975 0100 49       		.uleb128 0x49
 976 0101 13       		.uleb128 0x13
 977 0102 00       		.byte	0
 978 0103 00       		.byte	0
 979 0104 12       		.uleb128 0x12
 980 0105 34       		.uleb128 0x34
 981 0106 00       		.byte	0
 982 0107 03       		.uleb128 0x3
 983 0108 0E       		.uleb128 0xe
 984 0109 3A       		.uleb128 0x3a
 985 010a 0B       		.uleb128 0xb
 986 010b 3B       		.uleb128 0x3b
 987 010c 05       		.uleb128 0x5
 988 010d 49       		.uleb128 0x49
 989 010e 13       		.uleb128 0x13
 990 010f 3F       		.uleb128 0x3f
 991 0110 19       		.uleb128 0x19
 992 0111 3C       		.uleb128 0x3c
 993 0112 19       		.uleb128 0x19
 994 0113 00       		.byte	0
 995 0114 00       		.byte	0
 996 0115 13       		.uleb128 0x13
 997 0116 35       		.uleb128 0x35
 998 0117 00       		.byte	0
 999 0118 49       		.uleb128 0x49
ARM GAS  C:\Users\BRIAN~1.SEA\AppData\Local\Temp\ccQWvo34.s 			page 23


 1000 0119 13       		.uleb128 0x13
 1001 011a 00       		.byte	0
 1002 011b 00       		.byte	0
 1003 011c 14       		.uleb128 0x14
 1004 011d 2E       		.uleb128 0x2e
 1005 011e 00       		.byte	0
 1006 011f 3F       		.uleb128 0x3f
 1007 0120 19       		.uleb128 0x19
 1008 0121 3C       		.uleb128 0x3c
 1009 0122 19       		.uleb128 0x19
 1010 0123 6E       		.uleb128 0x6e
 1011 0124 0E       		.uleb128 0xe
 1012 0125 03       		.uleb128 0x3
 1013 0126 0E       		.uleb128 0xe
 1014 0127 3A       		.uleb128 0x3a
 1015 0128 0B       		.uleb128 0xb
 1016 0129 3B       		.uleb128 0x3b
 1017 012a 05       		.uleb128 0x5
 1018 012b 00       		.byte	0
 1019 012c 00       		.byte	0
 1020 012d 00       		.byte	0
 1021              		.section	.debug_loc,"",%progbits
 1022              	.Ldebug_loc0:
 1023              	.LLST0:
 1024 0000 00000000 		.4byte	.LVL3
 1025 0004 0C000000 		.4byte	.LVL5
 1026 0008 0100     		.2byte	0x1
 1027 000a 50       		.byte	0x50
 1028 000b 0C000000 		.4byte	.LVL5
 1029 000f 20000000 		.4byte	.LVL8
 1030 0013 0100     		.2byte	0x1
 1031 0015 56       		.byte	0x56
 1032 0016 20000000 		.4byte	.LVL8
 1033 001a 24000000 		.4byte	.LFE64
 1034 001e 0400     		.2byte	0x4
 1035 0020 F3       		.byte	0xf3
 1036 0021 01       		.uleb128 0x1
 1037 0022 50       		.byte	0x50
 1038 0023 9F       		.byte	0x9f
 1039 0024 00000000 		.4byte	0
 1040 0028 00000000 		.4byte	0
 1041              	.LLST1:
 1042 002c 00000000 		.4byte	.LVL3
 1043 0030 0A000000 		.4byte	.LVL4
 1044 0034 0100     		.2byte	0x1
 1045 0036 51       		.byte	0x51
 1046 0037 0A000000 		.4byte	.LVL4
 1047 003b 20000000 		.4byte	.LVL8
 1048 003f 0100     		.2byte	0x1
 1049 0041 55       		.byte	0x55
 1050 0042 20000000 		.4byte	.LVL8
 1051 0046 24000000 		.4byte	.LFE64
 1052 004a 0400     		.2byte	0x4
 1053 004c F3       		.byte	0xf3
 1054 004d 01       		.uleb128 0x1
 1055 004e 51       		.byte	0x51
 1056 004f 9F       		.byte	0x9f
ARM GAS  C:\Users\BRIAN~1.SEA\AppData\Local\Temp\ccQWvo34.s 			page 24


 1057 0050 00000000 		.4byte	0
 1058 0054 00000000 		.4byte	0
 1059              	.LLST2:
 1060 0058 00000000 		.4byte	.LVL3
 1061 005c 0F000000 		.4byte	.LVL6-1
 1062 0060 0100     		.2byte	0x1
 1063 0062 52       		.byte	0x52
 1064 0063 0F000000 		.4byte	.LVL6-1
 1065 0067 20000000 		.4byte	.LVL8
 1066 006b 0100     		.2byte	0x1
 1067 006d 54       		.byte	0x54
 1068 006e 20000000 		.4byte	.LVL8
 1069 0072 24000000 		.4byte	.LFE64
 1070 0076 0400     		.2byte	0x4
 1071 0078 F3       		.byte	0xf3
 1072 0079 01       		.uleb128 0x1
 1073 007a 52       		.byte	0x52
 1074 007b 9F       		.byte	0x9f
 1075 007c 00000000 		.4byte	0
 1076 0080 00000000 		.4byte	0
 1077              		.section	.debug_aranges,"",%progbits
 1078 0000 4C000000 		.4byte	0x4c
 1079 0004 0200     		.2byte	0x2
 1080 0006 00000000 		.4byte	.Ldebug_info0
 1081 000a 04       		.byte	0x4
 1082 000b 00       		.byte	0
 1083 000c 0000     		.2byte	0
 1084 000e 0000     		.2byte	0
 1085 0010 00000000 		.4byte	.LFB70
 1086 0014 24000000 		.4byte	.LFE70-.LFB70
 1087 0018 00000000 		.4byte	.LFB64
 1088 001c 24000000 		.4byte	.LFE64-.LFB64
 1089 0020 00000000 		.4byte	.LFB65
 1090 0024 24000000 		.4byte	.LFE65-.LFB65
 1091 0028 00000000 		.4byte	.LFB66
 1092 002c 20000000 		.4byte	.LFE66-.LFB66
 1093 0030 00000000 		.4byte	.LFB67
 1094 0034 14000000 		.4byte	.LFE67-.LFB67
 1095 0038 00000000 		.4byte	.LFB68
 1096 003c 30000000 		.4byte	.LFE68-.LFB68
 1097 0040 00000000 		.4byte	.LFB69
 1098 0044 0C000000 		.4byte	.LFE69-.LFB69
 1099 0048 00000000 		.4byte	0
 1100 004c 00000000 		.4byte	0
 1101              		.section	.debug_ranges,"",%progbits
 1102              	.Ldebug_ranges0:
 1103 0000 00000000 		.4byte	.LFB70
 1104 0004 24000000 		.4byte	.LFE70
 1105 0008 00000000 		.4byte	.LFB64
 1106 000c 24000000 		.4byte	.LFE64
 1107 0010 00000000 		.4byte	.LFB65
 1108 0014 24000000 		.4byte	.LFE65
 1109 0018 00000000 		.4byte	.LFB66
 1110 001c 20000000 		.4byte	.LFE66
 1111 0020 00000000 		.4byte	.LFB67
 1112 0024 14000000 		.4byte	.LFE67
 1113 0028 00000000 		.4byte	.LFB68
ARM GAS  C:\Users\BRIAN~1.SEA\AppData\Local\Temp\ccQWvo34.s 			page 25


 1114 002c 30000000 		.4byte	.LFE68
 1115 0030 00000000 		.4byte	.LFB69
 1116 0034 0C000000 		.4byte	.LFE69
 1117 0038 00000000 		.4byte	0
 1118 003c 00000000 		.4byte	0
 1119              		.section	.debug_line,"",%progbits
 1120              	.Ldebug_line0:
 1121 0000 1B020000 		.section	.debug_str,"MS",%progbits,1
 1121      02008101 
 1121      00000201 
 1121      FB0E0D00 
 1121      01010101 
 1122              	.LASF22:
 1123 0000 7573625F 		.ascii	"usb_Tick\000"
 1123      5469636B 
 1123      00
 1124              	.LASF9:
 1125 0009 5F5F696E 		.ascii	"__int32_t\000"
 1125      7433325F 
 1125      7400
 1126              	.LASF23:
 1127 0013 7573625F 		.ascii	"usb_Tick_Bulk_EP\000"
 1127      5469636B 
 1127      5F42756C 
 1127      6B5F4550 
 1127      00
 1128              	.LASF28:
 1129 0024 4F55545F 		.ascii	"OUT_Data_Buffer_Local\000"
 1129      44617461 
 1129      5F427566 
 1129      6665725F 
 1129      4C6F6361 
 1130              	.LASF13:
 1131 003a 646F7562 		.ascii	"double\000"
 1131      6C6500
 1132              	.LASF19:
 1133 0041 494E5F44 		.ascii	"IN_Data_Buffer\000"
 1133      6174615F 
 1133      42756666 
 1133      657200
 1134              	.LASF12:
 1135 0050 666C6F61 		.ascii	"float\000"
 1135      7400
 1136              	.LASF41:
 1137 0056 5553425F 		.ascii	"USB_Enumeration_Reset\000"
 1137      456E756D 
 1137      65726174 
 1137      696F6E5F 
 1137      52657365 
 1138              	.LASF1:
 1139 006c 756E7369 		.ascii	"unsigned char\000"
 1139      676E6564 
 1139      20636861 
 1139      7200
 1140              	.LASF37:
 1141 007a 474E5520 		.ascii	"GNU C11 5.4.1 20160609 (release) [ARM/embedded-5-br"
 1141      43313120 
ARM GAS  C:\Users\BRIAN~1.SEA\AppData\Local\Temp\ccQWvo34.s 			page 26


 1141      352E342E 
 1141      31203230 
 1141      31363036 
 1142 00ad 616E6368 		.ascii	"anch revision 237715] -mcpu=cortex-m3 -mthumb -g -O"
 1142      20726576 
 1142      6973696F 
 1142      6E203233 
 1142      37373135 
 1143 00e0 67202D66 		.ascii	"g -ffunction-sections -ffat-lto-objects\000"
 1143      66756E63 
 1143      74696F6E 
 1143      2D736563 
 1143      74696F6E 
 1144              	.LASF27:
 1145 0108 494E5F44 		.ascii	"IN_Data_Buffer_Local\000"
 1145      6174615F 
 1145      42756666 
 1145      65725F4C 
 1145      6F63616C 
 1146              	.LASF3:
 1147 011d 73686F72 		.ascii	"short unsigned int\000"
 1147      7420756E 
 1147      7369676E 
 1147      65642069 
 1147      6E7400
 1148              	.LASF43:
 1149 0130 49544D5F 		.ascii	"ITM_RxBuffer\000"
 1149      52784275 
 1149      66666572 
 1149      00
 1150              	.LASF32:
 1151 013d 55534246 		.ascii	"USBFS_EnableOutEP\000"
 1151      535F456E 
 1151      61626C65 
 1151      4F757445 
 1151      5000
 1152              	.LASF18:
 1153 014f 75736248 		.ascii	"usbHidOutEpHandler\000"
 1153      69644F75 
 1153      74457048 
 1153      616E646C 
 1153      657200
 1154              	.LASF36:
 1155 0162 55534246 		.ascii	"USBFS_ReadOutEP\000"
 1155      535F5265 
 1155      61644F75 
 1155      74455000 
 1156              	.LASF2:
 1157 0172 73686F72 		.ascii	"short int\000"
 1157      7420696E 
 1157      7400
 1158              	.LASF17:
 1159 017c 55736248 		.ascii	"UsbHidOutEpCallback\000"
 1159      69644F75 
 1159      74457043 
 1159      616C6C62 
 1159      61636B00 
ARM GAS  C:\Users\BRIAN~1.SEA\AppData\Local\Temp\ccQWvo34.s 			page 27


 1160              	.LASF38:
 1161 0190 2E2E5C41 		.ascii	"..\\AMC_Lib\\src\\usb.c\000"
 1161      4D435F4C 
 1161      69625C73 
 1161      72635C75 
 1161      73622E63 
 1162              	.LASF34:
 1163 01a5 55534246 		.ascii	"USBFS_GetConfiguration\000"
 1163      535F4765 
 1163      74436F6E 
 1163      66696775 
 1163      72617469 
 1164              	.LASF8:
 1165 01bc 756E7369 		.ascii	"unsigned int\000"
 1165      676E6564 
 1165      20696E74 
 1165      00
 1166              	.LASF20:
 1167 01c9 4F55545F 		.ascii	"OUT_Data_Buffer\000"
 1167      44617461 
 1167      5F427566 
 1167      66657200 
 1168              	.LASF7:
 1169 01d9 6C6F6E67 		.ascii	"long long unsigned int\000"
 1169      206C6F6E 
 1169      6720756E 
 1169      7369676E 
 1169      65642069 
 1170              	.LASF5:
 1171 01f0 6C6F6E67 		.ascii	"long unsigned int\000"
 1171      20756E73 
 1171      69676E65 
 1171      6420696E 
 1171      7400
 1172              	.LASF21:
 1173 0202 7573625F 		.ascii	"usb_Init\000"
 1173      496E6974 
 1173      00
 1174              	.LASF10:
 1175 020b 696E7433 		.ascii	"int32_t\000"
 1175      325F7400 
 1176              	.LASF16:
 1177 0213 73697A65 		.ascii	"sizetype\000"
 1177      74797065 
 1177      00
 1178              	.LASF6:
 1179 021c 6C6F6E67 		.ascii	"long long int\000"
 1179      206C6F6E 
 1179      6720696E 
 1179      7400
 1180              	.LASF14:
 1181 022a 63686172 		.ascii	"char\000"
 1181      00
 1182              	.LASF31:
 1183 022f 55534246 		.ascii	"USBFS_LoadInEP\000"
 1183      535F4C6F 
 1183      6164496E 
ARM GAS  C:\Users\BRIAN~1.SEA\AppData\Local\Temp\ccQWvo34.s 			page 28


 1183      455000
 1184              	.LASF35:
 1185 023e 55534246 		.ascii	"USBFS_GetEPCount\000"
 1185      535F4765 
 1185      74455043 
 1185      6F756E74 
 1185      00
 1186              	.LASF26:
 1187 024f 75736248 		.ascii	"usbHidOutEpHandlerInt\000"
 1187      69644F75 
 1187      74457048 
 1187      616E646C 
 1187      6572496E 
 1188              	.LASF33:
 1189 0265 55534246 		.ascii	"USBFS_Start\000"
 1189      535F5374 
 1189      61727400 
 1190              	.LASF29:
 1191 0271 5553425F 		.ascii	"USB_Enumerated\000"
 1191      456E756D 
 1191      65726174 
 1191      656400
 1192              	.LASF11:
 1193 0280 75696E74 		.ascii	"uint8\000"
 1193      3800
 1194              	.LASF24:
 1195 0286 7573625F 		.ascii	"usb_Load_EP1_Bulk_EP\000"
 1195      4C6F6164 
 1195      5F455031 
 1195      5F42756C 
 1195      6B5F4550 
 1196              	.LASF39:
 1197 029b 433A5C5F 		.ascii	"C:\\_User\\GitHub Projects\\PulseGen\\PulseGen.cywr"
 1197      55736572 
 1197      5C476974 
 1197      48756220 
 1197      50726F6A 
 1198 02ca 6B5F2E41 		.ascii	"k_.Archive01\\Design93\\PulseGenerator.cydsn\000"
 1198      72636869 
 1198      76653031 
 1198      5C446573 
 1198      69676E39 
 1199              	.LASF30:
 1200 02f5 55534246 		.ascii	"USBFS_GetEPState\000"
 1200      535F4765 
 1200      74455053 
 1200      74617465 
 1200      00
 1201              	.LASF4:
 1202 0306 6C6F6E67 		.ascii	"long int\000"
 1202      20696E74 
 1202      00
 1203              	.LASF15:
 1204 030f 6C6F6E67 		.ascii	"long double\000"
 1204      20646F75 
 1204      626C6500 
 1205              	.LASF0:
ARM GAS  C:\Users\BRIAN~1.SEA\AppData\Local\Temp\ccQWvo34.s 			page 29


 1206 031b 7369676E 		.ascii	"signed char\000"
 1206      65642063 
 1206      68617200 
 1207              	.LASF40:
 1208 0327 7573625F 		.ascii	"usb_Load_EP1\000"
 1208      4C6F6164 
 1208      5F455031 
 1208      00
 1209              	.LASF25:
 1210 0334 7573625F 		.ascii	"usb_Load_EP2\000"
 1210      4C6F6164 
 1210      5F455032 
 1210      00
 1211              	.LASF42:
 1212 0341 4F55545F 		.ascii	"OUT_count\000"
 1212      636F756E 
 1212      7400
 1213              		.ident	"GCC: (GNU Tools for ARM Embedded Processors) 5.4.1 20160609 (release) [ARM/embedded-5-bran
