ARM GAS  C:\Users\BRIAN~1.SEA\AppData\Local\Temp\cc4hKTQe.s 			page 1


   1              		.syntax unified
   2              		.cpu cortex-m3
   3              		.fpu softvfp
   4              		.eabi_attribute 20, 1
   5              		.eabi_attribute 21, 1
   6              		.eabi_attribute 23, 3
   7              		.eabi_attribute 24, 1
   8              		.eabi_attribute 25, 1
   9              		.eabi_attribute 26, 1
  10              		.eabi_attribute 30, 1
  11              		.eabi_attribute 34, 1
  12              		.eabi_attribute 18, 4
  13              		.thumb
  14              		.syntax unified
  15              		.file	"USBFS_Dm.c"
  16              		.text
  17              	.Ltext0:
  18              		.cfi_sections	.debug_frame
  19              		.section	.text.USBFS_Dm_Write,"ax",%progbits
  20              		.align	2
  21              		.global	USBFS_Dm_Write
  22              		.thumb
  23              		.thumb_func
  24              		.type	USBFS_Dm_Write, %function
  25              	USBFS_Dm_Write:
  26              	.LFB0:
  27              		.file 1 "Generated_Source\\PSoC5\\USBFS_Dm.c"
   1:Generated_Source\PSoC5/USBFS_Dm.c **** /*******************************************************************************
   2:Generated_Source\PSoC5/USBFS_Dm.c **** * File Name: USBFS_Dm.c  
   3:Generated_Source\PSoC5/USBFS_Dm.c **** * Version 2.20
   4:Generated_Source\PSoC5/USBFS_Dm.c **** *
   5:Generated_Source\PSoC5/USBFS_Dm.c **** * Description:
   6:Generated_Source\PSoC5/USBFS_Dm.c **** *  This file contains API to enable firmware control of a Pins component.
   7:Generated_Source\PSoC5/USBFS_Dm.c **** *
   8:Generated_Source\PSoC5/USBFS_Dm.c **** * Note:
   9:Generated_Source\PSoC5/USBFS_Dm.c **** *
  10:Generated_Source\PSoC5/USBFS_Dm.c **** ********************************************************************************
  11:Generated_Source\PSoC5/USBFS_Dm.c **** * Copyright 2008-2015, Cypress Semiconductor Corporation.  All rights reserved.
  12:Generated_Source\PSoC5/USBFS_Dm.c **** * You may use this file only in accordance with the license, terms, conditions, 
  13:Generated_Source\PSoC5/USBFS_Dm.c **** * disclaimers, and limitations in the end user license agreement accompanying 
  14:Generated_Source\PSoC5/USBFS_Dm.c **** * the software package with which this file was provided.
  15:Generated_Source\PSoC5/USBFS_Dm.c **** *******************************************************************************/
  16:Generated_Source\PSoC5/USBFS_Dm.c **** 
  17:Generated_Source\PSoC5/USBFS_Dm.c **** #include "cytypes.h"
  18:Generated_Source\PSoC5/USBFS_Dm.c **** #include "USBFS_Dm.h"
  19:Generated_Source\PSoC5/USBFS_Dm.c **** 
  20:Generated_Source\PSoC5/USBFS_Dm.c **** /* APIs are not generated for P15[7:6] on PSoC 5 */
  21:Generated_Source\PSoC5/USBFS_Dm.c **** #if !(CY_PSOC5A &&\
  22:Generated_Source\PSoC5/USBFS_Dm.c **** 	 USBFS_Dm__PORT == 15 && ((USBFS_Dm__MASK & 0xC0) != 0))
  23:Generated_Source\PSoC5/USBFS_Dm.c **** 
  24:Generated_Source\PSoC5/USBFS_Dm.c **** 
  25:Generated_Source\PSoC5/USBFS_Dm.c **** /*******************************************************************************
  26:Generated_Source\PSoC5/USBFS_Dm.c **** * Function Name: USBFS_Dm_Write
  27:Generated_Source\PSoC5/USBFS_Dm.c **** ****************************************************************************//**
  28:Generated_Source\PSoC5/USBFS_Dm.c **** *
  29:Generated_Source\PSoC5/USBFS_Dm.c **** * \brief Writes the value to the physical port (data output register), masking
  30:Generated_Source\PSoC5/USBFS_Dm.c **** *  and shifting the bits appropriately. 
ARM GAS  C:\Users\BRIAN~1.SEA\AppData\Local\Temp\cc4hKTQe.s 			page 2


  31:Generated_Source\PSoC5/USBFS_Dm.c **** *
  32:Generated_Source\PSoC5/USBFS_Dm.c **** * The data output register controls the signal applied to the physical pin in 
  33:Generated_Source\PSoC5/USBFS_Dm.c **** * conjunction with the drive mode parameter. This function avoids changing 
  34:Generated_Source\PSoC5/USBFS_Dm.c **** * other bits in the port by using the appropriate method (read-modify-write or
  35:Generated_Source\PSoC5/USBFS_Dm.c **** * bit banding).
  36:Generated_Source\PSoC5/USBFS_Dm.c **** *
  37:Generated_Source\PSoC5/USBFS_Dm.c **** * <b>Note</b> This function should not be used on a hardware digital output pin 
  38:Generated_Source\PSoC5/USBFS_Dm.c **** * as it is driven by the hardware signal attached to it.
  39:Generated_Source\PSoC5/USBFS_Dm.c **** *
  40:Generated_Source\PSoC5/USBFS_Dm.c **** * \param value
  41:Generated_Source\PSoC5/USBFS_Dm.c **** *  Value to write to the component instance.
  42:Generated_Source\PSoC5/USBFS_Dm.c **** *
  43:Generated_Source\PSoC5/USBFS_Dm.c **** * \return 
  44:Generated_Source\PSoC5/USBFS_Dm.c **** *  None 
  45:Generated_Source\PSoC5/USBFS_Dm.c **** *
  46:Generated_Source\PSoC5/USBFS_Dm.c **** * \sideeffect
  47:Generated_Source\PSoC5/USBFS_Dm.c **** *  If you use read-modify-write operations that are not atomic; the Interrupt 
  48:Generated_Source\PSoC5/USBFS_Dm.c **** *  Service Routines (ISR) can cause corruption of this function. An ISR that 
  49:Generated_Source\PSoC5/USBFS_Dm.c **** *  interrupts this function and performs writes to the Pins component data 
  50:Generated_Source\PSoC5/USBFS_Dm.c **** *  register can cause corrupted port data. To avoid this issue, you should 
  51:Generated_Source\PSoC5/USBFS_Dm.c **** *  either use the Per-Pin APIs (primary method) or disable interrupts around 
  52:Generated_Source\PSoC5/USBFS_Dm.c **** *  this function.
  53:Generated_Source\PSoC5/USBFS_Dm.c **** *
  54:Generated_Source\PSoC5/USBFS_Dm.c **** * \funcusage
  55:Generated_Source\PSoC5/USBFS_Dm.c **** *  \snippet USBFS_Dm_SUT.c usage_USBFS_Dm_Write
  56:Generated_Source\PSoC5/USBFS_Dm.c **** *******************************************************************************/
  57:Generated_Source\PSoC5/USBFS_Dm.c **** void USBFS_Dm_Write(uint8 value)
  58:Generated_Source\PSoC5/USBFS_Dm.c **** {
  28              		.loc 1 58 0
  29              		.cfi_startproc
  30              		@ args = 0, pretend = 0, frame = 0
  31              		@ frame_needed = 0, uses_anonymous_args = 0
  32              		@ link register save eliminated.
  33              	.LVL0:
  59:Generated_Source\PSoC5/USBFS_Dm.c ****     uint8 staticBits = (USBFS_Dm_DR & (uint8)(~USBFS_Dm_MASK));
  34              		.loc 1 59 0
  35 0000 044A     		ldr	r2, .L2
  36 0002 1378     		ldrb	r3, [r2]	@ zero_extendqisi2
  37 0004 03F07F03 		and	r3, r3, #127
  38              	.LVL1:
  60:Generated_Source\PSoC5/USBFS_Dm.c ****     USBFS_Dm_DR = staticBits | ((uint8)(value << USBFS_Dm_SHIFT) & USBFS_Dm_MASK);
  39              		.loc 1 60 0
  40 0008 C001     		lsls	r0, r0, #7
  41              	.LVL2:
  42 000a C0B2     		uxtb	r0, r0
  43 000c 1843     		orrs	r0, r0, r3
  44 000e 1070     		strb	r0, [r2]
  45 0010 7047     		bx	lr
  46              	.L3:
  47 0012 00BF     		.align	2
  48              	.L2:
  49 0014 F0510040 		.word	1073762800
  50              		.cfi_endproc
  51              	.LFE0:
  52              		.size	USBFS_Dm_Write, .-USBFS_Dm_Write
  53              		.section	.text.USBFS_Dm_SetDriveMode,"ax",%progbits
  54              		.align	2
ARM GAS  C:\Users\BRIAN~1.SEA\AppData\Local\Temp\cc4hKTQe.s 			page 3


  55              		.global	USBFS_Dm_SetDriveMode
  56              		.thumb
  57              		.thumb_func
  58              		.type	USBFS_Dm_SetDriveMode, %function
  59              	USBFS_Dm_SetDriveMode:
  60              	.LFB1:
  61:Generated_Source\PSoC5/USBFS_Dm.c **** }
  62:Generated_Source\PSoC5/USBFS_Dm.c **** 
  63:Generated_Source\PSoC5/USBFS_Dm.c **** 
  64:Generated_Source\PSoC5/USBFS_Dm.c **** /*******************************************************************************
  65:Generated_Source\PSoC5/USBFS_Dm.c **** * Function Name: USBFS_Dm_SetDriveMode
  66:Generated_Source\PSoC5/USBFS_Dm.c **** ****************************************************************************//**
  67:Generated_Source\PSoC5/USBFS_Dm.c **** *
  68:Generated_Source\PSoC5/USBFS_Dm.c **** * \brief Sets the drive mode for each of the Pins component's pins.
  69:Generated_Source\PSoC5/USBFS_Dm.c **** * 
  70:Generated_Source\PSoC5/USBFS_Dm.c **** * <b>Note</b> This affects all pins in the Pins component instance. Use the
  71:Generated_Source\PSoC5/USBFS_Dm.c **** * Per-Pin APIs if you wish to control individual pin's drive modes.
  72:Generated_Source\PSoC5/USBFS_Dm.c **** *
  73:Generated_Source\PSoC5/USBFS_Dm.c **** * \param mode
  74:Generated_Source\PSoC5/USBFS_Dm.c **** *  Mode for the selected signals. Valid options are documented in 
  75:Generated_Source\PSoC5/USBFS_Dm.c **** *  \ref driveMode.
  76:Generated_Source\PSoC5/USBFS_Dm.c **** *
  77:Generated_Source\PSoC5/USBFS_Dm.c **** * \return
  78:Generated_Source\PSoC5/USBFS_Dm.c **** *  None
  79:Generated_Source\PSoC5/USBFS_Dm.c **** *
  80:Generated_Source\PSoC5/USBFS_Dm.c **** * \sideeffect
  81:Generated_Source\PSoC5/USBFS_Dm.c **** *  If you use read-modify-write operations that are not atomic, the ISR can
  82:Generated_Source\PSoC5/USBFS_Dm.c **** *  cause corruption of this function. An ISR that interrupts this function 
  83:Generated_Source\PSoC5/USBFS_Dm.c **** *  and performs writes to the Pins component Drive Mode registers can cause 
  84:Generated_Source\PSoC5/USBFS_Dm.c **** *  corrupted port data. To avoid this issue, you should either use the Per-Pin
  85:Generated_Source\PSoC5/USBFS_Dm.c **** *  APIs (primary method) or disable interrupts around this function.
  86:Generated_Source\PSoC5/USBFS_Dm.c **** *
  87:Generated_Source\PSoC5/USBFS_Dm.c **** * \funcusage
  88:Generated_Source\PSoC5/USBFS_Dm.c **** *  \snippet USBFS_Dm_SUT.c usage_USBFS_Dm_SetDriveMode
  89:Generated_Source\PSoC5/USBFS_Dm.c **** *******************************************************************************/
  90:Generated_Source\PSoC5/USBFS_Dm.c **** void USBFS_Dm_SetDriveMode(uint8 mode)
  91:Generated_Source\PSoC5/USBFS_Dm.c **** {
  61              		.loc 1 91 0
  62              		.cfi_startproc
  63              		@ args = 0, pretend = 0, frame = 0
  64              		@ frame_needed = 0, uses_anonymous_args = 0
  65              		@ link register save eliminated.
  66              	.LVL3:
  92:Generated_Source\PSoC5/USBFS_Dm.c **** 	CyPins_SetPinDriveMode(USBFS_Dm_0, mode);
  67              		.loc 1 92 0
  68 0000 044A     		ldr	r2, .L5
  69 0002 1378     		ldrb	r3, [r2]	@ zero_extendqisi2
  70 0004 03F0F103 		and	r3, r3, #241
  71 0008 00F00E00 		and	r0, r0, #14
  72              	.LVL4:
  73 000c 1843     		orrs	r0, r0, r3
  74 000e 1070     		strb	r0, [r2]
  75 0010 7047     		bx	lr
  76              	.L6:
  77 0012 00BF     		.align	2
  78              	.L5:
  79 0014 7F500040 		.word	1073762431
ARM GAS  C:\Users\BRIAN~1.SEA\AppData\Local\Temp\cc4hKTQe.s 			page 4


  80              		.cfi_endproc
  81              	.LFE1:
  82              		.size	USBFS_Dm_SetDriveMode, .-USBFS_Dm_SetDriveMode
  83              		.section	.text.USBFS_Dm_Read,"ax",%progbits
  84              		.align	2
  85              		.global	USBFS_Dm_Read
  86              		.thumb
  87              		.thumb_func
  88              		.type	USBFS_Dm_Read, %function
  89              	USBFS_Dm_Read:
  90              	.LFB2:
  93:Generated_Source\PSoC5/USBFS_Dm.c **** }
  94:Generated_Source\PSoC5/USBFS_Dm.c **** 
  95:Generated_Source\PSoC5/USBFS_Dm.c **** 
  96:Generated_Source\PSoC5/USBFS_Dm.c **** /*******************************************************************************
  97:Generated_Source\PSoC5/USBFS_Dm.c **** * Function Name: USBFS_Dm_Read
  98:Generated_Source\PSoC5/USBFS_Dm.c **** ****************************************************************************//**
  99:Generated_Source\PSoC5/USBFS_Dm.c **** *
 100:Generated_Source\PSoC5/USBFS_Dm.c **** * \brief Reads the associated physical port (pin status register) and masks 
 101:Generated_Source\PSoC5/USBFS_Dm.c **** *  the required bits according to the width and bit position of the component
 102:Generated_Source\PSoC5/USBFS_Dm.c **** *  instance. 
 103:Generated_Source\PSoC5/USBFS_Dm.c **** *
 104:Generated_Source\PSoC5/USBFS_Dm.c **** * The pin's status register returns the current logic level present on the 
 105:Generated_Source\PSoC5/USBFS_Dm.c **** * physical pin.
 106:Generated_Source\PSoC5/USBFS_Dm.c **** *
 107:Generated_Source\PSoC5/USBFS_Dm.c **** * \return 
 108:Generated_Source\PSoC5/USBFS_Dm.c **** *  The current value for the pins in the component as a right justified number.
 109:Generated_Source\PSoC5/USBFS_Dm.c **** *
 110:Generated_Source\PSoC5/USBFS_Dm.c **** * \funcusage
 111:Generated_Source\PSoC5/USBFS_Dm.c **** *  \snippet USBFS_Dm_SUT.c usage_USBFS_Dm_Read  
 112:Generated_Source\PSoC5/USBFS_Dm.c **** *******************************************************************************/
 113:Generated_Source\PSoC5/USBFS_Dm.c **** uint8 USBFS_Dm_Read(void)
 114:Generated_Source\PSoC5/USBFS_Dm.c **** {
  91              		.loc 1 114 0
  92              		.cfi_startproc
  93              		@ args = 0, pretend = 0, frame = 0
  94              		@ frame_needed = 0, uses_anonymous_args = 0
  95              		@ link register save eliminated.
 115:Generated_Source\PSoC5/USBFS_Dm.c ****     return (USBFS_Dm_PS & USBFS_Dm_MASK) >> USBFS_Dm_SHIFT;
  96              		.loc 1 115 0
  97 0000 014B     		ldr	r3, .L8
  98 0002 1878     		ldrb	r0, [r3]	@ zero_extendqisi2
 116:Generated_Source\PSoC5/USBFS_Dm.c **** }
  99              		.loc 1 116 0
 100 0004 C009     		lsrs	r0, r0, #7
 101 0006 7047     		bx	lr
 102              	.L9:
 103              		.align	2
 104              	.L8:
 105 0008 F1510040 		.word	1073762801
 106              		.cfi_endproc
 107              	.LFE2:
 108              		.size	USBFS_Dm_Read, .-USBFS_Dm_Read
 109              		.section	.text.USBFS_Dm_ReadDataReg,"ax",%progbits
 110              		.align	2
 111              		.global	USBFS_Dm_ReadDataReg
 112              		.thumb
ARM GAS  C:\Users\BRIAN~1.SEA\AppData\Local\Temp\cc4hKTQe.s 			page 5


 113              		.thumb_func
 114              		.type	USBFS_Dm_ReadDataReg, %function
 115              	USBFS_Dm_ReadDataReg:
 116              	.LFB3:
 117:Generated_Source\PSoC5/USBFS_Dm.c **** 
 118:Generated_Source\PSoC5/USBFS_Dm.c **** 
 119:Generated_Source\PSoC5/USBFS_Dm.c **** /*******************************************************************************
 120:Generated_Source\PSoC5/USBFS_Dm.c **** * Function Name: USBFS_Dm_ReadDataReg
 121:Generated_Source\PSoC5/USBFS_Dm.c **** ****************************************************************************//**
 122:Generated_Source\PSoC5/USBFS_Dm.c **** *
 123:Generated_Source\PSoC5/USBFS_Dm.c **** * \brief Reads the associated physical port's data output register and masks 
 124:Generated_Source\PSoC5/USBFS_Dm.c **** *  the correct bits according to the width and bit position of the component 
 125:Generated_Source\PSoC5/USBFS_Dm.c **** *  instance. 
 126:Generated_Source\PSoC5/USBFS_Dm.c **** *
 127:Generated_Source\PSoC5/USBFS_Dm.c **** * The data output register controls the signal applied to the physical pin in 
 128:Generated_Source\PSoC5/USBFS_Dm.c **** * conjunction with the drive mode parameter. This is not the same as the 
 129:Generated_Source\PSoC5/USBFS_Dm.c **** * preferred USBFS_Dm_Read() API because the 
 130:Generated_Source\PSoC5/USBFS_Dm.c **** * USBFS_Dm_ReadDataReg() reads the data register instead of the status 
 131:Generated_Source\PSoC5/USBFS_Dm.c **** * register. For output pins this is a useful function to determine the value 
 132:Generated_Source\PSoC5/USBFS_Dm.c **** * just written to the pin.
 133:Generated_Source\PSoC5/USBFS_Dm.c **** *
 134:Generated_Source\PSoC5/USBFS_Dm.c **** * \return 
 135:Generated_Source\PSoC5/USBFS_Dm.c **** *  The current value of the data register masked and shifted into a right 
 136:Generated_Source\PSoC5/USBFS_Dm.c **** *  justified number for the component instance.
 137:Generated_Source\PSoC5/USBFS_Dm.c **** *
 138:Generated_Source\PSoC5/USBFS_Dm.c **** * \funcusage
 139:Generated_Source\PSoC5/USBFS_Dm.c **** *  \snippet USBFS_Dm_SUT.c usage_USBFS_Dm_ReadDataReg 
 140:Generated_Source\PSoC5/USBFS_Dm.c **** *******************************************************************************/
 141:Generated_Source\PSoC5/USBFS_Dm.c **** uint8 USBFS_Dm_ReadDataReg(void)
 142:Generated_Source\PSoC5/USBFS_Dm.c **** {
 117              		.loc 1 142 0
 118              		.cfi_startproc
 119              		@ args = 0, pretend = 0, frame = 0
 120              		@ frame_needed = 0, uses_anonymous_args = 0
 121              		@ link register save eliminated.
 143:Generated_Source\PSoC5/USBFS_Dm.c ****     return (USBFS_Dm_DR & USBFS_Dm_MASK) >> USBFS_Dm_SHIFT;
 122              		.loc 1 143 0
 123 0000 014B     		ldr	r3, .L11
 124 0002 1878     		ldrb	r0, [r3]	@ zero_extendqisi2
 144:Generated_Source\PSoC5/USBFS_Dm.c **** }
 125              		.loc 1 144 0
 126 0004 C009     		lsrs	r0, r0, #7
 127 0006 7047     		bx	lr
 128              	.L12:
 129              		.align	2
 130              	.L11:
 131 0008 F0510040 		.word	1073762800
 132              		.cfi_endproc
 133              	.LFE3:
 134              		.size	USBFS_Dm_ReadDataReg, .-USBFS_Dm_ReadDataReg
 135              		.text
 136              	.Letext0:
 137              		.file 2 "Generated_Source\\PSoC5\\cytypes.h"
 138              		.section	.debug_info,"",%progbits
 139              	.Ldebug_info0:
 140 0000 1A010000 		.4byte	0x11a
 141 0004 0400     		.2byte	0x4
ARM GAS  C:\Users\BRIAN~1.SEA\AppData\Local\Temp\cc4hKTQe.s 			page 6


 142 0006 00000000 		.4byte	.Ldebug_abbrev0
 143 000a 04       		.byte	0x4
 144 000b 01       		.uleb128 0x1
 145 000c 58000000 		.4byte	.LASF20
 146 0010 0C       		.byte	0xc
 147 0011 D2010000 		.4byte	.LASF21
 148 0015 78010000 		.4byte	.LASF22
 149 0019 00000000 		.4byte	.Ldebug_ranges0+0
 150 001d 00000000 		.4byte	0
 151 0021 00000000 		.4byte	.Ldebug_line0
 152 0025 02       		.uleb128 0x2
 153 0026 01       		.byte	0x1
 154 0027 06       		.byte	0x6
 155 0028 FD010000 		.4byte	.LASF0
 156 002c 02       		.uleb128 0x2
 157 002d 01       		.byte	0x1
 158 002e 08       		.byte	0x8
 159 002f 4A000000 		.4byte	.LASF1
 160 0033 02       		.uleb128 0x2
 161 0034 02       		.byte	0x2
 162 0035 05       		.byte	0x5
 163 0036 68010000 		.4byte	.LASF2
 164 003a 02       		.uleb128 0x2
 165 003b 02       		.byte	0x2
 166 003c 07       		.byte	0x7
 167 003d FD000000 		.4byte	.LASF3
 168 0041 02       		.uleb128 0x2
 169 0042 04       		.byte	0x4
 170 0043 05       		.byte	0x5
 171 0044 F4010000 		.4byte	.LASF4
 172 0048 02       		.uleb128 0x2
 173 0049 04       		.byte	0x4
 174 004a 07       		.byte	0x7
 175 004b EB000000 		.4byte	.LASF5
 176 004f 02       		.uleb128 0x2
 177 0050 08       		.byte	0x8
 178 0051 05       		.byte	0x5
 179 0052 55010000 		.4byte	.LASF6
 180 0056 02       		.uleb128 0x2
 181 0057 08       		.byte	0x8
 182 0058 07       		.byte	0x7
 183 0059 39010000 		.4byte	.LASF7
 184 005d 03       		.uleb128 0x3
 185 005e 04       		.byte	0x4
 186 005f 05       		.byte	0x5
 187 0060 696E7400 		.ascii	"int\000"
 188 0064 02       		.uleb128 0x2
 189 0065 04       		.byte	0x4
 190 0066 07       		.byte	0x7
 191 0067 2C010000 		.4byte	.LASF8
 192 006b 04       		.uleb128 0x4
 193 006c 72010000 		.4byte	.LASF12
 194 0070 02       		.byte	0x2
 195 0071 B4       		.byte	0xb4
 196 0072 2C000000 		.4byte	0x2c
 197 0076 02       		.uleb128 0x2
 198 0077 04       		.byte	0x4
ARM GAS  C:\Users\BRIAN~1.SEA\AppData\Local\Temp\cc4hKTQe.s 			page 7


 199 0078 04       		.byte	0x4
 200 0079 44000000 		.4byte	.LASF9
 201 007d 02       		.uleb128 0x2
 202 007e 08       		.byte	0x8
 203 007f 04       		.byte	0x4
 204 0080 10010000 		.4byte	.LASF10
 205 0084 02       		.uleb128 0x2
 206 0085 01       		.byte	0x1
 207 0086 08       		.byte	0x8
 208 0087 63010000 		.4byte	.LASF11
 209 008b 05       		.uleb128 0x5
 210 008c E6000000 		.4byte	.LASF13
 211 0090 02       		.byte	0x2
 212 0091 5E01     		.2byte	0x15e
 213 0093 97000000 		.4byte	0x97
 214 0097 06       		.uleb128 0x6
 215 0098 6B000000 		.4byte	0x6b
 216 009c 07       		.uleb128 0x7
 217 009d 00000000 		.4byte	.LASF14
 218 00a1 01       		.byte	0x1
 219 00a2 39       		.byte	0x39
 220 00a3 00000000 		.4byte	.LFB0
 221 00a7 18000000 		.4byte	.LFE0-.LFB0
 222 00ab 01       		.uleb128 0x1
 223 00ac 9C       		.byte	0x9c
 224 00ad CE000000 		.4byte	0xce
 225 00b1 08       		.uleb128 0x8
 226 00b2 1D000000 		.4byte	.LASF16
 227 00b6 01       		.byte	0x1
 228 00b7 39       		.byte	0x39
 229 00b8 6B000000 		.4byte	0x6b
 230 00bc 00000000 		.4byte	.LLST0
 231 00c0 09       		.uleb128 0x9
 232 00c1 23000000 		.4byte	.LASF23
 233 00c5 01       		.byte	0x1
 234 00c6 3B       		.byte	0x3b
 235 00c7 6B000000 		.4byte	0x6b
 236 00cb 01       		.uleb128 0x1
 237 00cc 53       		.byte	0x53
 238 00cd 00       		.byte	0
 239 00ce 07       		.uleb128 0x7
 240 00cf 2E000000 		.4byte	.LASF15
 241 00d3 01       		.byte	0x1
 242 00d4 5A       		.byte	0x5a
 243 00d5 00000000 		.4byte	.LFB1
 244 00d9 18000000 		.4byte	.LFE1-.LFB1
 245 00dd 01       		.uleb128 0x1
 246 00de 9C       		.byte	0x9c
 247 00df F3000000 		.4byte	0xf3
 248 00e3 08       		.uleb128 0x8
 249 00e4 50010000 		.4byte	.LASF17
 250 00e8 01       		.byte	0x1
 251 00e9 5A       		.byte	0x5a
 252 00ea 6B000000 		.4byte	0x6b
 253 00ee 21000000 		.4byte	.LLST1
 254 00f2 00       		.byte	0
 255 00f3 0A       		.uleb128 0xa
ARM GAS  C:\Users\BRIAN~1.SEA\AppData\Local\Temp\cc4hKTQe.s 			page 8


 256 00f4 0F000000 		.4byte	.LASF18
 257 00f8 01       		.byte	0x1
 258 00f9 71       		.byte	0x71
 259 00fa 6B000000 		.4byte	0x6b
 260 00fe 00000000 		.4byte	.LFB2
 261 0102 0C000000 		.4byte	.LFE2-.LFB2
 262 0106 01       		.uleb128 0x1
 263 0107 9C       		.byte	0x9c
 264 0108 0A       		.uleb128 0xa
 265 0109 17010000 		.4byte	.LASF19
 266 010d 01       		.byte	0x1
 267 010e 8D       		.byte	0x8d
 268 010f 6B000000 		.4byte	0x6b
 269 0113 00000000 		.4byte	.LFB3
 270 0117 0C000000 		.4byte	.LFE3-.LFB3
 271 011b 01       		.uleb128 0x1
 272 011c 9C       		.byte	0x9c
 273 011d 00       		.byte	0
 274              		.section	.debug_abbrev,"",%progbits
 275              	.Ldebug_abbrev0:
 276 0000 01       		.uleb128 0x1
 277 0001 11       		.uleb128 0x11
 278 0002 01       		.byte	0x1
 279 0003 25       		.uleb128 0x25
 280 0004 0E       		.uleb128 0xe
 281 0005 13       		.uleb128 0x13
 282 0006 0B       		.uleb128 0xb
 283 0007 03       		.uleb128 0x3
 284 0008 0E       		.uleb128 0xe
 285 0009 1B       		.uleb128 0x1b
 286 000a 0E       		.uleb128 0xe
 287 000b 55       		.uleb128 0x55
 288 000c 17       		.uleb128 0x17
 289 000d 11       		.uleb128 0x11
 290 000e 01       		.uleb128 0x1
 291 000f 10       		.uleb128 0x10
 292 0010 17       		.uleb128 0x17
 293 0011 00       		.byte	0
 294 0012 00       		.byte	0
 295 0013 02       		.uleb128 0x2
 296 0014 24       		.uleb128 0x24
 297 0015 00       		.byte	0
 298 0016 0B       		.uleb128 0xb
 299 0017 0B       		.uleb128 0xb
 300 0018 3E       		.uleb128 0x3e
 301 0019 0B       		.uleb128 0xb
 302 001a 03       		.uleb128 0x3
 303 001b 0E       		.uleb128 0xe
 304 001c 00       		.byte	0
 305 001d 00       		.byte	0
 306 001e 03       		.uleb128 0x3
 307 001f 24       		.uleb128 0x24
 308 0020 00       		.byte	0
 309 0021 0B       		.uleb128 0xb
 310 0022 0B       		.uleb128 0xb
 311 0023 3E       		.uleb128 0x3e
 312 0024 0B       		.uleb128 0xb
ARM GAS  C:\Users\BRIAN~1.SEA\AppData\Local\Temp\cc4hKTQe.s 			page 9


 313 0025 03       		.uleb128 0x3
 314 0026 08       		.uleb128 0x8
 315 0027 00       		.byte	0
 316 0028 00       		.byte	0
 317 0029 04       		.uleb128 0x4
 318 002a 16       		.uleb128 0x16
 319 002b 00       		.byte	0
 320 002c 03       		.uleb128 0x3
 321 002d 0E       		.uleb128 0xe
 322 002e 3A       		.uleb128 0x3a
 323 002f 0B       		.uleb128 0xb
 324 0030 3B       		.uleb128 0x3b
 325 0031 0B       		.uleb128 0xb
 326 0032 49       		.uleb128 0x49
 327 0033 13       		.uleb128 0x13
 328 0034 00       		.byte	0
 329 0035 00       		.byte	0
 330 0036 05       		.uleb128 0x5
 331 0037 16       		.uleb128 0x16
 332 0038 00       		.byte	0
 333 0039 03       		.uleb128 0x3
 334 003a 0E       		.uleb128 0xe
 335 003b 3A       		.uleb128 0x3a
 336 003c 0B       		.uleb128 0xb
 337 003d 3B       		.uleb128 0x3b
 338 003e 05       		.uleb128 0x5
 339 003f 49       		.uleb128 0x49
 340 0040 13       		.uleb128 0x13
 341 0041 00       		.byte	0
 342 0042 00       		.byte	0
 343 0043 06       		.uleb128 0x6
 344 0044 35       		.uleb128 0x35
 345 0045 00       		.byte	0
 346 0046 49       		.uleb128 0x49
 347 0047 13       		.uleb128 0x13
 348 0048 00       		.byte	0
 349 0049 00       		.byte	0
 350 004a 07       		.uleb128 0x7
 351 004b 2E       		.uleb128 0x2e
 352 004c 01       		.byte	0x1
 353 004d 3F       		.uleb128 0x3f
 354 004e 19       		.uleb128 0x19
 355 004f 03       		.uleb128 0x3
 356 0050 0E       		.uleb128 0xe
 357 0051 3A       		.uleb128 0x3a
 358 0052 0B       		.uleb128 0xb
 359 0053 3B       		.uleb128 0x3b
 360 0054 0B       		.uleb128 0xb
 361 0055 27       		.uleb128 0x27
 362 0056 19       		.uleb128 0x19
 363 0057 11       		.uleb128 0x11
 364 0058 01       		.uleb128 0x1
 365 0059 12       		.uleb128 0x12
 366 005a 06       		.uleb128 0x6
 367 005b 40       		.uleb128 0x40
 368 005c 18       		.uleb128 0x18
 369 005d 9742     		.uleb128 0x2117
ARM GAS  C:\Users\BRIAN~1.SEA\AppData\Local\Temp\cc4hKTQe.s 			page 10


 370 005f 19       		.uleb128 0x19
 371 0060 01       		.uleb128 0x1
 372 0061 13       		.uleb128 0x13
 373 0062 00       		.byte	0
 374 0063 00       		.byte	0
 375 0064 08       		.uleb128 0x8
 376 0065 05       		.uleb128 0x5
 377 0066 00       		.byte	0
 378 0067 03       		.uleb128 0x3
 379 0068 0E       		.uleb128 0xe
 380 0069 3A       		.uleb128 0x3a
 381 006a 0B       		.uleb128 0xb
 382 006b 3B       		.uleb128 0x3b
 383 006c 0B       		.uleb128 0xb
 384 006d 49       		.uleb128 0x49
 385 006e 13       		.uleb128 0x13
 386 006f 02       		.uleb128 0x2
 387 0070 17       		.uleb128 0x17
 388 0071 00       		.byte	0
 389 0072 00       		.byte	0
 390 0073 09       		.uleb128 0x9
 391 0074 34       		.uleb128 0x34
 392 0075 00       		.byte	0
 393 0076 03       		.uleb128 0x3
 394 0077 0E       		.uleb128 0xe
 395 0078 3A       		.uleb128 0x3a
 396 0079 0B       		.uleb128 0xb
 397 007a 3B       		.uleb128 0x3b
 398 007b 0B       		.uleb128 0xb
 399 007c 49       		.uleb128 0x49
 400 007d 13       		.uleb128 0x13
 401 007e 02       		.uleb128 0x2
 402 007f 18       		.uleb128 0x18
 403 0080 00       		.byte	0
 404 0081 00       		.byte	0
 405 0082 0A       		.uleb128 0xa
 406 0083 2E       		.uleb128 0x2e
 407 0084 00       		.byte	0
 408 0085 3F       		.uleb128 0x3f
 409 0086 19       		.uleb128 0x19
 410 0087 03       		.uleb128 0x3
 411 0088 0E       		.uleb128 0xe
 412 0089 3A       		.uleb128 0x3a
 413 008a 0B       		.uleb128 0xb
 414 008b 3B       		.uleb128 0x3b
 415 008c 0B       		.uleb128 0xb
 416 008d 27       		.uleb128 0x27
 417 008e 19       		.uleb128 0x19
 418 008f 49       		.uleb128 0x49
 419 0090 13       		.uleb128 0x13
 420 0091 11       		.uleb128 0x11
 421 0092 01       		.uleb128 0x1
 422 0093 12       		.uleb128 0x12
 423 0094 06       		.uleb128 0x6
 424 0095 40       		.uleb128 0x40
 425 0096 18       		.uleb128 0x18
 426 0097 9742     		.uleb128 0x2117
ARM GAS  C:\Users\BRIAN~1.SEA\AppData\Local\Temp\cc4hKTQe.s 			page 11


 427 0099 19       		.uleb128 0x19
 428 009a 00       		.byte	0
 429 009b 00       		.byte	0
 430 009c 00       		.byte	0
 431              		.section	.debug_loc,"",%progbits
 432              	.Ldebug_loc0:
 433              	.LLST0:
 434 0000 00000000 		.4byte	.LVL0
 435 0004 0A000000 		.4byte	.LVL2
 436 0008 0100     		.2byte	0x1
 437 000a 50       		.byte	0x50
 438 000b 0A000000 		.4byte	.LVL2
 439 000f 18000000 		.4byte	.LFE0
 440 0013 0400     		.2byte	0x4
 441 0015 F3       		.byte	0xf3
 442 0016 01       		.uleb128 0x1
 443 0017 50       		.byte	0x50
 444 0018 9F       		.byte	0x9f
 445 0019 00000000 		.4byte	0
 446 001d 00000000 		.4byte	0
 447              	.LLST1:
 448 0021 00000000 		.4byte	.LVL3
 449 0025 0C000000 		.4byte	.LVL4
 450 0029 0100     		.2byte	0x1
 451 002b 50       		.byte	0x50
 452 002c 0C000000 		.4byte	.LVL4
 453 0030 18000000 		.4byte	.LFE1
 454 0034 0400     		.2byte	0x4
 455 0036 F3       		.byte	0xf3
 456 0037 01       		.uleb128 0x1
 457 0038 50       		.byte	0x50
 458 0039 9F       		.byte	0x9f
 459 003a 00000000 		.4byte	0
 460 003e 00000000 		.4byte	0
 461              		.section	.debug_aranges,"",%progbits
 462 0000 34000000 		.4byte	0x34
 463 0004 0200     		.2byte	0x2
 464 0006 00000000 		.4byte	.Ldebug_info0
 465 000a 04       		.byte	0x4
 466 000b 00       		.byte	0
 467 000c 0000     		.2byte	0
 468 000e 0000     		.2byte	0
 469 0010 00000000 		.4byte	.LFB0
 470 0014 18000000 		.4byte	.LFE0-.LFB0
 471 0018 00000000 		.4byte	.LFB1
 472 001c 18000000 		.4byte	.LFE1-.LFB1
 473 0020 00000000 		.4byte	.LFB2
 474 0024 0C000000 		.4byte	.LFE2-.LFB2
 475 0028 00000000 		.4byte	.LFB3
 476 002c 0C000000 		.4byte	.LFE3-.LFB3
 477 0030 00000000 		.4byte	0
 478 0034 00000000 		.4byte	0
 479              		.section	.debug_ranges,"",%progbits
 480              	.Ldebug_ranges0:
 481 0000 00000000 		.4byte	.LFB0
 482 0004 18000000 		.4byte	.LFE0
 483 0008 00000000 		.4byte	.LFB1
ARM GAS  C:\Users\BRIAN~1.SEA\AppData\Local\Temp\cc4hKTQe.s 			page 12


 484 000c 18000000 		.4byte	.LFE1
 485 0010 00000000 		.4byte	.LFB2
 486 0014 0C000000 		.4byte	.LFE2
 487 0018 00000000 		.4byte	.LFB3
 488 001c 0C000000 		.4byte	.LFE3
 489 0020 00000000 		.4byte	0
 490 0024 00000000 		.4byte	0
 491              		.section	.debug_line,"",%progbits
 492              	.Ldebug_line0:
 493 0000 91000000 		.section	.debug_str,"MS",%progbits,1
 493      02004500 
 493      00000201 
 493      FB0E0D00 
 493      01010101 
 494              	.LASF14:
 495 0000 55534246 		.ascii	"USBFS_Dm_Write\000"
 495      535F446D 
 495      5F577269 
 495      746500
 496              	.LASF18:
 497 000f 55534246 		.ascii	"USBFS_Dm_Read\000"
 497      535F446D 
 497      5F526561 
 497      6400
 498              	.LASF16:
 499 001d 76616C75 		.ascii	"value\000"
 499      6500
 500              	.LASF23:
 501 0023 73746174 		.ascii	"staticBits\000"
 501      69634269 
 501      747300
 502              	.LASF15:
 503 002e 55534246 		.ascii	"USBFS_Dm_SetDriveMode\000"
 503      535F446D 
 503      5F536574 
 503      44726976 
 503      654D6F64 
 504              	.LASF9:
 505 0044 666C6F61 		.ascii	"float\000"
 505      7400
 506              	.LASF1:
 507 004a 756E7369 		.ascii	"unsigned char\000"
 507      676E6564 
 507      20636861 
 507      7200
 508              	.LASF20:
 509 0058 474E5520 		.ascii	"GNU C11 5.4.1 20160609 (release) [ARM/embedded-5-br"
 509      43313120 
 509      352E342E 
 509      31203230 
 509      31363036 
 510 008b 616E6368 		.ascii	"anch revision 237715] -mcpu=cortex-m3 -mthumb -g -O"
 510      20726576 
 510      6973696F 
 510      6E203233 
 510      37373135 
 511 00be 67202D66 		.ascii	"g -ffunction-sections -ffat-lto-objects\000"
ARM GAS  C:\Users\BRIAN~1.SEA\AppData\Local\Temp\cc4hKTQe.s 			page 13


 511      66756E63 
 511      74696F6E 
 511      2D736563 
 511      74696F6E 
 512              	.LASF13:
 513 00e6 72656738 		.ascii	"reg8\000"
 513      00
 514              	.LASF5:
 515 00eb 6C6F6E67 		.ascii	"long unsigned int\000"
 515      20756E73 
 515      69676E65 
 515      6420696E 
 515      7400
 516              	.LASF3:
 517 00fd 73686F72 		.ascii	"short unsigned int\000"
 517      7420756E 
 517      7369676E 
 517      65642069 
 517      6E7400
 518              	.LASF10:
 519 0110 646F7562 		.ascii	"double\000"
 519      6C6500
 520              	.LASF19:
 521 0117 55534246 		.ascii	"USBFS_Dm_ReadDataReg\000"
 521      535F446D 
 521      5F526561 
 521      64446174 
 521      61526567 
 522              	.LASF8:
 523 012c 756E7369 		.ascii	"unsigned int\000"
 523      676E6564 
 523      20696E74 
 523      00
 524              	.LASF7:
 525 0139 6C6F6E67 		.ascii	"long long unsigned int\000"
 525      206C6F6E 
 525      6720756E 
 525      7369676E 
 525      65642069 
 526              	.LASF17:
 527 0150 6D6F6465 		.ascii	"mode\000"
 527      00
 528              	.LASF6:
 529 0155 6C6F6E67 		.ascii	"long long int\000"
 529      206C6F6E 
 529      6720696E 
 529      7400
 530              	.LASF11:
 531 0163 63686172 		.ascii	"char\000"
 531      00
 532              	.LASF2:
 533 0168 73686F72 		.ascii	"short int\000"
 533      7420696E 
 533      7400
 534              	.LASF12:
 535 0172 75696E74 		.ascii	"uint8\000"
 535      3800
ARM GAS  C:\Users\BRIAN~1.SEA\AppData\Local\Temp\cc4hKTQe.s 			page 14


 536              	.LASF22:
 537 0178 433A5C5F 		.ascii	"C:\\_User\\GitHub Projects\\PulseGen\\PulseGen.cywr"
 537      55736572 
 537      5C476974 
 537      48756220 
 537      50726F6A 
 538 01a7 6B5F2E41 		.ascii	"k_.Archive01\\Design93\\PulseGenerator.cydsn\000"
 538      72636869 
 538      76653031 
 538      5C446573 
 538      69676E39 
 539              	.LASF21:
 540 01d2 47656E65 		.ascii	"Generated_Source\\PSoC5\\USBFS_Dm.c\000"
 540      72617465 
 540      645F536F 
 540      75726365 
 540      5C50536F 
 541              	.LASF4:
 542 01f4 6C6F6E67 		.ascii	"long int\000"
 542      20696E74 
 542      00
 543              	.LASF0:
 544 01fd 7369676E 		.ascii	"signed char\000"
 544      65642063 
 544      68617200 
 545              		.ident	"GCC: (GNU Tools for ARM Embedded Processors) 5.4.1 20160609 (release) [ARM/embedded-5-bran
