ARM GAS  C:\Users\BRIAN~1.SEA\AppData\Local\Temp\ccV7s4Bh.s 			page 1


   1              		.syntax unified
   2              		.cpu cortex-m3
   3              		.fpu softvfp
   4              		.eabi_attribute 20, 1
   5              		.eabi_attribute 21, 1
   6              		.eabi_attribute 23, 3
   7              		.eabi_attribute 24, 1
   8              		.eabi_attribute 25, 1
   9              		.eabi_attribute 26, 1
  10              		.eabi_attribute 30, 1
  11              		.eabi_attribute 34, 1
  12              		.eabi_attribute 18, 4
  13              		.thumb
  14              		.syntax unified
  15              		.file	"USBFS_cls.c"
  16              		.text
  17              	.Ltext0:
  18              		.cfi_sections	.debug_frame
  19              		.section	.text.USBFS_DispatchClassRqst,"ax",%progbits
  20              		.align	2
  21              		.global	USBFS_DispatchClassRqst
  22              		.thumb
  23              		.thumb_func
  24              		.type	USBFS_DispatchClassRqst, %function
  25              	USBFS_DispatchClassRqst:
  26              	.LFB0:
  27              		.file 1 "Generated_Source\\PSoC5\\USBFS_cls.c"
   1:Generated_Source\PSoC5/USBFS_cls.c **** /***************************************************************************//**
   2:Generated_Source\PSoC5/USBFS_cls.c **** * \file USBFS_cls.c
   3:Generated_Source\PSoC5/USBFS_cls.c **** * \version 3.10
   4:Generated_Source\PSoC5/USBFS_cls.c **** *
   5:Generated_Source\PSoC5/USBFS_cls.c **** * \brief
   6:Generated_Source\PSoC5/USBFS_cls.c **** *  This file contains the USB Class request handler.
   7:Generated_Source\PSoC5/USBFS_cls.c **** *
   8:Generated_Source\PSoC5/USBFS_cls.c **** ********************************************************************************
   9:Generated_Source\PSoC5/USBFS_cls.c **** * \copyright
  10:Generated_Source\PSoC5/USBFS_cls.c **** * Copyright 2008-2016, Cypress Semiconductor Corporation.  All rights reserved.
  11:Generated_Source\PSoC5/USBFS_cls.c **** * You may use this file only in accordance with the license, terms, conditions,
  12:Generated_Source\PSoC5/USBFS_cls.c **** * disclaimers, and limitations in the end user license agreement accompanying
  13:Generated_Source\PSoC5/USBFS_cls.c **** * the software package with which this file was provided.
  14:Generated_Source\PSoC5/USBFS_cls.c **** *******************************************************************************/
  15:Generated_Source\PSoC5/USBFS_cls.c **** 
  16:Generated_Source\PSoC5/USBFS_cls.c **** #include "USBFS_pvt.h"
  17:Generated_Source\PSoC5/USBFS_cls.c **** #include "cyapicallbacks.h"
  18:Generated_Source\PSoC5/USBFS_cls.c **** 
  19:Generated_Source\PSoC5/USBFS_cls.c **** #if(USBFS_EXTERN_CLS == USBFS_FALSE)
  20:Generated_Source\PSoC5/USBFS_cls.c **** 
  21:Generated_Source\PSoC5/USBFS_cls.c **** /***************************************
  22:Generated_Source\PSoC5/USBFS_cls.c **** * User Implemented Class Driver Declarations.
  23:Generated_Source\PSoC5/USBFS_cls.c **** ***************************************/
  24:Generated_Source\PSoC5/USBFS_cls.c **** /* `#START USER_DEFINED_CLASS_DECLARATIONS` Place your declaration here */
  25:Generated_Source\PSoC5/USBFS_cls.c **** 
  26:Generated_Source\PSoC5/USBFS_cls.c **** /* `#END` */
  27:Generated_Source\PSoC5/USBFS_cls.c **** 
  28:Generated_Source\PSoC5/USBFS_cls.c **** 
  29:Generated_Source\PSoC5/USBFS_cls.c **** /*******************************************************************************
  30:Generated_Source\PSoC5/USBFS_cls.c **** * Function Name: USBFS_DispatchClassRqst
ARM GAS  C:\Users\BRIAN~1.SEA\AppData\Local\Temp\ccV7s4Bh.s 			page 2


  31:Generated_Source\PSoC5/USBFS_cls.c **** ****************************************************************************//**
  32:Generated_Source\PSoC5/USBFS_cls.c **** *  This routine dispatches class specific requests depend on interface class.
  33:Generated_Source\PSoC5/USBFS_cls.c **** *
  34:Generated_Source\PSoC5/USBFS_cls.c **** * \return
  35:Generated_Source\PSoC5/USBFS_cls.c **** *  requestHandled.
  36:Generated_Source\PSoC5/USBFS_cls.c **** *
  37:Generated_Source\PSoC5/USBFS_cls.c **** * \reentrant
  38:Generated_Source\PSoC5/USBFS_cls.c **** *  No.
  39:Generated_Source\PSoC5/USBFS_cls.c **** *
  40:Generated_Source\PSoC5/USBFS_cls.c **** *******************************************************************************/
  41:Generated_Source\PSoC5/USBFS_cls.c **** uint8 USBFS_DispatchClassRqst(void) 
  42:Generated_Source\PSoC5/USBFS_cls.c **** {
  28              		.loc 1 42 0
  29              		.cfi_startproc
  30              		@ args = 0, pretend = 0, frame = 0
  31              		@ frame_needed = 0, uses_anonymous_args = 0
  32 0000 08B5     		push	{r3, lr}
  33              		.cfi_def_cfa_offset 8
  34              		.cfi_offset 3, -8
  35              		.cfi_offset 14, -4
  43:Generated_Source\PSoC5/USBFS_cls.c ****     uint8 requestHandled;
  44:Generated_Source\PSoC5/USBFS_cls.c ****     uint8 interfaceNumber;
  45:Generated_Source\PSoC5/USBFS_cls.c **** 
  46:Generated_Source\PSoC5/USBFS_cls.c ****     /* Get interface to which request is intended. */
  47:Generated_Source\PSoC5/USBFS_cls.c ****     switch (USBFS_bmRequestTypeReg & USBFS_RQST_RCPT_MASK)
  36              		.loc 1 47 0
  37 0002 124B     		ldr	r3, .L12
  38 0004 1B78     		ldrb	r3, [r3]	@ zero_extendqisi2
  39 0006 03F00303 		and	r3, r3, #3
  40 000a 012B     		cmp	r3, #1
  41 000c 02D0     		beq	.L3
  42 000e 022B     		cmp	r3, #2
  43 0010 04D0     		beq	.L4
  44 0012 0FE0     		b	.L9
  45              	.L3:
  48:Generated_Source\PSoC5/USBFS_cls.c ****     {
  49:Generated_Source\PSoC5/USBFS_cls.c ****         case USBFS_RQST_RCPT_IFC:
  50:Generated_Source\PSoC5/USBFS_cls.c ****             /* Class-specific request directed to interface: wIndexLoReg 
  51:Generated_Source\PSoC5/USBFS_cls.c ****             * contains interface number.
  52:Generated_Source\PSoC5/USBFS_cls.c ****             */
  53:Generated_Source\PSoC5/USBFS_cls.c ****             interfaceNumber = (uint8) USBFS_wIndexLoReg;
  46              		.loc 1 53 0
  47 0014 0D4B     		ldr	r3, .L12
  48 0016 1B79     		ldrb	r3, [r3, #4]	@ zero_extendqisi2
  49 0018 DBB2     		uxtb	r3, r3
  50              	.LVL0:
  54:Generated_Source\PSoC5/USBFS_cls.c ****             break;
  51              		.loc 1 54 0
  52 001a 0CE0     		b	.L2
  53              	.LVL1:
  54              	.L4:
  55:Generated_Source\PSoC5/USBFS_cls.c ****         
  56:Generated_Source\PSoC5/USBFS_cls.c ****         case USBFS_RQST_RCPT_EP:
  57:Generated_Source\PSoC5/USBFS_cls.c ****             /* Class-specific request directed to endpoint: wIndexLoReg contains 
  58:Generated_Source\PSoC5/USBFS_cls.c ****             * endpoint number. Find interface related to endpoint, 
  59:Generated_Source\PSoC5/USBFS_cls.c ****             */
  60:Generated_Source\PSoC5/USBFS_cls.c ****             interfaceNumber = USBFS_EP[USBFS_wIndexLoReg & USBFS_DIR_UNUSED].interface;
ARM GAS  C:\Users\BRIAN~1.SEA\AppData\Local\Temp\ccV7s4Bh.s 			page 3


  55              		.loc 1 60 0
  56 001c 0B4B     		ldr	r3, .L12
  57 001e 1B79     		ldrb	r3, [r3, #4]	@ zero_extendqisi2
  58 0020 03F07F03 		and	r3, r3, #127
  59 0024 03EB4303 		add	r3, r3, r3, lsl #1
  60 0028 9A00     		lsls	r2, r3, #2
  61 002a 094B     		ldr	r3, .L12+4
  62 002c 1A44     		add	r2, r2, r3
  63 002e 937A     		ldrb	r3, [r2, #10]	@ zero_extendqisi2
  64 0030 DBB2     		uxtb	r3, r3
  65              	.LVL2:
  61:Generated_Source\PSoC5/USBFS_cls.c ****             break;
  66              		.loc 1 61 0
  67 0032 00E0     		b	.L2
  68              	.LVL3:
  69              	.L9:
  62:Generated_Source\PSoC5/USBFS_cls.c ****             
  63:Generated_Source\PSoC5/USBFS_cls.c ****         default:
  64:Generated_Source\PSoC5/USBFS_cls.c ****             /* Default interface is zero. */
  65:Generated_Source\PSoC5/USBFS_cls.c ****             interfaceNumber = 0u;
  70              		.loc 1 65 0
  71 0034 0023     		movs	r3, #0
  72              	.L2:
  73              	.LVL4:
  66:Generated_Source\PSoC5/USBFS_cls.c ****             break;
  67:Generated_Source\PSoC5/USBFS_cls.c ****     }
  68:Generated_Source\PSoC5/USBFS_cls.c **** 
  69:Generated_Source\PSoC5/USBFS_cls.c **** #if (defined(USBFS_ENABLE_HID_CLASS) ||\
  70:Generated_Source\PSoC5/USBFS_cls.c ****             defined(USBFS_ENABLE_AUDIO_CLASS) ||\
  71:Generated_Source\PSoC5/USBFS_cls.c ****             defined(USBFS_ENABLE_CDC_CLASS) ||\
  72:Generated_Source\PSoC5/USBFS_cls.c ****             USBFS_ENABLE_MSC_CLASS)
  73:Generated_Source\PSoC5/USBFS_cls.c **** 
  74:Generated_Source\PSoC5/USBFS_cls.c ****     /* Handle class request depends on interface type. */
  75:Generated_Source\PSoC5/USBFS_cls.c ****     switch (USBFS_interfaceClass[interfaceNumber])
  74              		.loc 1 75 0
  75 0036 074A     		ldr	r2, .L12+8
  76 0038 1268     		ldr	r2, [r2]
  77 003a D35C     		ldrb	r3, [r2, r3]	@ zero_extendqisi2
  78              	.LVL5:
  79 003c 032B     		cmp	r3, #3
  80 003e 02D1     		bne	.L10
  76:Generated_Source\PSoC5/USBFS_cls.c ****     {
  77:Generated_Source\PSoC5/USBFS_cls.c ****     #if defined(USBFS_ENABLE_HID_CLASS)
  78:Generated_Source\PSoC5/USBFS_cls.c ****         case USBFS_CLASS_HID:
  79:Generated_Source\PSoC5/USBFS_cls.c ****             requestHandled = USBFS_DispatchHIDClassRqst();
  81              		.loc 1 79 0
  82 0040 FFF7FEFF 		bl	USBFS_DispatchHIDClassRqst
  83              	.LVL6:
  80:Generated_Source\PSoC5/USBFS_cls.c ****             break;
  84              		.loc 1 80 0
  85 0044 08BD     		pop	{r3, pc}
  86              	.LVL7:
  87              	.L10:
  81:Generated_Source\PSoC5/USBFS_cls.c ****     #endif /* (USBFS_ENABLE_HID_CLASS) */
  82:Generated_Source\PSoC5/USBFS_cls.c ****             
  83:Generated_Source\PSoC5/USBFS_cls.c ****     #if defined(USBFS_ENABLE_AUDIO_CLASS)
  84:Generated_Source\PSoC5/USBFS_cls.c ****         case USBFS_CLASS_AUDIO:
ARM GAS  C:\Users\BRIAN~1.SEA\AppData\Local\Temp\ccV7s4Bh.s 			page 4


  85:Generated_Source\PSoC5/USBFS_cls.c ****             requestHandled = USBFS_DispatchAUDIOClassRqst();
  86:Generated_Source\PSoC5/USBFS_cls.c ****             break;
  87:Generated_Source\PSoC5/USBFS_cls.c ****     #endif /* (USBFS_CLASS_AUDIO) */
  88:Generated_Source\PSoC5/USBFS_cls.c ****             
  89:Generated_Source\PSoC5/USBFS_cls.c ****     #if defined(USBFS_ENABLE_CDC_CLASS)
  90:Generated_Source\PSoC5/USBFS_cls.c ****         case USBFS_CLASS_CDC:
  91:Generated_Source\PSoC5/USBFS_cls.c ****             requestHandled = USBFS_DispatchCDCClassRqst();
  92:Generated_Source\PSoC5/USBFS_cls.c ****             break;
  93:Generated_Source\PSoC5/USBFS_cls.c ****     #endif /* (USBFS_ENABLE_CDC_CLASS) */
  94:Generated_Source\PSoC5/USBFS_cls.c ****         
  95:Generated_Source\PSoC5/USBFS_cls.c ****     #if (USBFS_ENABLE_MSC_CLASS)
  96:Generated_Source\PSoC5/USBFS_cls.c ****         case USBFS_CLASS_MSD:
  97:Generated_Source\PSoC5/USBFS_cls.c ****         #if (USBFS_HANDLE_MSC_REQUESTS)
  98:Generated_Source\PSoC5/USBFS_cls.c ****             /* MSC requests are handled by the component. */
  99:Generated_Source\PSoC5/USBFS_cls.c ****             requestHandled = USBFS_DispatchMSCClassRqst();
 100:Generated_Source\PSoC5/USBFS_cls.c ****         #elif defined(USBFS_DISPATCH_MSC_CLASS_RQST_CALLBACK)
 101:Generated_Source\PSoC5/USBFS_cls.c ****             /* MSC requests are handled by user defined callbcak. */
 102:Generated_Source\PSoC5/USBFS_cls.c ****             requestHandled = USBFS_DispatchMSCClassRqst_Callback();
 103:Generated_Source\PSoC5/USBFS_cls.c ****         #else
 104:Generated_Source\PSoC5/USBFS_cls.c ****             /* MSC requests are not handled. */
 105:Generated_Source\PSoC5/USBFS_cls.c ****             requestHandled = USBFS_FALSE;
 106:Generated_Source\PSoC5/USBFS_cls.c ****         #endif /* (USBFS_HANDLE_MSC_REQUESTS) */
 107:Generated_Source\PSoC5/USBFS_cls.c ****             break;
 108:Generated_Source\PSoC5/USBFS_cls.c ****     #endif /* (USBFS_ENABLE_MSC_CLASS) */
 109:Generated_Source\PSoC5/USBFS_cls.c ****         
 110:Generated_Source\PSoC5/USBFS_cls.c ****         default:
 111:Generated_Source\PSoC5/USBFS_cls.c ****             /* Request is not handled: unknown class request type. */
 112:Generated_Source\PSoC5/USBFS_cls.c ****             requestHandled = USBFS_FALSE;
  88              		.loc 1 112 0
  89 0046 0020     		movs	r0, #0
  90              	.LVL8:
 113:Generated_Source\PSoC5/USBFS_cls.c ****             break;
 114:Generated_Source\PSoC5/USBFS_cls.c ****     }
 115:Generated_Source\PSoC5/USBFS_cls.c **** #else /*No class is defined*/
 116:Generated_Source\PSoC5/USBFS_cls.c ****     if (0u != interfaceNumber)
 117:Generated_Source\PSoC5/USBFS_cls.c ****     {
 118:Generated_Source\PSoC5/USBFS_cls.c ****         /* Suppress warning message */
 119:Generated_Source\PSoC5/USBFS_cls.c ****     }
 120:Generated_Source\PSoC5/USBFS_cls.c ****     requestHandled = USBFS_FALSE;
 121:Generated_Source\PSoC5/USBFS_cls.c **** #endif /*HID or AUDIO or MSC or CDC class enabled*/
 122:Generated_Source\PSoC5/USBFS_cls.c **** 
 123:Generated_Source\PSoC5/USBFS_cls.c ****     /* `#START USER_DEFINED_CLASS_CODE` Place your Class request here */
 124:Generated_Source\PSoC5/USBFS_cls.c **** 
 125:Generated_Source\PSoC5/USBFS_cls.c ****     /* `#END` */
 126:Generated_Source\PSoC5/USBFS_cls.c **** 
 127:Generated_Source\PSoC5/USBFS_cls.c **** #ifdef USBFS_DISPATCH_CLASS_RQST_CALLBACK
 128:Generated_Source\PSoC5/USBFS_cls.c ****     if (USBFS_FALSE == requestHandled)
 129:Generated_Source\PSoC5/USBFS_cls.c ****     {
 130:Generated_Source\PSoC5/USBFS_cls.c ****         requestHandled = USBFS_DispatchClassRqst_Callback(interfaceNumber);
 131:Generated_Source\PSoC5/USBFS_cls.c ****     }
 132:Generated_Source\PSoC5/USBFS_cls.c **** #endif /* (USBFS_DISPATCH_CLASS_RQST_CALLBACK) */
 133:Generated_Source\PSoC5/USBFS_cls.c **** 
 134:Generated_Source\PSoC5/USBFS_cls.c ****     return (requestHandled);
 135:Generated_Source\PSoC5/USBFS_cls.c **** }
  91              		.loc 1 135 0
  92 0048 08BD     		pop	{r3, pc}
  93              	.L13:
ARM GAS  C:\Users\BRIAN~1.SEA\AppData\Local\Temp\ccV7s4Bh.s 			page 5


  94 004a 00BF     		.align	2
  95              	.L12:
  96 004c 00600040 		.word	1073766400
  97 0050 00000000 		.word	USBFS_EP
  98 0054 00000000 		.word	USBFS_interfaceClass
  99              		.cfi_endproc
 100              	.LFE0:
 101              		.size	USBFS_DispatchClassRqst, .-USBFS_DispatchClassRqst
 102              		.text
 103              	.Letext0:
 104              		.file 2 "Generated_Source\\PSoC5\\cytypes.h"
 105              		.file 3 "Generated_Source\\PSoC5\\USBFS.h"
 106              		.file 4 "Generated_Source\\PSoC5\\USBFS_pvt.h"
 107              		.section	.debug_info,"",%progbits
 108              	.Ldebug_info0:
 109 0000 D8010000 		.4byte	0x1d8
 110 0004 0400     		.2byte	0x4
 111 0006 00000000 		.4byte	.Ldebug_abbrev0
 112 000a 04       		.byte	0x4
 113 000b 01       		.uleb128 0x1
 114 000c A0000000 		.4byte	.LASF32
 115 0010 0C       		.byte	0xc
 116 0011 68000000 		.4byte	.LASF33
 117 0015 3B020000 		.4byte	.LASF34
 118 0019 00000000 		.4byte	.Ldebug_ranges0+0
 119 001d 00000000 		.4byte	0
 120 0021 00000000 		.4byte	.Ldebug_line0
 121 0025 02       		.uleb128 0x2
 122 0026 01       		.byte	0x1
 123 0027 06       		.byte	0x6
 124 0028 AA020000 		.4byte	.LASF0
 125 002c 02       		.uleb128 0x2
 126 002d 01       		.byte	0x1
 127 002e 08       		.byte	0x8
 128 002f 76010000 		.4byte	.LASF1
 129 0033 02       		.uleb128 0x2
 130 0034 02       		.byte	0x2
 131 0035 05       		.byte	0x5
 132 0036 21020000 		.4byte	.LASF2
 133 003a 02       		.uleb128 0x2
 134 003b 02       		.byte	0x2
 135 003c 07       		.byte	0x7
 136 003d 00000000 		.4byte	.LASF3
 137 0041 02       		.uleb128 0x2
 138 0042 04       		.byte	0x4
 139 0043 05       		.byte	0x5
 140 0044 95020000 		.4byte	.LASF4
 141 0048 02       		.uleb128 0x2
 142 0049 04       		.byte	0x4
 143 004a 07       		.byte	0x7
 144 004b 46010000 		.4byte	.LASF5
 145 004f 02       		.uleb128 0x2
 146 0050 08       		.byte	0x8
 147 0051 05       		.byte	0x5
 148 0052 03020000 		.4byte	.LASF6
 149 0056 02       		.uleb128 0x2
 150 0057 08       		.byte	0x8
ARM GAS  C:\Users\BRIAN~1.SEA\AppData\Local\Temp\ccV7s4Bh.s 			page 6


 151 0058 07       		.byte	0x7
 152 0059 D2010000 		.4byte	.LASF7
 153 005d 03       		.uleb128 0x3
 154 005e 04       		.byte	0x4
 155 005f 05       		.byte	0x5
 156 0060 696E7400 		.ascii	"int\000"
 157 0064 02       		.uleb128 0x2
 158 0065 04       		.byte	0x4
 159 0066 07       		.byte	0x7
 160 0067 C5010000 		.4byte	.LASF8
 161 006b 04       		.uleb128 0x4
 162 006c 2B020000 		.4byte	.LASF9
 163 0070 02       		.byte	0x2
 164 0071 B4       		.byte	0xb4
 165 0072 2C000000 		.4byte	0x2c
 166 0076 04       		.uleb128 0x4
 167 0077 B3010000 		.4byte	.LASF10
 168 007b 02       		.byte	0x2
 169 007c B5       		.byte	0xb5
 170 007d 3A000000 		.4byte	0x3a
 171 0081 02       		.uleb128 0x2
 172 0082 04       		.byte	0x4
 173 0083 04       		.byte	0x4
 174 0084 59000000 		.4byte	.LASF11
 175 0088 02       		.uleb128 0x2
 176 0089 08       		.byte	0x8
 177 008a 04       		.byte	0x4
 178 008b 9A010000 		.4byte	.LASF12
 179 008f 02       		.uleb128 0x2
 180 0090 01       		.byte	0x1
 181 0091 08       		.byte	0x8
 182 0092 11020000 		.4byte	.LASF13
 183 0096 02       		.uleb128 0x2
 184 0097 08       		.byte	0x8
 185 0098 04       		.byte	0x4
 186 0099 9E020000 		.4byte	.LASF14
 187 009d 02       		.uleb128 0x2
 188 009e 04       		.byte	0x4
 189 009f 07       		.byte	0x7
 190 00a0 F3010000 		.4byte	.LASF15
 191 00a4 05       		.uleb128 0x5
 192 00a5 0C       		.byte	0xc
 193 00a6 03       		.byte	0x3
 194 00a7 92       		.byte	0x92
 195 00a8 19010000 		.4byte	0x119
 196 00ac 06       		.uleb128 0x6
 197 00ad A1010000 		.4byte	.LASF16
 198 00b1 03       		.byte	0x3
 199 00b2 94       		.byte	0x94
 200 00b3 6B000000 		.4byte	0x6b
 201 00b7 00       		.byte	0
 202 00b8 06       		.uleb128 0x6
 203 00b9 BA010000 		.4byte	.LASF17
 204 00bd 03       		.byte	0x3
 205 00be 95       		.byte	0x95
 206 00bf 6B000000 		.4byte	0x6b
 207 00c3 01       		.byte	0x1
ARM GAS  C:\Users\BRIAN~1.SEA\AppData\Local\Temp\ccV7s4Bh.s 			page 7


 208 00c4 06       		.uleb128 0x6
 209 00c5 E9010000 		.4byte	.LASF18
 210 00c9 03       		.byte	0x3
 211 00ca 96       		.byte	0x96
 212 00cb 6B000000 		.4byte	0x6b
 213 00cf 02       		.byte	0x2
 214 00d0 06       		.uleb128 0x6
 215 00d1 5F000000 		.4byte	.LASF19
 216 00d5 03       		.byte	0x3
 217 00d6 97       		.byte	0x97
 218 00d7 6B000000 		.4byte	0x6b
 219 00db 03       		.byte	0x3
 220 00dc 06       		.uleb128 0x6
 221 00dd 58010000 		.4byte	.LASF20
 222 00e1 03       		.byte	0x3
 223 00e2 98       		.byte	0x98
 224 00e3 6B000000 		.4byte	0x6b
 225 00e7 04       		.byte	0x4
 226 00e8 06       		.uleb128 0x6
 227 00e9 FC010000 		.4byte	.LASF21
 228 00ed 03       		.byte	0x3
 229 00ee 99       		.byte	0x99
 230 00ef 6B000000 		.4byte	0x6b
 231 00f3 05       		.byte	0x5
 232 00f4 06       		.uleb128 0x6
 233 00f5 A8010000 		.4byte	.LASF22
 234 00f9 03       		.byte	0x3
 235 00fa 9A       		.byte	0x9a
 236 00fb 76000000 		.4byte	0x76
 237 00ff 06       		.byte	0x6
 238 0100 06       		.uleb128 0x6
 239 0101 16020000 		.4byte	.LASF23
 240 0105 03       		.byte	0x3
 241 0106 9B       		.byte	0x9b
 242 0107 76000000 		.4byte	0x76
 243 010b 08       		.byte	0x8
 244 010c 06       		.uleb128 0x6
 245 010d 31020000 		.4byte	.LASF24
 246 0111 03       		.byte	0x3
 247 0112 9C       		.byte	0x9c
 248 0113 6B000000 		.4byte	0x6b
 249 0117 0A       		.byte	0xa
 250 0118 00       		.byte	0
 251 0119 04       		.uleb128 0x4
 252 011a 13000000 		.4byte	.LASF25
 253 011e 03       		.byte	0x3
 254 011f 9D       		.byte	0x9d
 255 0120 A4000000 		.4byte	0xa4
 256 0124 05       		.uleb128 0x5
 257 0125 08       		.byte	0x8
 258 0126 03       		.byte	0x3
 259 0127 CA       		.byte	0xca
 260 0128 39010000 		.4byte	0x139
 261 012c 06       		.uleb128 0x6
 262 012d 28000000 		.4byte	.LASF26
 263 0131 03       		.byte	0x3
 264 0132 CC       		.byte	0xcc
ARM GAS  C:\Users\BRIAN~1.SEA\AppData\Local\Temp\ccV7s4Bh.s 			page 8


 265 0133 39010000 		.4byte	0x139
 266 0137 00       		.byte	0
 267 0138 00       		.byte	0
 268 0139 07       		.uleb128 0x7
 269 013a 6B000000 		.4byte	0x6b
 270 013e 49010000 		.4byte	0x149
 271 0142 08       		.uleb128 0x8
 272 0143 9D000000 		.4byte	0x9d
 273 0147 07       		.byte	0x7
 274 0148 00       		.byte	0
 275 0149 04       		.uleb128 0x4
 276 014a 84010000 		.4byte	.LASF27
 277 014e 03       		.byte	0x3
 278 014f CD       		.byte	0xcd
 279 0150 24010000 		.4byte	0x124
 280 0154 09       		.uleb128 0x9
 281 0155 2E010000 		.4byte	.LASF35
 282 0159 01       		.byte	0x1
 283 015a 29       		.byte	0x29
 284 015b 6B000000 		.4byte	0x6b
 285 015f 00000000 		.4byte	.LFB0
 286 0163 58000000 		.4byte	.LFE0-.LFB0
 287 0167 01       		.uleb128 0x1
 288 0168 9C       		.byte	0x9c
 289 0169 95010000 		.4byte	0x195
 290 016d 0A       		.uleb128 0xa
 291 016e 4A000000 		.4byte	.LASF28
 292 0172 01       		.byte	0x1
 293 0173 2B       		.byte	0x2b
 294 0174 6B000000 		.4byte	0x6b
 295 0178 00000000 		.4byte	.LLST0
 296 017c 0A       		.uleb128 0xa
 297 017d 5D010000 		.4byte	.LASF29
 298 0181 01       		.byte	0x1
 299 0182 2C       		.byte	0x2c
 300 0183 6B000000 		.4byte	0x6b
 301 0187 1E000000 		.4byte	.LLST1
 302 018b 0B       		.uleb128 0xb
 303 018c 44000000 		.4byte	.LVL6
 304 0190 D0010000 		.4byte	0x1d0
 305 0194 00       		.byte	0
 306 0195 0C       		.uleb128 0xc
 307 0196 8B000000 		.4byte	.LASF30
 308 019a 04       		.byte	0x4
 309 019b 81       		.byte	0x81
 310 019c A0010000 		.4byte	0x1a0
 311 01a0 0D       		.uleb128 0xd
 312 01a1 04       		.byte	0x4
 313 01a2 A6010000 		.4byte	0x1a6
 314 01a6 0E       		.uleb128 0xe
 315 01a7 6B000000 		.4byte	0x6b
 316 01ab 07       		.uleb128 0x7
 317 01ac BB010000 		.4byte	0x1bb
 318 01b0 BB010000 		.4byte	0x1bb
 319 01b4 08       		.uleb128 0x8
 320 01b5 9D000000 		.4byte	0x9d
 321 01b9 08       		.byte	0x8
ARM GAS  C:\Users\BRIAN~1.SEA\AppData\Local\Temp\ccV7s4Bh.s 			page 9


 322 01ba 00       		.byte	0
 323 01bb 0F       		.uleb128 0xf
 324 01bc 19010000 		.4byte	0x119
 325 01c0 0C       		.uleb128 0xc
 326 01c1 6D010000 		.4byte	.LASF31
 327 01c5 04       		.byte	0x4
 328 01c6 83       		.byte	0x83
 329 01c7 CB010000 		.4byte	0x1cb
 330 01cb 0F       		.uleb128 0xf
 331 01cc AB010000 		.4byte	0x1ab
 332 01d0 10       		.uleb128 0x10
 333 01d1 2F000000 		.4byte	.LASF36
 334 01d5 2F000000 		.4byte	.LASF36
 335 01d9 04       		.byte	0x4
 336 01da E0       		.byte	0xe0
 337 01db 00       		.byte	0
 338              		.section	.debug_abbrev,"",%progbits
 339              	.Ldebug_abbrev0:
 340 0000 01       		.uleb128 0x1
 341 0001 11       		.uleb128 0x11
 342 0002 01       		.byte	0x1
 343 0003 25       		.uleb128 0x25
 344 0004 0E       		.uleb128 0xe
 345 0005 13       		.uleb128 0x13
 346 0006 0B       		.uleb128 0xb
 347 0007 03       		.uleb128 0x3
 348 0008 0E       		.uleb128 0xe
 349 0009 1B       		.uleb128 0x1b
 350 000a 0E       		.uleb128 0xe
 351 000b 55       		.uleb128 0x55
 352 000c 17       		.uleb128 0x17
 353 000d 11       		.uleb128 0x11
 354 000e 01       		.uleb128 0x1
 355 000f 10       		.uleb128 0x10
 356 0010 17       		.uleb128 0x17
 357 0011 00       		.byte	0
 358 0012 00       		.byte	0
 359 0013 02       		.uleb128 0x2
 360 0014 24       		.uleb128 0x24
 361 0015 00       		.byte	0
 362 0016 0B       		.uleb128 0xb
 363 0017 0B       		.uleb128 0xb
 364 0018 3E       		.uleb128 0x3e
 365 0019 0B       		.uleb128 0xb
 366 001a 03       		.uleb128 0x3
 367 001b 0E       		.uleb128 0xe
 368 001c 00       		.byte	0
 369 001d 00       		.byte	0
 370 001e 03       		.uleb128 0x3
 371 001f 24       		.uleb128 0x24
 372 0020 00       		.byte	0
 373 0021 0B       		.uleb128 0xb
 374 0022 0B       		.uleb128 0xb
 375 0023 3E       		.uleb128 0x3e
 376 0024 0B       		.uleb128 0xb
 377 0025 03       		.uleb128 0x3
 378 0026 08       		.uleb128 0x8
ARM GAS  C:\Users\BRIAN~1.SEA\AppData\Local\Temp\ccV7s4Bh.s 			page 10


 379 0027 00       		.byte	0
 380 0028 00       		.byte	0
 381 0029 04       		.uleb128 0x4
 382 002a 16       		.uleb128 0x16
 383 002b 00       		.byte	0
 384 002c 03       		.uleb128 0x3
 385 002d 0E       		.uleb128 0xe
 386 002e 3A       		.uleb128 0x3a
 387 002f 0B       		.uleb128 0xb
 388 0030 3B       		.uleb128 0x3b
 389 0031 0B       		.uleb128 0xb
 390 0032 49       		.uleb128 0x49
 391 0033 13       		.uleb128 0x13
 392 0034 00       		.byte	0
 393 0035 00       		.byte	0
 394 0036 05       		.uleb128 0x5
 395 0037 13       		.uleb128 0x13
 396 0038 01       		.byte	0x1
 397 0039 0B       		.uleb128 0xb
 398 003a 0B       		.uleb128 0xb
 399 003b 3A       		.uleb128 0x3a
 400 003c 0B       		.uleb128 0xb
 401 003d 3B       		.uleb128 0x3b
 402 003e 0B       		.uleb128 0xb
 403 003f 01       		.uleb128 0x1
 404 0040 13       		.uleb128 0x13
 405 0041 00       		.byte	0
 406 0042 00       		.byte	0
 407 0043 06       		.uleb128 0x6
 408 0044 0D       		.uleb128 0xd
 409 0045 00       		.byte	0
 410 0046 03       		.uleb128 0x3
 411 0047 0E       		.uleb128 0xe
 412 0048 3A       		.uleb128 0x3a
 413 0049 0B       		.uleb128 0xb
 414 004a 3B       		.uleb128 0x3b
 415 004b 0B       		.uleb128 0xb
 416 004c 49       		.uleb128 0x49
 417 004d 13       		.uleb128 0x13
 418 004e 38       		.uleb128 0x38
 419 004f 0B       		.uleb128 0xb
 420 0050 00       		.byte	0
 421 0051 00       		.byte	0
 422 0052 07       		.uleb128 0x7
 423 0053 01       		.uleb128 0x1
 424 0054 01       		.byte	0x1
 425 0055 49       		.uleb128 0x49
 426 0056 13       		.uleb128 0x13
 427 0057 01       		.uleb128 0x1
 428 0058 13       		.uleb128 0x13
 429 0059 00       		.byte	0
 430 005a 00       		.byte	0
 431 005b 08       		.uleb128 0x8
 432 005c 21       		.uleb128 0x21
 433 005d 00       		.byte	0
 434 005e 49       		.uleb128 0x49
 435 005f 13       		.uleb128 0x13
ARM GAS  C:\Users\BRIAN~1.SEA\AppData\Local\Temp\ccV7s4Bh.s 			page 11


 436 0060 2F       		.uleb128 0x2f
 437 0061 0B       		.uleb128 0xb
 438 0062 00       		.byte	0
 439 0063 00       		.byte	0
 440 0064 09       		.uleb128 0x9
 441 0065 2E       		.uleb128 0x2e
 442 0066 01       		.byte	0x1
 443 0067 3F       		.uleb128 0x3f
 444 0068 19       		.uleb128 0x19
 445 0069 03       		.uleb128 0x3
 446 006a 0E       		.uleb128 0xe
 447 006b 3A       		.uleb128 0x3a
 448 006c 0B       		.uleb128 0xb
 449 006d 3B       		.uleb128 0x3b
 450 006e 0B       		.uleb128 0xb
 451 006f 27       		.uleb128 0x27
 452 0070 19       		.uleb128 0x19
 453 0071 49       		.uleb128 0x49
 454 0072 13       		.uleb128 0x13
 455 0073 11       		.uleb128 0x11
 456 0074 01       		.uleb128 0x1
 457 0075 12       		.uleb128 0x12
 458 0076 06       		.uleb128 0x6
 459 0077 40       		.uleb128 0x40
 460 0078 18       		.uleb128 0x18
 461 0079 9742     		.uleb128 0x2117
 462 007b 19       		.uleb128 0x19
 463 007c 01       		.uleb128 0x1
 464 007d 13       		.uleb128 0x13
 465 007e 00       		.byte	0
 466 007f 00       		.byte	0
 467 0080 0A       		.uleb128 0xa
 468 0081 34       		.uleb128 0x34
 469 0082 00       		.byte	0
 470 0083 03       		.uleb128 0x3
 471 0084 0E       		.uleb128 0xe
 472 0085 3A       		.uleb128 0x3a
 473 0086 0B       		.uleb128 0xb
 474 0087 3B       		.uleb128 0x3b
 475 0088 0B       		.uleb128 0xb
 476 0089 49       		.uleb128 0x49
 477 008a 13       		.uleb128 0x13
 478 008b 02       		.uleb128 0x2
 479 008c 17       		.uleb128 0x17
 480 008d 00       		.byte	0
 481 008e 00       		.byte	0
 482 008f 0B       		.uleb128 0xb
 483 0090 898201   		.uleb128 0x4109
 484 0093 00       		.byte	0
 485 0094 11       		.uleb128 0x11
 486 0095 01       		.uleb128 0x1
 487 0096 31       		.uleb128 0x31
 488 0097 13       		.uleb128 0x13
 489 0098 00       		.byte	0
 490 0099 00       		.byte	0
 491 009a 0C       		.uleb128 0xc
 492 009b 34       		.uleb128 0x34
ARM GAS  C:\Users\BRIAN~1.SEA\AppData\Local\Temp\ccV7s4Bh.s 			page 12


 493 009c 00       		.byte	0
 494 009d 03       		.uleb128 0x3
 495 009e 0E       		.uleb128 0xe
 496 009f 3A       		.uleb128 0x3a
 497 00a0 0B       		.uleb128 0xb
 498 00a1 3B       		.uleb128 0x3b
 499 00a2 0B       		.uleb128 0xb
 500 00a3 49       		.uleb128 0x49
 501 00a4 13       		.uleb128 0x13
 502 00a5 3F       		.uleb128 0x3f
 503 00a6 19       		.uleb128 0x19
 504 00a7 3C       		.uleb128 0x3c
 505 00a8 19       		.uleb128 0x19
 506 00a9 00       		.byte	0
 507 00aa 00       		.byte	0
 508 00ab 0D       		.uleb128 0xd
 509 00ac 0F       		.uleb128 0xf
 510 00ad 00       		.byte	0
 511 00ae 0B       		.uleb128 0xb
 512 00af 0B       		.uleb128 0xb
 513 00b0 49       		.uleb128 0x49
 514 00b1 13       		.uleb128 0x13
 515 00b2 00       		.byte	0
 516 00b3 00       		.byte	0
 517 00b4 0E       		.uleb128 0xe
 518 00b5 26       		.uleb128 0x26
 519 00b6 00       		.byte	0
 520 00b7 49       		.uleb128 0x49
 521 00b8 13       		.uleb128 0x13
 522 00b9 00       		.byte	0
 523 00ba 00       		.byte	0
 524 00bb 0F       		.uleb128 0xf
 525 00bc 35       		.uleb128 0x35
 526 00bd 00       		.byte	0
 527 00be 49       		.uleb128 0x49
 528 00bf 13       		.uleb128 0x13
 529 00c0 00       		.byte	0
 530 00c1 00       		.byte	0
 531 00c2 10       		.uleb128 0x10
 532 00c3 2E       		.uleb128 0x2e
 533 00c4 00       		.byte	0
 534 00c5 3F       		.uleb128 0x3f
 535 00c6 19       		.uleb128 0x19
 536 00c7 3C       		.uleb128 0x3c
 537 00c8 19       		.uleb128 0x19
 538 00c9 6E       		.uleb128 0x6e
 539 00ca 0E       		.uleb128 0xe
 540 00cb 03       		.uleb128 0x3
 541 00cc 0E       		.uleb128 0xe
 542 00cd 3A       		.uleb128 0x3a
 543 00ce 0B       		.uleb128 0xb
 544 00cf 3B       		.uleb128 0x3b
 545 00d0 0B       		.uleb128 0xb
 546 00d1 00       		.byte	0
 547 00d2 00       		.byte	0
 548 00d3 00       		.byte	0
 549              		.section	.debug_loc,"",%progbits
ARM GAS  C:\Users\BRIAN~1.SEA\AppData\Local\Temp\ccV7s4Bh.s 			page 13


 550              	.Ldebug_loc0:
 551              	.LLST0:
 552 0000 44000000 		.4byte	.LVL6
 553 0004 46000000 		.4byte	.LVL7
 554 0008 0100     		.2byte	0x1
 555 000a 50       		.byte	0x50
 556 000b 48000000 		.4byte	.LVL8
 557 000f 58000000 		.4byte	.LFE0
 558 0013 0100     		.2byte	0x1
 559 0015 50       		.byte	0x50
 560 0016 00000000 		.4byte	0
 561 001a 00000000 		.4byte	0
 562              	.LLST1:
 563 001e 1A000000 		.4byte	.LVL0
 564 0022 1C000000 		.4byte	.LVL1
 565 0026 0100     		.2byte	0x1
 566 0028 53       		.byte	0x53
 567 0029 32000000 		.4byte	.LVL2
 568 002d 34000000 		.4byte	.LVL3
 569 0031 0100     		.2byte	0x1
 570 0033 53       		.byte	0x53
 571 0034 36000000 		.4byte	.LVL4
 572 0038 3C000000 		.4byte	.LVL5
 573 003c 0100     		.2byte	0x1
 574 003e 53       		.byte	0x53
 575 003f 00000000 		.4byte	0
 576 0043 00000000 		.4byte	0
 577              		.section	.debug_aranges,"",%progbits
 578 0000 1C000000 		.4byte	0x1c
 579 0004 0200     		.2byte	0x2
 580 0006 00000000 		.4byte	.Ldebug_info0
 581 000a 04       		.byte	0x4
 582 000b 00       		.byte	0
 583 000c 0000     		.2byte	0
 584 000e 0000     		.2byte	0
 585 0010 00000000 		.4byte	.LFB0
 586 0014 58000000 		.4byte	.LFE0-.LFB0
 587 0018 00000000 		.4byte	0
 588 001c 00000000 		.4byte	0
 589              		.section	.debug_ranges,"",%progbits
 590              	.Ldebug_ranges0:
 591 0000 00000000 		.4byte	.LFB0
 592 0004 58000000 		.4byte	.LFE0
 593 0008 00000000 		.4byte	0
 594 000c 00000000 		.4byte	0
 595              		.section	.debug_line,"",%progbits
 596              	.Ldebug_line0:
 597 0000 86000000 		.section	.debug_str,"MS",%progbits,1
 597      02006000 
 597      00000201 
 597      FB0E0D00 
 597      01010101 
 598              	.LASF3:
 599 0000 73686F72 		.ascii	"short unsigned int\000"
 599      7420756E 
 599      7369676E 
 599      65642069 
ARM GAS  C:\Users\BRIAN~1.SEA\AppData\Local\Temp\ccV7s4Bh.s 			page 14


 599      6E7400
 600              	.LASF25:
 601 0013 545F5553 		.ascii	"T_USBFS_EP_CTL_BLOCK\000"
 601      4246535F 
 601      45505F43 
 601      544C5F42 
 601      4C4F434B 
 602              	.LASF26:
 603 0028 65704461 		.ascii	"epData\000"
 603      746100
 604              	.LASF36:
 605 002f 55534246 		.ascii	"USBFS_DispatchHIDClassRqst\000"
 605      535F4469 
 605      73706174 
 605      63684849 
 605      44436C61 
 606              	.LASF28:
 607 004a 72657175 		.ascii	"requestHandled\000"
 607      65737448 
 607      616E646C 
 607      656400
 608              	.LASF11:
 609 0059 666C6F61 		.ascii	"float\000"
 609      7400
 610              	.LASF19:
 611 005f 6570546F 		.ascii	"epToggle\000"
 611      67676C65 
 611      00
 612              	.LASF33:
 613 0068 47656E65 		.ascii	"Generated_Source\\PSoC5\\USBFS_cls.c\000"
 613      72617465 
 613      645F536F 
 613      75726365 
 613      5C50536F 
 614              	.LASF30:
 615 008b 55534246 		.ascii	"USBFS_interfaceClass\000"
 615      535F696E 
 615      74657266 
 615      61636543 
 615      6C617373 
 616              	.LASF32:
 617 00a0 474E5520 		.ascii	"GNU C11 5.4.1 20160609 (release) [ARM/embedded-5-br"
 617      43313120 
 617      352E342E 
 617      31203230 
 617      31363036 
 618 00d3 616E6368 		.ascii	"anch revision 237715] -mcpu=cortex-m3 -mthumb -g -O"
 618      20726576 
 618      6973696F 
 618      6E203233 
 618      37373135 
 619 0106 67202D66 		.ascii	"g -ffunction-sections -ffat-lto-objects\000"
 619      66756E63 
 619      74696F6E 
 619      2D736563 
 619      74696F6E 
 620              	.LASF35:
ARM GAS  C:\Users\BRIAN~1.SEA\AppData\Local\Temp\ccV7s4Bh.s 			page 15


 621 012e 55534246 		.ascii	"USBFS_DispatchClassRqst\000"
 621      535F4469 
 621      73706174 
 621      6368436C 
 621      61737352 
 622              	.LASF5:
 623 0146 6C6F6E67 		.ascii	"long unsigned int\000"
 623      20756E73 
 623      69676E65 
 623      6420696E 
 623      7400
 624              	.LASF20:
 625 0158 61646472 		.ascii	"addr\000"
 625      00
 626              	.LASF29:
 627 015d 696E7465 		.ascii	"interfaceNumber\000"
 627      72666163 
 627      654E756D 
 627      62657200 
 628              	.LASF31:
 629 016d 55534246 		.ascii	"USBFS_EP\000"
 629      535F4550 
 629      00
 630              	.LASF1:
 631 0176 756E7369 		.ascii	"unsigned char\000"
 631      676E6564 
 631      20636861 
 631      7200
 632              	.LASF27:
 633 0184 55534246 		.ascii	"USBFS_ep0_data_struct\000"
 633      535F6570 
 633      305F6461 
 633      74615F73 
 633      74727563 
 634              	.LASF12:
 635 019a 646F7562 		.ascii	"double\000"
 635      6C6500
 636              	.LASF16:
 637 01a1 61747472 		.ascii	"attrib\000"
 637      696200
 638              	.LASF22:
 639 01a8 62756666 		.ascii	"buffOffset\000"
 639      4F666673 
 639      657400
 640              	.LASF10:
 641 01b3 75696E74 		.ascii	"uint16\000"
 641      313600
 642              	.LASF17:
 643 01ba 61706945 		.ascii	"apiEpState\000"
 643      70537461 
 643      746500
 644              	.LASF8:
 645 01c5 756E7369 		.ascii	"unsigned int\000"
 645      676E6564 
 645      20696E74 
 645      00
 646              	.LASF7:
ARM GAS  C:\Users\BRIAN~1.SEA\AppData\Local\Temp\ccV7s4Bh.s 			page 16


 647 01d2 6C6F6E67 		.ascii	"long long unsigned int\000"
 647      206C6F6E 
 647      6720756E 
 647      7369676E 
 647      65642069 
 648              	.LASF18:
 649 01e9 68774570 		.ascii	"hwEpState\000"
 649      53746174 
 649      6500
 650              	.LASF15:
 651 01f3 73697A65 		.ascii	"sizetype\000"
 651      74797065 
 651      00
 652              	.LASF21:
 653 01fc 65704D6F 		.ascii	"epMode\000"
 653      646500
 654              	.LASF6:
 655 0203 6C6F6E67 		.ascii	"long long int\000"
 655      206C6F6E 
 655      6720696E 
 655      7400
 656              	.LASF13:
 657 0211 63686172 		.ascii	"char\000"
 657      00
 658              	.LASF23:
 659 0216 62756666 		.ascii	"bufferSize\000"
 659      65725369 
 659      7A6500
 660              	.LASF2:
 661 0221 73686F72 		.ascii	"short int\000"
 661      7420696E 
 661      7400
 662              	.LASF9:
 663 022b 75696E74 		.ascii	"uint8\000"
 663      3800
 664              	.LASF24:
 665 0231 696E7465 		.ascii	"interface\000"
 665      72666163 
 665      6500
 666              	.LASF34:
 667 023b 433A5C5F 		.ascii	"C:\\_User\\GitHub Projects\\PulseGen\\PulseGen.cywr"
 667      55736572 
 667      5C476974 
 667      48756220 
 667      50726F6A 
 668 026a 6B5F2E41 		.ascii	"k_.Archive01\\Design93\\PulseGenerator.cydsn\000"
 668      72636869 
 668      76653031 
 668      5C446573 
 668      69676E39 
 669              	.LASF4:
 670 0295 6C6F6E67 		.ascii	"long int\000"
 670      20696E74 
 670      00
 671              	.LASF14:
 672 029e 6C6F6E67 		.ascii	"long double\000"
 672      20646F75 
ARM GAS  C:\Users\BRIAN~1.SEA\AppData\Local\Temp\ccV7s4Bh.s 			page 17


 672      626C6500 
 673              	.LASF0:
 674 02aa 7369676E 		.ascii	"signed char\000"
 674      65642063 
 674      68617200 
 675              		.ident	"GCC: (GNU Tools for ARM Embedded Processors) 5.4.1 20160609 (release) [ARM/embedded-5-bran
