ARM GAS  C:\Users\BRIAN~1.SEA\AppData\Local\Temp\cczEvJk9.s 			page 1


   1              		.syntax unified
   2              		.cpu cortex-m3
   3              		.fpu softvfp
   4              		.eabi_attribute 20, 1
   5              		.eabi_attribute 21, 1
   6              		.eabi_attribute 23, 3
   7              		.eabi_attribute 24, 1
   8              		.eabi_attribute 25, 1
   9              		.eabi_attribute 26, 1
  10              		.eabi_attribute 30, 1
  11              		.eabi_attribute 34, 1
  12              		.eabi_attribute 18, 4
  13              		.thumb
  14              		.syntax unified
  15              		.file	"USBFS_vnd.c"
  16              		.text
  17              	.Ltext0:
  18              		.cfi_sections	.debug_frame
  19              		.section	.text.USBFS_HandleVendorRqst,"ax",%progbits
  20              		.align	2
  21              		.global	USBFS_HandleVendorRqst
  22              		.thumb
  23              		.thumb_func
  24              		.type	USBFS_HandleVendorRqst, %function
  25              	USBFS_HandleVendorRqst:
  26              	.LFB0:
  27              		.file 1 "Generated_Source\\PSoC5\\USBFS_vnd.c"
   1:Generated_Source\PSoC5/USBFS_vnd.c **** /***************************************************************************//**
   2:Generated_Source\PSoC5/USBFS_vnd.c **** * \file USBFS_vnd.c
   3:Generated_Source\PSoC5/USBFS_vnd.c **** * \version 3.10
   4:Generated_Source\PSoC5/USBFS_vnd.c **** *
   5:Generated_Source\PSoC5/USBFS_vnd.c **** * \brief
   6:Generated_Source\PSoC5/USBFS_vnd.c **** *  This file contains the  USB vendor request handler.
   7:Generated_Source\PSoC5/USBFS_vnd.c **** *
   8:Generated_Source\PSoC5/USBFS_vnd.c **** ********************************************************************************
   9:Generated_Source\PSoC5/USBFS_vnd.c **** * \copyright
  10:Generated_Source\PSoC5/USBFS_vnd.c **** * Copyright 2008-2016, Cypress Semiconductor Corporation.  All rights reserved.
  11:Generated_Source\PSoC5/USBFS_vnd.c **** * You may use this file only in accordance with the license, terms, conditions,
  12:Generated_Source\PSoC5/USBFS_vnd.c **** * disclaimers, and limitations in the end user license agreement accompanying
  13:Generated_Source\PSoC5/USBFS_vnd.c **** * the software package with which this file was provided.
  14:Generated_Source\PSoC5/USBFS_vnd.c **** *******************************************************************************/
  15:Generated_Source\PSoC5/USBFS_vnd.c **** 
  16:Generated_Source\PSoC5/USBFS_vnd.c **** #include "USBFS_pvt.h"
  17:Generated_Source\PSoC5/USBFS_vnd.c **** #include "cyapicallbacks.h"
  18:Generated_Source\PSoC5/USBFS_vnd.c **** 
  19:Generated_Source\PSoC5/USBFS_vnd.c **** #if(USBFS_EXTERN_VND == USBFS_FALSE)
  20:Generated_Source\PSoC5/USBFS_vnd.c **** 
  21:Generated_Source\PSoC5/USBFS_vnd.c **** /***************************************
  22:Generated_Source\PSoC5/USBFS_vnd.c **** * Vendor Specific Declarations
  23:Generated_Source\PSoC5/USBFS_vnd.c **** ***************************************/
  24:Generated_Source\PSoC5/USBFS_vnd.c **** 
  25:Generated_Source\PSoC5/USBFS_vnd.c **** /* `#START VENDOR_SPECIFIC_DECLARATIONS` Place your declaration here */
  26:Generated_Source\PSoC5/USBFS_vnd.c **** 
  27:Generated_Source\PSoC5/USBFS_vnd.c **** /* `#END` */
  28:Generated_Source\PSoC5/USBFS_vnd.c **** 
  29:Generated_Source\PSoC5/USBFS_vnd.c **** 
  30:Generated_Source\PSoC5/USBFS_vnd.c **** /*******************************************************************************
ARM GAS  C:\Users\BRIAN~1.SEA\AppData\Local\Temp\cczEvJk9.s 			page 2


  31:Generated_Source\PSoC5/USBFS_vnd.c **** * Function Name: USBFS_HandleVendorRqst
  32:Generated_Source\PSoC5/USBFS_vnd.c **** ****************************************************************************//**
  33:Generated_Source\PSoC5/USBFS_vnd.c **** *
  34:Generated_Source\PSoC5/USBFS_vnd.c **** *  This routine provide users with a method to implement vendor specific
  35:Generated_Source\PSoC5/USBFS_vnd.c **** *  requests.
  36:Generated_Source\PSoC5/USBFS_vnd.c **** *
  37:Generated_Source\PSoC5/USBFS_vnd.c **** *  To implement vendor specific requests, add your code in this function to
  38:Generated_Source\PSoC5/USBFS_vnd.c **** *  decode and disposition the request.  If the request is handled, your code
  39:Generated_Source\PSoC5/USBFS_vnd.c **** *  must set the variable "requestHandled" to TRUE, indicating that the
  40:Generated_Source\PSoC5/USBFS_vnd.c **** *  request has been handled.
  41:Generated_Source\PSoC5/USBFS_vnd.c **** *
  42:Generated_Source\PSoC5/USBFS_vnd.c **** * \return
  43:Generated_Source\PSoC5/USBFS_vnd.c **** *  requestHandled.
  44:Generated_Source\PSoC5/USBFS_vnd.c **** *
  45:Generated_Source\PSoC5/USBFS_vnd.c **** * \reentrant
  46:Generated_Source\PSoC5/USBFS_vnd.c **** *  No.
  47:Generated_Source\PSoC5/USBFS_vnd.c **** *
  48:Generated_Source\PSoC5/USBFS_vnd.c **** *******************************************************************************/
  49:Generated_Source\PSoC5/USBFS_vnd.c **** uint8 USBFS_HandleVendorRqst(void) 
  50:Generated_Source\PSoC5/USBFS_vnd.c **** {
  28              		.loc 1 50 0
  29              		.cfi_startproc
  30              		@ args = 0, pretend = 0, frame = 0
  31              		@ frame_needed = 0, uses_anonymous_args = 0
  32              		@ link register save eliminated.
  33              	.LVL0:
  51:Generated_Source\PSoC5/USBFS_vnd.c ****     uint8 requestHandled = USBFS_FALSE;
  52:Generated_Source\PSoC5/USBFS_vnd.c **** 
  53:Generated_Source\PSoC5/USBFS_vnd.c ****     /* Check request direction: D2H or H2D. */
  54:Generated_Source\PSoC5/USBFS_vnd.c ****     if (0u != (USBFS_bmRequestTypeReg & USBFS_RQST_DIR_D2H))
  34              		.loc 1 54 0
  35 0000 044B     		ldr	r3, .L3
  36 0002 1B78     		ldrb	r3, [r3]	@ zero_extendqisi2
  37 0004 13F0800F 		tst	r3, #128
  38 0008 01D0     		beq	.L2
  55:Generated_Source\PSoC5/USBFS_vnd.c ****     {
  56:Generated_Source\PSoC5/USBFS_vnd.c ****         /* Handle direction from device to host. */
  57:Generated_Source\PSoC5/USBFS_vnd.c ****         
  58:Generated_Source\PSoC5/USBFS_vnd.c ****         switch (USBFS_bRequestReg)
  39              		.loc 1 58 0
  40 000a 024B     		ldr	r3, .L3
  41 000c 5B78     		ldrb	r3, [r3, #1]	@ zero_extendqisi2
  42              	.L2:
  59:Generated_Source\PSoC5/USBFS_vnd.c ****         {
  60:Generated_Source\PSoC5/USBFS_vnd.c ****             case USBFS_GET_EXTENDED_CONFIG_DESCRIPTOR:
  61:Generated_Source\PSoC5/USBFS_vnd.c ****             #if defined(USBFS_ENABLE_MSOS_STRING)
  62:Generated_Source\PSoC5/USBFS_vnd.c ****                 USBFS_currentTD.pData = (volatile uint8 *) &USBFS_MSOS_CONFIGURATION_DESCR[0u];
  63:Generated_Source\PSoC5/USBFS_vnd.c ****                 USBFS_currentTD.count = USBFS_MSOS_CONFIGURATION_DESCR[0u];
  64:Generated_Source\PSoC5/USBFS_vnd.c ****                 requestHandled  = USBFS_InitControlRead();
  65:Generated_Source\PSoC5/USBFS_vnd.c ****             #endif /* (USBFS_ENABLE_MSOS_STRING) */
  66:Generated_Source\PSoC5/USBFS_vnd.c ****                 break;
  67:Generated_Source\PSoC5/USBFS_vnd.c ****             
  68:Generated_Source\PSoC5/USBFS_vnd.c ****             default:
  69:Generated_Source\PSoC5/USBFS_vnd.c ****                 break;
  70:Generated_Source\PSoC5/USBFS_vnd.c ****         }
  71:Generated_Source\PSoC5/USBFS_vnd.c ****     }
  72:Generated_Source\PSoC5/USBFS_vnd.c **** 
ARM GAS  C:\Users\BRIAN~1.SEA\AppData\Local\Temp\cczEvJk9.s 			page 3


  73:Generated_Source\PSoC5/USBFS_vnd.c ****     /* `#START VENDOR_SPECIFIC_CODE` Place your vendor specific request here */
  74:Generated_Source\PSoC5/USBFS_vnd.c **** 
  75:Generated_Source\PSoC5/USBFS_vnd.c ****     /* `#END` */
  76:Generated_Source\PSoC5/USBFS_vnd.c **** 
  77:Generated_Source\PSoC5/USBFS_vnd.c **** #ifdef USBFS_HANDLE_VENDOR_RQST_CALLBACK
  78:Generated_Source\PSoC5/USBFS_vnd.c ****     if (USBFS_FALSE == requestHandled)
  79:Generated_Source\PSoC5/USBFS_vnd.c ****     {
  80:Generated_Source\PSoC5/USBFS_vnd.c ****         requestHandled = USBFS_HandleVendorRqst_Callback();
  81:Generated_Source\PSoC5/USBFS_vnd.c ****     }
  82:Generated_Source\PSoC5/USBFS_vnd.c **** #endif /* (USBFS_HANDLE_VENDOR_RQST_CALLBACK) */
  83:Generated_Source\PSoC5/USBFS_vnd.c **** 
  84:Generated_Source\PSoC5/USBFS_vnd.c ****     return (requestHandled);
  85:Generated_Source\PSoC5/USBFS_vnd.c **** }
  43              		.loc 1 85 0
  44 000e 0020     		movs	r0, #0
  45 0010 7047     		bx	lr
  46              	.L4:
  47 0012 00BF     		.align	2
  48              	.L3:
  49 0014 00600040 		.word	1073766400
  50              		.cfi_endproc
  51              	.LFE0:
  52              		.size	USBFS_HandleVendorRqst, .-USBFS_HandleVendorRqst
  53              		.text
  54              	.Letext0:
  55              		.file 2 "Generated_Source\\PSoC5\\cytypes.h"
  56              		.file 3 "Generated_Source\\PSoC5\\USBFS.h"
  57              		.section	.debug_info,"",%progbits
  58              	.Ldebug_info0:
  59 0000 E8000000 		.4byte	0xe8
  60 0004 0400     		.2byte	0x4
  61 0006 00000000 		.4byte	.Ldebug_abbrev0
  62 000a 04       		.byte	0x4
  63 000b 01       		.uleb128 0x1
  64 000c 39000000 		.4byte	.LASF16
  65 0010 0C       		.byte	0xc
  66 0011 D3010000 		.4byte	.LASF17
  67 0015 3D010000 		.4byte	.LASF18
  68 0019 00000000 		.4byte	.Ldebug_ranges0+0
  69 001d 00000000 		.4byte	0
  70 0021 00000000 		.4byte	.Ldebug_line0
  71 0025 02       		.uleb128 0x2
  72 0026 01       		.byte	0x1
  73 0027 06       		.byte	0x6
  74 0028 B1010000 		.4byte	.LASF0
  75 002c 02       		.uleb128 0x2
  76 002d 01       		.byte	0x1
  77 002e 08       		.byte	0x8
  78 002f 0B010000 		.4byte	.LASF1
  79 0033 02       		.uleb128 0x2
  80 0034 02       		.byte	0x2
  81 0035 05       		.byte	0x5
  82 0036 C9010000 		.4byte	.LASF2
  83 003a 02       		.uleb128 0x2
  84 003b 02       		.byte	0x2
  85 003c 07       		.byte	0x7
  86 003d 9E010000 		.4byte	.LASF3
ARM GAS  C:\Users\BRIAN~1.SEA\AppData\Local\Temp\cczEvJk9.s 			page 4


  87 0041 02       		.uleb128 0x2
  88 0042 04       		.byte	0x4
  89 0043 05       		.byte	0x5
  90 0044 34010000 		.4byte	.LASF4
  91 0048 02       		.uleb128 0x2
  92 0049 04       		.byte	0x4
  93 004a 07       		.byte	0x7
  94 004b CD000000 		.4byte	.LASF5
  95 004f 02       		.uleb128 0x2
  96 0050 08       		.byte	0x8
  97 0051 05       		.byte	0x5
  98 0052 00000000 		.4byte	.LASF6
  99 0056 02       		.uleb128 0x2
 100 0057 08       		.byte	0x8
 101 0058 07       		.byte	0x7
 102 0059 EE000000 		.4byte	.LASF7
 103 005d 03       		.uleb128 0x3
 104 005e 04       		.byte	0x4
 105 005f 05       		.byte	0x5
 106 0060 696E7400 		.ascii	"int\000"
 107 0064 02       		.uleb128 0x2
 108 0065 04       		.byte	0x4
 109 0066 07       		.byte	0x7
 110 0067 15000000 		.4byte	.LASF8
 111 006b 04       		.uleb128 0x4
 112 006c C7000000 		.4byte	.LASF14
 113 0070 02       		.byte	0x2
 114 0071 B4       		.byte	0xb4
 115 0072 2C000000 		.4byte	0x2c
 116 0076 02       		.uleb128 0x2
 117 0077 04       		.byte	0x4
 118 0078 04       		.byte	0x4
 119 0079 05010000 		.4byte	.LASF9
 120 007d 02       		.uleb128 0x2
 121 007e 08       		.byte	0x8
 122 007f 04       		.byte	0x4
 123 0080 97010000 		.4byte	.LASF10
 124 0084 02       		.uleb128 0x2
 125 0085 01       		.byte	0x1
 126 0086 08       		.byte	0x8
 127 0087 19010000 		.4byte	.LASF11
 128 008b 02       		.uleb128 0x2
 129 008c 08       		.byte	0x8
 130 008d 04       		.byte	0x4
 131 008e BD010000 		.4byte	.LASF12
 132 0092 02       		.uleb128 0x2
 133 0093 04       		.byte	0x4
 134 0094 07       		.byte	0x7
 135 0095 F6010000 		.4byte	.LASF13
 136 0099 05       		.uleb128 0x5
 137 009a 08       		.byte	0x8
 138 009b 03       		.byte	0x3
 139 009c CA       		.byte	0xca
 140 009d AE000000 		.4byte	0xae
 141 00a1 06       		.uleb128 0x6
 142 00a2 0E000000 		.4byte	.LASF19
 143 00a6 03       		.byte	0x3
ARM GAS  C:\Users\BRIAN~1.SEA\AppData\Local\Temp\cczEvJk9.s 			page 5


 144 00a7 CC       		.byte	0xcc
 145 00a8 AE000000 		.4byte	0xae
 146 00ac 00       		.byte	0
 147 00ad 00       		.byte	0
 148 00ae 07       		.uleb128 0x7
 149 00af 6B000000 		.4byte	0x6b
 150 00b3 BE000000 		.4byte	0xbe
 151 00b7 08       		.uleb128 0x8
 152 00b8 92000000 		.4byte	0x92
 153 00bc 07       		.byte	0x7
 154 00bd 00       		.byte	0
 155 00be 04       		.uleb128 0x4
 156 00bf 1E010000 		.4byte	.LASF15
 157 00c3 03       		.byte	0x3
 158 00c4 CD       		.byte	0xcd
 159 00c5 99000000 		.4byte	0x99
 160 00c9 09       		.uleb128 0x9
 161 00ca 22000000 		.4byte	.LASF20
 162 00ce 01       		.byte	0x1
 163 00cf 31       		.byte	0x31
 164 00d0 6B000000 		.4byte	0x6b
 165 00d4 00000000 		.4byte	.LFB0
 166 00d8 18000000 		.4byte	.LFE0-.LFB0
 167 00dc 01       		.uleb128 0x1
 168 00dd 9C       		.byte	0x9c
 169 00de 0A       		.uleb128 0xa
 170 00df DF000000 		.4byte	.LASF21
 171 00e3 01       		.byte	0x1
 172 00e4 33       		.byte	0x33
 173 00e5 6B000000 		.4byte	0x6b
 174 00e9 00       		.byte	0
 175 00ea 00       		.byte	0
 176 00eb 00       		.byte	0
 177              		.section	.debug_abbrev,"",%progbits
 178              	.Ldebug_abbrev0:
 179 0000 01       		.uleb128 0x1
 180 0001 11       		.uleb128 0x11
 181 0002 01       		.byte	0x1
 182 0003 25       		.uleb128 0x25
 183 0004 0E       		.uleb128 0xe
 184 0005 13       		.uleb128 0x13
 185 0006 0B       		.uleb128 0xb
 186 0007 03       		.uleb128 0x3
 187 0008 0E       		.uleb128 0xe
 188 0009 1B       		.uleb128 0x1b
 189 000a 0E       		.uleb128 0xe
 190 000b 55       		.uleb128 0x55
 191 000c 17       		.uleb128 0x17
 192 000d 11       		.uleb128 0x11
 193 000e 01       		.uleb128 0x1
 194 000f 10       		.uleb128 0x10
 195 0010 17       		.uleb128 0x17
 196 0011 00       		.byte	0
 197 0012 00       		.byte	0
 198 0013 02       		.uleb128 0x2
 199 0014 24       		.uleb128 0x24
 200 0015 00       		.byte	0
ARM GAS  C:\Users\BRIAN~1.SEA\AppData\Local\Temp\cczEvJk9.s 			page 6


 201 0016 0B       		.uleb128 0xb
 202 0017 0B       		.uleb128 0xb
 203 0018 3E       		.uleb128 0x3e
 204 0019 0B       		.uleb128 0xb
 205 001a 03       		.uleb128 0x3
 206 001b 0E       		.uleb128 0xe
 207 001c 00       		.byte	0
 208 001d 00       		.byte	0
 209 001e 03       		.uleb128 0x3
 210 001f 24       		.uleb128 0x24
 211 0020 00       		.byte	0
 212 0021 0B       		.uleb128 0xb
 213 0022 0B       		.uleb128 0xb
 214 0023 3E       		.uleb128 0x3e
 215 0024 0B       		.uleb128 0xb
 216 0025 03       		.uleb128 0x3
 217 0026 08       		.uleb128 0x8
 218 0027 00       		.byte	0
 219 0028 00       		.byte	0
 220 0029 04       		.uleb128 0x4
 221 002a 16       		.uleb128 0x16
 222 002b 00       		.byte	0
 223 002c 03       		.uleb128 0x3
 224 002d 0E       		.uleb128 0xe
 225 002e 3A       		.uleb128 0x3a
 226 002f 0B       		.uleb128 0xb
 227 0030 3B       		.uleb128 0x3b
 228 0031 0B       		.uleb128 0xb
 229 0032 49       		.uleb128 0x49
 230 0033 13       		.uleb128 0x13
 231 0034 00       		.byte	0
 232 0035 00       		.byte	0
 233 0036 05       		.uleb128 0x5
 234 0037 13       		.uleb128 0x13
 235 0038 01       		.byte	0x1
 236 0039 0B       		.uleb128 0xb
 237 003a 0B       		.uleb128 0xb
 238 003b 3A       		.uleb128 0x3a
 239 003c 0B       		.uleb128 0xb
 240 003d 3B       		.uleb128 0x3b
 241 003e 0B       		.uleb128 0xb
 242 003f 01       		.uleb128 0x1
 243 0040 13       		.uleb128 0x13
 244 0041 00       		.byte	0
 245 0042 00       		.byte	0
 246 0043 06       		.uleb128 0x6
 247 0044 0D       		.uleb128 0xd
 248 0045 00       		.byte	0
 249 0046 03       		.uleb128 0x3
 250 0047 0E       		.uleb128 0xe
 251 0048 3A       		.uleb128 0x3a
 252 0049 0B       		.uleb128 0xb
 253 004a 3B       		.uleb128 0x3b
 254 004b 0B       		.uleb128 0xb
 255 004c 49       		.uleb128 0x49
 256 004d 13       		.uleb128 0x13
 257 004e 38       		.uleb128 0x38
ARM GAS  C:\Users\BRIAN~1.SEA\AppData\Local\Temp\cczEvJk9.s 			page 7


 258 004f 0B       		.uleb128 0xb
 259 0050 00       		.byte	0
 260 0051 00       		.byte	0
 261 0052 07       		.uleb128 0x7
 262 0053 01       		.uleb128 0x1
 263 0054 01       		.byte	0x1
 264 0055 49       		.uleb128 0x49
 265 0056 13       		.uleb128 0x13
 266 0057 01       		.uleb128 0x1
 267 0058 13       		.uleb128 0x13
 268 0059 00       		.byte	0
 269 005a 00       		.byte	0
 270 005b 08       		.uleb128 0x8
 271 005c 21       		.uleb128 0x21
 272 005d 00       		.byte	0
 273 005e 49       		.uleb128 0x49
 274 005f 13       		.uleb128 0x13
 275 0060 2F       		.uleb128 0x2f
 276 0061 0B       		.uleb128 0xb
 277 0062 00       		.byte	0
 278 0063 00       		.byte	0
 279 0064 09       		.uleb128 0x9
 280 0065 2E       		.uleb128 0x2e
 281 0066 01       		.byte	0x1
 282 0067 3F       		.uleb128 0x3f
 283 0068 19       		.uleb128 0x19
 284 0069 03       		.uleb128 0x3
 285 006a 0E       		.uleb128 0xe
 286 006b 3A       		.uleb128 0x3a
 287 006c 0B       		.uleb128 0xb
 288 006d 3B       		.uleb128 0x3b
 289 006e 0B       		.uleb128 0xb
 290 006f 27       		.uleb128 0x27
 291 0070 19       		.uleb128 0x19
 292 0071 49       		.uleb128 0x49
 293 0072 13       		.uleb128 0x13
 294 0073 11       		.uleb128 0x11
 295 0074 01       		.uleb128 0x1
 296 0075 12       		.uleb128 0x12
 297 0076 06       		.uleb128 0x6
 298 0077 40       		.uleb128 0x40
 299 0078 18       		.uleb128 0x18
 300 0079 9742     		.uleb128 0x2117
 301 007b 19       		.uleb128 0x19
 302 007c 00       		.byte	0
 303 007d 00       		.byte	0
 304 007e 0A       		.uleb128 0xa
 305 007f 34       		.uleb128 0x34
 306 0080 00       		.byte	0
 307 0081 03       		.uleb128 0x3
 308 0082 0E       		.uleb128 0xe
 309 0083 3A       		.uleb128 0x3a
 310 0084 0B       		.uleb128 0xb
 311 0085 3B       		.uleb128 0x3b
 312 0086 0B       		.uleb128 0xb
 313 0087 49       		.uleb128 0x49
 314 0088 13       		.uleb128 0x13
ARM GAS  C:\Users\BRIAN~1.SEA\AppData\Local\Temp\cczEvJk9.s 			page 8


 315 0089 1C       		.uleb128 0x1c
 316 008a 0B       		.uleb128 0xb
 317 008b 00       		.byte	0
 318 008c 00       		.byte	0
 319 008d 00       		.byte	0
 320              		.section	.debug_aranges,"",%progbits
 321 0000 1C000000 		.4byte	0x1c
 322 0004 0200     		.2byte	0x2
 323 0006 00000000 		.4byte	.Ldebug_info0
 324 000a 04       		.byte	0x4
 325 000b 00       		.byte	0
 326 000c 0000     		.2byte	0
 327 000e 0000     		.2byte	0
 328 0010 00000000 		.4byte	.LFB0
 329 0014 18000000 		.4byte	.LFE0-.LFB0
 330 0018 00000000 		.4byte	0
 331 001c 00000000 		.4byte	0
 332              		.section	.debug_ranges,"",%progbits
 333              	.Ldebug_ranges0:
 334 0000 00000000 		.4byte	.LFB0
 335 0004 18000000 		.4byte	.LFE0
 336 0008 00000000 		.4byte	0
 337 000c 00000000 		.4byte	0
 338              		.section	.debug_line,"",%progbits
 339              	.Ldebug_line0:
 340 0000 6B000000 		.section	.debug_str,"MS",%progbits,1
 340      02005100 
 340      00000201 
 340      FB0E0D00 
 340      01010101 
 341              	.LASF6:
 342 0000 6C6F6E67 		.ascii	"long long int\000"
 342      206C6F6E 
 342      6720696E 
 342      7400
 343              	.LASF19:
 344 000e 65704461 		.ascii	"epData\000"
 344      746100
 345              	.LASF8:
 346 0015 756E7369 		.ascii	"unsigned int\000"
 346      676E6564 
 346      20696E74 
 346      00
 347              	.LASF20:
 348 0022 55534246 		.ascii	"USBFS_HandleVendorRqst\000"
 348      535F4861 
 348      6E646C65 
 348      56656E64 
 348      6F725271 
 349              	.LASF16:
 350 0039 474E5520 		.ascii	"GNU C11 5.4.1 20160609 (release) [ARM/embedded-5-br"
 350      43313120 
 350      352E342E 
 350      31203230 
 350      31363036 
 351 006c 616E6368 		.ascii	"anch revision 237715] -mcpu=cortex-m3 -mthumb -g -O"
 351      20726576 
ARM GAS  C:\Users\BRIAN~1.SEA\AppData\Local\Temp\cczEvJk9.s 			page 9


 351      6973696F 
 351      6E203233 
 351      37373135 
 352 009f 67202D66 		.ascii	"g -ffunction-sections -ffat-lto-objects\000"
 352      66756E63 
 352      74696F6E 
 352      2D736563 
 352      74696F6E 
 353              	.LASF14:
 354 00c7 75696E74 		.ascii	"uint8\000"
 354      3800
 355              	.LASF5:
 356 00cd 6C6F6E67 		.ascii	"long unsigned int\000"
 356      20756E73 
 356      69676E65 
 356      6420696E 
 356      7400
 357              	.LASF21:
 358 00df 72657175 		.ascii	"requestHandled\000"
 358      65737448 
 358      616E646C 
 358      656400
 359              	.LASF7:
 360 00ee 6C6F6E67 		.ascii	"long long unsigned int\000"
 360      206C6F6E 
 360      6720756E 
 360      7369676E 
 360      65642069 
 361              	.LASF9:
 362 0105 666C6F61 		.ascii	"float\000"
 362      7400
 363              	.LASF1:
 364 010b 756E7369 		.ascii	"unsigned char\000"
 364      676E6564 
 364      20636861 
 364      7200
 365              	.LASF11:
 366 0119 63686172 		.ascii	"char\000"
 366      00
 367              	.LASF15:
 368 011e 55534246 		.ascii	"USBFS_ep0_data_struct\000"
 368      535F6570 
 368      305F6461 
 368      74615F73 
 368      74727563 
 369              	.LASF4:
 370 0134 6C6F6E67 		.ascii	"long int\000"
 370      20696E74 
 370      00
 371              	.LASF18:
 372 013d 433A5C5F 		.ascii	"C:\\_User\\GitHub Projects\\PulseGen\\PulseGen.cywr"
 372      55736572 
 372      5C476974 
 372      48756220 
 372      50726F6A 
 373 016c 6B5F2E41 		.ascii	"k_.Archive01\\Design93\\PulseGenerator.cydsn\000"
 373      72636869 
ARM GAS  C:\Users\BRIAN~1.SEA\AppData\Local\Temp\cczEvJk9.s 			page 10


 373      76653031 
 373      5C446573 
 373      69676E39 
 374              	.LASF10:
 375 0197 646F7562 		.ascii	"double\000"
 375      6C6500
 376              	.LASF3:
 377 019e 73686F72 		.ascii	"short unsigned int\000"
 377      7420756E 
 377      7369676E 
 377      65642069 
 377      6E7400
 378              	.LASF0:
 379 01b1 7369676E 		.ascii	"signed char\000"
 379      65642063 
 379      68617200 
 380              	.LASF12:
 381 01bd 6C6F6E67 		.ascii	"long double\000"
 381      20646F75 
 381      626C6500 
 382              	.LASF2:
 383 01c9 73686F72 		.ascii	"short int\000"
 383      7420696E 
 383      7400
 384              	.LASF17:
 385 01d3 47656E65 		.ascii	"Generated_Source\\PSoC5\\USBFS_vnd.c\000"
 385      72617465 
 385      645F536F 
 385      75726365 
 385      5C50536F 
 386              	.LASF13:
 387 01f6 73697A65 		.ascii	"sizetype\000"
 387      74797065 
 387      00
 388              		.ident	"GCC: (GNU Tools for ARM Embedded Processors) 5.4.1 20160609 (release) [ARM/embedded-5-bran
