--------------- Build Started: 08/12/2021 14:35:51 Project: PulseGenerator, Configuration: ARM GCC 5.4-2016-q2-update Debug ---------------
cydsfit.exe -.appdatapath "C:\Users\brian.seaholm\AppData\Local\Cypress Semiconductor\PSoC Creator\4.1" -.fdsnotice -.fdswarpdepfile=warp_dependencies.txt -.fdselabdepfile=elab_dependencies.txt -.fdsbldfile=generated_files.txt -.fdsreffile=referenced_files.txt -p "C:\_User\GitHub Projects\PulseGen\PulseGen.cywrk_.Archive01\Design93\PulseGenerator.cydsn\PulseGenerator.cyprj" -d CY8C5888LTI-LP097 -s "C:\_User\GitHub Projects\PulseGen\PulseGen.cywrk_.Archive01\Design93\PulseGenerator.cydsn\Generated_Source\PSoC5" -- -yv2 -q10 -ygs -o2 -v3 -.fftcfgtype=LE
Elaborating Design...
HDL Generation...
Synthesis...
Tech Mapping...
ADD: pft.M0040: information: The following 2 pin(s) will be assigned a location by the fitter: \USBFS:Dm(0)\, \USBFS:Dp(0)\
Analog Placement...
Analog Routing...
Analog Code Generation...
Digital Placement...
Digital Routing...
Bitstream Generation...
Bitstream Verification...
Static timing analysis...
API Generation...
Dependency Generation...
Cleanup...
arm-none-eabi-gcc.exe -mcpu=cortex-m3 -mthumb -I..\AMC_Lib\include -I.. -I. -IGenerated_Source\PSoC5 -Wa,-alh=.\CortexM3\ARM_GCC_541\Debug/USBFS_descr.lst -g -D DEBUG -Wall -ffunction-sections -ffat-lto-objects -Og -c Generated_Source\PSoC5\USBFS_descr.c -o .\CortexM3\ARM_GCC_541\Debug\USBFS_descr.o
arm-none-eabi-ar.exe -rs .\CortexM3\ARM_GCC_541\Debug\PulseGenerator.a .\CortexM3\ARM_GCC_541\Debug\Timer1.o .\CortexM3\ARM_GCC_541\Debug\Timer1_PM.o .\CortexM3\ARM_GCC_541\Debug\TrigPulseTrain.o .\CortexM3\ARM_GCC_541\Debug\TrigPulseTrain_PM.o .\CortexM3\ARM_GCC_541\Debug\Clock_1.o .\CortexM3\ARM_GCC_541\Debug\PulseTrainOut.o .\CortexM3\ARM_GCC_541\Debug\USBFS.o .\CortexM3\ARM_GCC_541\Debug\USBFS_audio.o .\CortexM3\ARM_GCC_541\Debug\USBFS_boot.o .\CortexM3\ARM_GCC_541\Debug\USBFS_cdc.o .\CortexM3\ARM_GCC_541\Debug\USBFS_cls.o .\CortexM3\ARM_GCC_541\Debug\USBFS_descr.o .\CortexM3\ARM_GCC_541\Debug\USBFS_drv.o .\CortexM3\ARM_GCC_541\Debug\USBFS_episr.o .\CortexM3\ARM_GCC_541\Debug\USBFS_hid.o .\CortexM3\ARM_GCC_541\Debug\USBFS_pm.o .\CortexM3\ARM_GCC_541\Debug\USBFS_std.o .\CortexM3\ARM_GCC_541\Debug\USBFS_vnd.o .\CortexM3\ARM_GCC_541\Debug\USBFS_midi.o .\CortexM3\ARM_GCC_541\Debug\USBFS_msc.o .\CortexM3\ARM_GCC_541\Debug\USBFS_Dm.o .\CortexM3\ARM_GCC_541\Debug\USBFS_Dp.o .\CortexM3\ARM_GCC_541\Debug\CyDmac.o .\CortexM3\ARM_GCC_541\Debug\CyFlash.o .\CortexM3\ARM_GCC_541\Debug\CyLib.o .\CortexM3\ARM_GCC_541\Debug\cyPm.o .\CortexM3\ARM_GCC_541\Debug\CySpc.o .\CortexM3\ARM_GCC_541\Debug\cyutils.o .\CortexM3\ARM_GCC_541\Debug\Enable.o .\CortexM3\ARM_GCC_541\Debug\EnableAndDirection.o .\CortexM3\ARM_GCC_541\Debug\EnableAndDirection_PM.o .\CortexM3\ARM_GCC_541\Debug\Direction.o .\CortexM3\ARM_GCC_541\Debug\CyBootAsmGnu.o
arm-none-eabi-ar.exe: creating .\CortexM3\ARM_GCC_541\Debug\PulseGenerator.a
arm-none-eabi-gcc.exe -Wl,--start-group -o "C:\_User\GitHub Projects\PulseGen\PulseGen.cywrk_.Archive01\Design93\PulseGenerator.cydsn\CortexM3\ARM_GCC_541\Debug\PulseGenerator.elf" .\CortexM3\ARM_GCC_541\Debug\main.o .\CortexM3\ARM_GCC_541\Debug\usb.o .\CortexM3\ARM_GCC_541\Debug\eeprom_amc.o .\CortexM3\ARM_GCC_541\Debug\cyfitter_cfg.o .\CortexM3\ARM_GCC_541\Debug\cymetadata.o .\CortexM3\ARM_GCC_541\Debug\Cm3Start.o .\CortexM3\ARM_GCC_541\Debug\PulseGenerator.a "C:\Program Files (x86)\Cypress\PSoC Creator\4.1\PSoC Creator\psoc\content\cycomponentlibrary\CyComponentLibrary.cylib\CortexM3\ARM_GCC_541\Debug\CyComponentLibrary.a" -mcpu=cortex-m3 -mthumb -L Generated_Source\PSoC5 -Wl,-Map,.\CortexM3\ARM_GCC_541\Debug/PulseGenerator.map -T Generated_Source\PSoC5\cm3gcc.ld -specs=nano.specs -Wl,--gc-sections -g -ffunction-sections -Og -ffat-lto-objects -Wl,--end-group
cyelftool.exe -C "C:\_User\GitHub Projects\PulseGen\PulseGen.cywrk_.Archive01\Design93\PulseGenerator.cydsn\CortexM3\ARM_GCC_541\Debug\PulseGenerator.elf" --flash_row_size 256 --flash_size 262144 --flash_offset 0x00000000
cyelftool.exe -S "C:\_User\GitHub Projects\PulseGen\PulseGen.cywrk_.Archive01\Design93\PulseGenerator.cydsn\CortexM3\ARM_GCC_541\Debug\PulseGenerator.elf"
Flash used: 8766 of 262144 bytes (3.3%).
SRAM used: 2881 of 65536 bytes (4.4%). Stack: 2048 bytes. Heap: 128 bytes.
--------------- Build Succeeded: 08/12/2021 14:35:59 ---------------
