--------------- Clean Started: 08/11/2021 16:41:24 Project: PulseGenerator, Configuration: ARM GCC 5.4-2016-q2-update Debug ---------------
Deleting file ".\CortexM3\ARM_GCC_541\Debug\main.o"
Deleting file ".\CortexM3\ARM_GCC_541\Debug\usb.o"
Deleting file ".\CortexM3\ARM_GCC_541\Debug\eeprom_amc.o"
Deleting file ".\CortexM3\ARM_GCC_541\Debug\cyfitter_cfg.o"
Deleting file ".\CortexM3\ARM_GCC_541\Debug\cymetadata.o"
Deleting file ".\CortexM3\ARM_GCC_541\Debug\Timer1.o"
Deleting file ".\CortexM3\ARM_GCC_541\Debug\Timer1_PM.o"
Deleting file ".\CortexM3\ARM_GCC_541\Debug\Tc.o"
Deleting file ".\CortexM3\ARM_GCC_541\Debug\TRIGout.o"
Deleting file ".\CortexM3\ARM_GCC_541\Debug\TrigPulseTrain.o"
Deleting file ".\CortexM3\ARM_GCC_541\Debug\TrigPulseTrain_PM.o"
Deleting file ".\CortexM3\ARM_GCC_541\Debug\Clock_1.o"
Deleting file ".\CortexM3\ARM_GCC_541\Debug\PulseTrainOut.o"
Deleting file ".\CortexM3\ARM_GCC_541\Debug\Dout.o"
Deleting file ".\CortexM3\ARM_GCC_541\Debug\USBFS.o"
Deleting file ".\CortexM3\ARM_GCC_541\Debug\USBFS_audio.o"
Deleting file ".\CortexM3\ARM_GCC_541\Debug\USBFS_boot.o"
Deleting file ".\CortexM3\ARM_GCC_541\Debug\USBFS_cdc.o"
Deleting file ".\CortexM3\ARM_GCC_541\Debug\USBFS_cls.o"
Deleting file ".\CortexM3\ARM_GCC_541\Debug\USBFS_descr.o"
Deleting file ".\CortexM3\ARM_GCC_541\Debug\USBFS_drv.o"
Deleting file ".\CortexM3\ARM_GCC_541\Debug\USBFS_episr.o"
Deleting file ".\CortexM3\ARM_GCC_541\Debug\USBFS_hid.o"
Deleting file ".\CortexM3\ARM_GCC_541\Debug\USBFS_pm.o"
Deleting file ".\CortexM3\ARM_GCC_541\Debug\USBFS_std.o"
Deleting file ".\CortexM3\ARM_GCC_541\Debug\USBFS_vnd.o"
Deleting file ".\CortexM3\ARM_GCC_541\Debug\USBFS_midi.o"
Deleting file ".\CortexM3\ARM_GCC_541\Debug\USBFS_msc.o"
Deleting file ".\CortexM3\ARM_GCC_541\Debug\USBFS_Dm.o"
Deleting file ".\CortexM3\ARM_GCC_541\Debug\USBFS_Dp.o"
Deleting file ".\CortexM3\ARM_GCC_541\Debug\Cm3Start.o"
Deleting file ".\CortexM3\ARM_GCC_541\Debug\CyBootAsmGnu.o"
Deleting file ".\CortexM3\ARM_GCC_541\Debug\CyDmac.o"
Deleting file ".\CortexM3\ARM_GCC_541\Debug\CyFlash.o"
Deleting file ".\CortexM3\ARM_GCC_541\Debug\CyLib.o"
Deleting file ".\CortexM3\ARM_GCC_541\Debug\cyPm.o"
Deleting file ".\CortexM3\ARM_GCC_541\Debug\CySpc.o"
Deleting file ".\CortexM3\ARM_GCC_541\Debug\cyutils.o"
Deleting file ".\CortexM3\ARM_GCC_541\Debug\PulseGenerator.hex"
Deleting file ".\CortexM3\ARM_GCC_541\Debug\PulseGenerator.elf"
Deleting file ".\CortexM3\ARM_GCC_541\Debug\PulseGenerator.map"
Deleting file ".\PulseGenerator.cycdx"
Deleting file ".\PulseGenerator.svd"
Deleting file ".\PulseGenerator.rpt"
Deleting file ".\PulseGenerator_timing.html"
Deleting file ".\CortexM3\ARM_GCC_541\Debug\.deps\SOURCE_C__ARM_GCC_GENERIC.P"
Deleting file ".\CortexM3\ARM_GCC_541\Debug\.deps\SOURCE_ASM__ARM_GCC_GENERIC.P"
--------------- Clean Succeeded: 08/11/2021 16:41:24 ---------------
